-- Found ament_cmake: 1.3.8 (/opt/ros/humble/share/ament_cmake/cmake)
-- Override CMake install command with custom implementation using symlinks instead of copying resources
-- Found ament_lint_auto: 0.12.10 (/opt/ros/humble/share/ament_lint_auto/cmake)
-- Added test 'copyright' to check source files copyright and LICENSE
-- Added test 'lint_cmake' to check CMake code style
-- Added test 'xmllint' to check XML markup files
-- Configuring done
-- Generating done
-- Build files have been written to: /home/jongo/ros2_ws/build/orbbec_description
-- Install configuration: "Release"
-- Execute custom install script
-- Symlinking: /home/jongo/ros2_ws/install/orbbec_description/share/ament_index/resource_index/package_run_dependencies/orbbec_description
-- Symlinking: /home/jongo/ros2_ws/install/orbbec_description/share/ament_index/resource_index/parent_prefix_path/orbbec_description
-- Symlinking: /home/jongo/ros2_ws/install/orbbec_description/share/orbbec_description/environment/ament_prefix_path.sh
-- Symlinking: /home/jongo/ros2_ws/install/orbbec_description/share/orbbec_description/environment/ament_prefix_path.dsv
-- Symlinking: /home/jongo/ros2_ws/install/orbbec_description/share/orbbec_description/environment/path.sh
-- Symlinking: /home/jongo/ros2_ws/install/orbbec_description/share/orbbec_description/environment/path.dsv
-- Symlinking: /home/jongo/ros2_ws/install/orbbec_description/share/orbbec_description/local_setup.bash
-- Symlinking: /home/jongo/ros2_ws/install/orbbec_description/share/orbbec_description/local_setup.sh
-- Symlinking: /home/jongo/ros2_ws/install/orbbec_description/share/orbbec_description/local_setup.zsh
-- Symlinking: /home/jongo/ros2_ws/install/orbbec_description/share/orbbec_description/local_setup.dsv
-- Symlinking: /home/jongo/ros2_ws/install/orbbec_description/share/orbbec_description/package.dsv
-- Symlinking: /home/jongo/ros2_ws/install/orbbec_description/share/ament_index/resource_index/packages/orbbec_description
-- Symlinking: /home/jongo/ros2_ws/install/orbbec_description/share/orbbec_description/cmake/orbbec_descriptionConfig.cmake
-- Symlinking: /home/jongo/ros2_ws/install/orbbec_description/share/orbbec_description/cmake/orbbec_descriptionConfig-version.cmake
-- Symlinking: /home/jongo/ros2_ws/install/orbbec_description/share/orbbec_description/package.xml
