[2.414s] DEBUG:colcon:Command line arguments: ['/usr/bin/colcon', 'list', '-p', '--base-paths', '/home/jongo/ros2_ws']
[2.415s] DEBUG:colcon:Parsed command line arguments: Namespace(log_base=None, log_level=None, verb_name='list', build_base='build', ignore_user_meta=False, metas=['./colcon.meta'], base_paths=['/home/jongo/ros2_ws'], packages_ignore=None, packages_ignore_regex=None, paths=None, packages_up_to=None, packages_up_to_regex=None, packages_above=None, packages_above_and_dependencies=None, packages_above_depth=None, packages_select_by_dep=None, packages_skip_by_dep=None, packages_skip_up_to=None, packages_select_build_failed=False, packages_skip_build_finished=False, packages_select_test_failures=False, packages_skip_test_passed=False, packages_select=None, packages_skip=None, packages_select_regex=None, packages_skip_regex=None, packages_start=None, packages_end=None, allow_overriding=[], topological_order=False, names_only=False, paths_only=True, topological_graph=False, topological_graph_dot=False, topological_graph_density=False, topological_graph_legend=False, topological_graph_dot_cluster=False, topological_graph_dot_include_skipped=False, verb_parser=<colcon_defaults.argument_parser.defaults.DefaultArgumentsDecorator object at 0xffff80936ad0>, verb_extension=<colcon_package_information.verb.list.ListVerb object at 0xffff80935c90>, main=<bound method ListVerb.main of <colcon_package_information.verb.list.ListVerb object at 0xffff80935c90>>)
[7.443s] Level 1:colcon.colcon_core.package_discovery:discover_packages(colcon_meta) check parameters
[7.445s] Level 1:colcon.colcon_core.package_discovery:discover_packages(recursive) check parameters
[7.446s] Level 1:colcon.colcon_core.package_discovery:discover_packages(ignore) check parameters
[7.446s] Level 1:colcon.colcon_core.package_discovery:discover_packages(path) check parameters
[7.447s] Level 1:colcon.colcon_core.package_discovery:discover_packages(recursive) discover
[7.449s] INFO:colcon.colcon_core.package_discovery:Crawling recursively for packages in '/home/jongo/ros2_ws'
[7.450s] Level 1:colcon.colcon_core.package_identification:_identify(/home/jongo/ros2_ws) by extensions ['ignore', 'ignore_ament_install']
[7.453s] Level 1:colcon.colcon_core.package_identification:_identify(/home/jongo/ros2_ws) by extension 'ignore'
[7.454s] Level 1:colcon.colcon_core.package_identification:_identify(/home/jongo/ros2_ws) by extension 'ignore_ament_install'
[7.455s] Level 1:colcon.colcon_core.package_identification:_identify(/home/jongo/ros2_ws) by extensions ['colcon_pkg']
[7.456s] Level 1:colcon.colcon_core.package_identification:_identify(/home/jongo/ros2_ws) by extension 'colcon_pkg'
[7.458s] Level 1:colcon.colcon_core.package_identification:_identify(/home/jongo/ros2_ws) by extensions ['colcon_meta']
[7.459s] Level 1:colcon.colcon_core.package_identification:_identify(/home/jongo/ros2_ws) by extension 'colcon_meta'
[7.460s] Level 1:colcon.colcon_core.package_identification:_identify(/home/jongo/ros2_ws) by extensions ['ros']
[7.461s] Level 1:colcon.colcon_core.package_identification:_identify(/home/jongo/ros2_ws) by extension 'ros'
[7.814s] Level 1:colcon.colcon_core.package_identification:_identify(/home/jongo/ros2_ws) by extensions ['cmake', 'python']
[7.815s] Level 1:colcon.colcon_core.package_identification:_identify(/home/jongo/ros2_ws) by extension 'cmake'
[7.815s] Level 1:colcon.colcon_core.package_identification:_identify(/home/jongo/ros2_ws) by extension 'python'
[7.816s] Level 1:colcon.colcon_core.package_identification:_identify(/home/jongo/ros2_ws) by extensions ['python_setup_py']
[7.832s] Level 1:colcon.colcon_core.package_identification:_identify(/home/jongo/ros2_ws) by extension 'python_setup_py'
[7.833s] Level 1:colcon.colcon_core.package_identification:_identify(/home/jongo/ros2_ws/build) by extensions ['ignore', 'ignore_ament_install']
[7.834s] Level 1:colcon.colcon_core.package_identification:_identify(/home/jongo/ros2_ws/build) by extension 'ignore'
[7.835s] Level 1:colcon.colcon_core.package_identification:_identify(/home/jongo/ros2_ws/build) ignored
[7.836s] Level 1:colcon.colcon_core.package_identification:_identify(/home/jongo/ros2_ws/install) by extensions ['ignore', 'ignore_ament_install']
[7.837s] Level 1:colcon.colcon_core.package_identification:_identify(/home/jongo/ros2_ws/install) by extension 'ignore'
[7.837s] Level 1:colcon.colcon_core.package_identification:_identify(/home/jongo/ros2_ws/install) ignored
[7.839s] Level 1:colcon.colcon_core.package_identification:_identify(/home/jongo/ros2_ws/log) by extensions ['ignore', 'ignore_ament_install']
[7.839s] Level 1:colcon.colcon_core.package_identification:_identify(/home/jongo/ros2_ws/log) by extension 'ignore'
[7.840s] Level 1:colcon.colcon_core.package_identification:_identify(/home/jongo/ros2_ws/log) ignored
[7.872s] Level 1:colcon.colcon_core.package_identification:_identify(/home/jongo/ros2_ws/src) by extensions ['ignore', 'ignore_ament_install']
[7.874s] Level 1:colcon.colcon_core.package_identification:_identify(/home/jongo/ros2_ws/src) by extension 'ignore'
[7.875s] Level 1:colcon.colcon_core.package_identification:_identify(/home/jongo/ros2_ws/src) by extension 'ignore_ament_install'
[7.877s] Level 1:colcon.colcon_core.package_identification:_identify(/home/jongo/ros2_ws/src) by extensions ['colcon_pkg']
[7.877s] Level 1:colcon.colcon_core.package_identification:_identify(/home/jongo/ros2_ws/src) by extension 'colcon_pkg'
[7.878s] Level 1:colcon.colcon_core.package_identification:_identify(/home/jongo/ros2_ws/src) by extensions ['colcon_meta']
[7.883s] Level 1:colcon.colcon_core.package_identification:_identify(/home/jongo/ros2_ws/src) by extension 'colcon_meta'
[7.883s] Level 1:colcon.colcon_core.package_identification:_identify(/home/jongo/ros2_ws/src) by extensions ['ros']
[7.884s] Level 1:colcon.colcon_core.package_identification:_identify(/home/jongo/ros2_ws/src) by extension 'ros'
[7.897s] Level 1:colcon.colcon_core.package_identification:_identify(/home/jongo/ros2_ws/src) by extensions ['cmake', 'python']
[7.897s] Level 1:colcon.colcon_core.package_identification:_identify(/home/jongo/ros2_ws/src) by extension 'cmake'
[7.898s] Level 1:colcon.colcon_core.package_identification:_identify(/home/jongo/ros2_ws/src) by extension 'python'
[7.898s] Level 1:colcon.colcon_core.package_identification:_identify(/home/jongo/ros2_ws/src) by extensions ['python_setup_py']
[7.898s] Level 1:colcon.colcon_core.package_identification:_identify(/home/jongo/ros2_ws/src) by extension 'python_setup_py'
[7.899s] Level 1:colcon.colcon_core.package_identification:_identify(/home/jongo/ros2_ws/src/OrbbecSDK_ROS2) by extensions ['ignore', 'ignore_ament_install']
[7.900s] Level 1:colcon.colcon_core.package_identification:_identify(/home/jongo/ros2_ws/src/OrbbecSDK_ROS2) by extension 'ignore'
[7.908s] Level 1:colcon.colcon_core.package_identification:_identify(/home/jongo/ros2_ws/src/OrbbecSDK_ROS2) by extension 'ignore_ament_install'
[7.909s] Level 1:colcon.colcon_core.package_identification:_identify(/home/jongo/ros2_ws/src/OrbbecSDK_ROS2) by extensions ['colcon_pkg']
[7.909s] Level 1:colcon.colcon_core.package_identification:_identify(/home/jongo/ros2_ws/src/OrbbecSDK_ROS2) by extension 'colcon_pkg'
[7.910s] Level 1:colcon.colcon_core.package_identification:_identify(/home/jongo/ros2_ws/src/OrbbecSDK_ROS2) by extensions ['colcon_meta']
[7.910s] Level 1:colcon.colcon_core.package_identification:_identify(/home/jongo/ros2_ws/src/OrbbecSDK_ROS2) by extension 'colcon_meta'
[7.911s] Level 1:colcon.colcon_core.package_identification:_identify(/home/jongo/ros2_ws/src/OrbbecSDK_ROS2) by extensions ['ros']
[7.911s] Level 1:colcon.colcon_core.package_identification:_identify(/home/jongo/ros2_ws/src/OrbbecSDK_ROS2) by extension 'ros'
[7.912s] Level 1:colcon.colcon_core.package_identification:_identify(/home/jongo/ros2_ws/src/OrbbecSDK_ROS2) by extensions ['cmake', 'python']
[7.912s] Level 1:colcon.colcon_core.package_identification:_identify(/home/jongo/ros2_ws/src/OrbbecSDK_ROS2) by extension 'cmake'
[7.913s] Level 1:colcon.colcon_core.package_identification:_identify(/home/jongo/ros2_ws/src/OrbbecSDK_ROS2) by extension 'python'
[7.913s] Level 1:colcon.colcon_core.package_identification:_identify(/home/jongo/ros2_ws/src/OrbbecSDK_ROS2) by extensions ['python_setup_py']
[7.914s] Level 1:colcon.colcon_core.package_identification:_identify(/home/jongo/ros2_ws/src/OrbbecSDK_ROS2) by extension 'python_setup_py'
[7.915s] Level 1:colcon.colcon_core.package_identification:_identify(/home/jongo/ros2_ws/src/OrbbecSDK_ROS2/orbbec_camera) by extensions ['ignore', 'ignore_ament_install']
[7.916s] Level 1:colcon.colcon_core.package_identification:_identify(/home/jongo/ros2_ws/src/OrbbecSDK_ROS2/orbbec_camera) by extension 'ignore'
[7.933s] Level 1:colcon.colcon_core.package_identification:_identify(/home/jongo/ros2_ws/src/OrbbecSDK_ROS2/orbbec_camera) by extension 'ignore_ament_install'
[7.933s] Level 1:colcon.colcon_core.package_identification:_identify(/home/jongo/ros2_ws/src/OrbbecSDK_ROS2/orbbec_camera) by extensions ['colcon_pkg']
[7.934s] Level 1:colcon.colcon_core.package_identification:_identify(/home/jongo/ros2_ws/src/OrbbecSDK_ROS2/orbbec_camera) by extension 'colcon_pkg'
[7.934s] Level 1:colcon.colcon_core.package_identification:_identify(/home/jongo/ros2_ws/src/OrbbecSDK_ROS2/orbbec_camera) by extensions ['colcon_meta']
[7.935s] Level 1:colcon.colcon_core.package_identification:_identify(/home/jongo/ros2_ws/src/OrbbecSDK_ROS2/orbbec_camera) by extension 'colcon_meta'
[7.935s] Level 1:colcon.colcon_core.package_identification:_identify(/home/jongo/ros2_ws/src/OrbbecSDK_ROS2/orbbec_camera) by extensions ['ros']
[7.935s] Level 1:colcon.colcon_core.package_identification:_identify(/home/jongo/ros2_ws/src/OrbbecSDK_ROS2/orbbec_camera) by extension 'ros'
[8.028s] DEBUG:colcon.colcon_core.package_identification:Package '/home/jongo/ros2_ws/src/OrbbecSDK_ROS2/orbbec_camera' with type 'ros.ament_cmake' and name 'orbbec_camera'
[8.030s] Level 1:colcon.colcon_core.package_identification:_identify(/home/jongo/ros2_ws/src/OrbbecSDK_ROS2/orbbec_camera_msgs) by extensions ['ignore', 'ignore_ament_install']
[8.059s] Level 1:colcon.colcon_core.package_identification:_identify(/home/jongo/ros2_ws/src/OrbbecSDK_ROS2/orbbec_camera_msgs) by extension 'ignore'
[8.059s] Level 1:colcon.colcon_core.package_identification:_identify(/home/jongo/ros2_ws/src/OrbbecSDK_ROS2/orbbec_camera_msgs) by extension 'ignore_ament_install'
[8.060s] Level 1:colcon.colcon_core.package_identification:_identify(/home/jongo/ros2_ws/src/OrbbecSDK_ROS2/orbbec_camera_msgs) by extensions ['colcon_pkg']
[8.060s] Level 1:colcon.colcon_core.package_identification:_identify(/home/jongo/ros2_ws/src/OrbbecSDK_ROS2/orbbec_camera_msgs) by extension 'colcon_pkg'
[8.061s] Level 1:colcon.colcon_core.package_identification:_identify(/home/jongo/ros2_ws/src/OrbbecSDK_ROS2/orbbec_camera_msgs) by extensions ['colcon_meta']
[8.061s] Level 1:colcon.colcon_core.package_identification:_identify(/home/jongo/ros2_ws/src/OrbbecSDK_ROS2/orbbec_camera_msgs) by extension 'colcon_meta'
[8.062s] Level 1:colcon.colcon_core.package_identification:_identify(/home/jongo/ros2_ws/src/OrbbecSDK_ROS2/orbbec_camera_msgs) by extensions ['ros']
[8.062s] Level 1:colcon.colcon_core.package_identification:_identify(/home/jongo/ros2_ws/src/OrbbecSDK_ROS2/orbbec_camera_msgs) by extension 'ros'
[8.066s] DEBUG:colcon.colcon_core.package_identification:Package '/home/jongo/ros2_ws/src/OrbbecSDK_ROS2/orbbec_camera_msgs' with type 'ros.ament_cmake' and name 'orbbec_camera_msgs'
[8.067s] Level 1:colcon.colcon_core.package_identification:_identify(/home/jongo/ros2_ws/src/OrbbecSDK_ROS2/orbbec_description) by extensions ['ignore', 'ignore_ament_install']
[8.067s] Level 1:colcon.colcon_core.package_identification:_identify(/home/jongo/ros2_ws/src/OrbbecSDK_ROS2/orbbec_description) by extension 'ignore'
[8.068s] Level 1:colcon.colcon_core.package_identification:_identify(/home/jongo/ros2_ws/src/OrbbecSDK_ROS2/orbbec_description) by extension 'ignore_ament_install'
[8.094s] Level 1:colcon.colcon_core.package_identification:_identify(/home/jongo/ros2_ws/src/OrbbecSDK_ROS2/orbbec_description) by extensions ['colcon_pkg']
[8.094s] Level 1:colcon.colcon_core.package_identification:_identify(/home/jongo/ros2_ws/src/OrbbecSDK_ROS2/orbbec_description) by extension 'colcon_pkg'
[8.095s] Level 1:colcon.colcon_core.package_identification:_identify(/home/jongo/ros2_ws/src/OrbbecSDK_ROS2/orbbec_description) by extensions ['colcon_meta']
[8.095s] Level 1:colcon.colcon_core.package_identification:_identify(/home/jongo/ros2_ws/src/OrbbecSDK_ROS2/orbbec_description) by extension 'colcon_meta'
[8.096s] Level 1:colcon.colcon_core.package_identification:_identify(/home/jongo/ros2_ws/src/OrbbecSDK_ROS2/orbbec_description) by extensions ['ros']
[8.096s] Level 1:colcon.colcon_core.package_identification:_identify(/home/jongo/ros2_ws/src/OrbbecSDK_ROS2/orbbec_description) by extension 'ros'
[8.099s] DEBUG:colcon.colcon_core.package_identification:Package '/home/jongo/ros2_ws/src/OrbbecSDK_ROS2/orbbec_description' with type 'ros.ament_cmake' and name 'orbbec_description'
[8.100s] Level 1:colcon.colcon_core.package_identification:_identify(/home/jongo/ros2_ws/src/RPi_Ubuntu2204_3D_Depth_Camera) by extensions ['ignore', 'ignore_ament_install']
[8.125s] Level 1:colcon.colcon_core.package_identification:_identify(/home/jongo/ros2_ws/src/RPi_Ubuntu2204_3D_Depth_Camera) by extension 'ignore'
[8.126s] Level 1:colcon.colcon_core.package_identification:_identify(/home/jongo/ros2_ws/src/RPi_Ubuntu2204_3D_Depth_Camera) by extension 'ignore_ament_install'
[8.126s] Level 1:colcon.colcon_core.package_identification:_identify(/home/jongo/ros2_ws/src/RPi_Ubuntu2204_3D_Depth_Camera) by extensions ['colcon_pkg']
[8.127s] Level 1:colcon.colcon_core.package_identification:_identify(/home/jongo/ros2_ws/src/RPi_Ubuntu2204_3D_Depth_Camera) by extension 'colcon_pkg'
[8.127s] Level 1:colcon.colcon_core.package_identification:_identify(/home/jongo/ros2_ws/src/RPi_Ubuntu2204_3D_Depth_Camera) by extensions ['colcon_meta']
[8.127s] Level 1:colcon.colcon_core.package_identification:_identify(/home/jongo/ros2_ws/src/RPi_Ubuntu2204_3D_Depth_Camera) by extension 'colcon_meta'
[8.128s] Level 1:colcon.colcon_core.package_identification:_identify(/home/jongo/ros2_ws/src/RPi_Ubuntu2204_3D_Depth_Camera) by extensions ['ros']
[8.128s] Level 1:colcon.colcon_core.package_identification:_identify(/home/jongo/ros2_ws/src/RPi_Ubuntu2204_3D_Depth_Camera) by extension 'ros'
[8.129s] Level 1:colcon.colcon_core.package_identification:_identify(/home/jongo/ros2_ws/src/RPi_Ubuntu2204_3D_Depth_Camera) by extensions ['cmake', 'python']
[8.129s] Level 1:colcon.colcon_core.package_identification:_identify(/home/jongo/ros2_ws/src/RPi_Ubuntu2204_3D_Depth_Camera) by extension 'cmake'
[8.130s] Level 1:colcon.colcon_core.package_identification:_identify(/home/jongo/ros2_ws/src/RPi_Ubuntu2204_3D_Depth_Camera) by extension 'python'
[8.130s] Level 1:colcon.colcon_core.package_identification:_identify(/home/jongo/ros2_ws/src/RPi_Ubuntu2204_3D_Depth_Camera) by extensions ['python_setup_py']
[8.131s] Level 1:colcon.colcon_core.package_identification:_identify(/home/jongo/ros2_ws/src/RPi_Ubuntu2204_3D_Depth_Camera) by extension 'python_setup_py'
[8.132s] Level 1:colcon.colcon_core.package_identification:_identify(/home/jongo/ros2_ws/src/damin_robot1) by extensions ['ignore', 'ignore_ament_install']
[8.173s] Level 1:colcon.colcon_core.package_identification:_identify(/home/jongo/ros2_ws/src/damin_robot1) by extension 'ignore'
[8.174s] Level 1:colcon.colcon_core.package_identification:_identify(/home/jongo/ros2_ws/src/damin_robot1) by extension 'ignore_ament_install'
[8.174s] Level 1:colcon.colcon_core.package_identification:_identify(/home/jongo/ros2_ws/src/damin_robot1) by extensions ['colcon_pkg']
[8.175s] Level 1:colcon.colcon_core.package_identification:_identify(/home/jongo/ros2_ws/src/damin_robot1) by extension 'colcon_pkg'
[8.175s] Level 1:colcon.colcon_core.package_identification:_identify(/home/jongo/ros2_ws/src/damin_robot1) by extensions ['colcon_meta']
[8.175s] Level 1:colcon.colcon_core.package_identification:_identify(/home/jongo/ros2_ws/src/damin_robot1) by extension 'colcon_meta'
[8.176s] Level 1:colcon.colcon_core.package_identification:_identify(/home/jongo/ros2_ws/src/damin_robot1) by extensions ['ros']
[8.176s] Level 1:colcon.colcon_core.package_identification:_identify(/home/jongo/ros2_ws/src/damin_robot1) by extension 'ros'
[8.180s] DEBUG:colcon.colcon_core.package_identification:Package '/home/jongo/ros2_ws/src/damin_robot1' with type 'ros.ament_python' and name 'damin_robot1'
[8.205s] Level 1:colcon.colcon_core.package_identification:_identify(/home/jongo/ros2_ws/src/ld06lidar_pkg) by extensions ['ignore', 'ignore_ament_install']
[8.206s] Level 1:colcon.colcon_core.package_identification:_identify(/home/jongo/ros2_ws/src/ld06lidar_pkg) by extension 'ignore'
[8.206s] Level 1:colcon.colcon_core.package_identification:_identify(/home/jongo/ros2_ws/src/ld06lidar_pkg) by extension 'ignore_ament_install'
[8.207s] Level 1:colcon.colcon_core.package_identification:_identify(/home/jongo/ros2_ws/src/ld06lidar_pkg) by extensions ['colcon_pkg']
[8.216s] Level 1:colcon.colcon_core.package_identification:_identify(/home/jongo/ros2_ws/src/ld06lidar_pkg) by extension 'colcon_pkg'
[8.217s] Level 1:colcon.colcon_core.package_identification:_identify(/home/jongo/ros2_ws/src/ld06lidar_pkg) by extensions ['colcon_meta']
[8.218s] Level 1:colcon.colcon_core.package_identification:_identify(/home/jongo/ros2_ws/src/ld06lidar_pkg) by extension 'colcon_meta'
[8.218s] Level 1:colcon.colcon_core.package_identification:_identify(/home/jongo/ros2_ws/src/ld06lidar_pkg) by extensions ['ros']
[8.219s] Level 1:colcon.colcon_core.package_identification:_identify(/home/jongo/ros2_ws/src/ld06lidar_pkg) by extension 'ros'
[8.221s] DEBUG:colcon.colcon_core.package_identification:Package '/home/jongo/ros2_ws/src/ld06lidar_pkg' with type 'ros.ament_python' and name 'ld06lidar_pkg'
[8.222s] Level 1:colcon.colcon_core.package_discovery:discover_packages(recursive) using defaults
