/home/jongo/ros2_ws/install/damin_robot1/lib/python3.10/site-packages/damin_robot1/modbusRTU.py
/home/jongo/ros2_ws/install/damin_robot1/lib/python3.10/site-packages/damin_robot1/drawshape.py
/home/jongo/ros2_ws/install/damin_robot1/lib/python3.10/site-packages/damin_robot1/motor114.py
/home/jongo/ros2_ws/install/damin_robot1/lib/python3.10/site-packages/damin_robot1/sudong.py
/home/jongo/ros2_ws/install/damin_robot1/lib/python3.10/site-packages/damin_robot1/node2.py
/home/jongo/ros2_ws/install/damin_robot1/lib/python3.10/site-packages/damin_robot1/gamepad.py
/home/jongo/ros2_ws/install/damin_robot1/lib/python3.10/site-packages/damin_robot1/pose_subscriber.py
/home/jongo/ros2_ws/install/damin_robot1/lib/python3.10/site-packages/damin_robot1/motor114exm.py
/home/jongo/ros2_ws/install/damin_robot1/lib/python3.10/site-packages/damin_robot1/gamepadMotor.py
/home/jongo/ros2_ws/install/damin_robot1/lib/python3.10/site-packages/damin_robot1/node1.py
/home/jongo/ros2_ws/install/damin_robot1/lib/python3.10/site-packages/damin_robot1/mcu_controller_node.py
/home/jongo/ros2_ws/install/damin_robot1/lib/python3.10/site-packages/damin_robot1/__init__.py
/home/jongo/ros2_ws/install/damin_robot1/lib/python3.10/site-packages/damin_robot1/inputs.py
/home/jongo/ros2_ws/install/damin_robot1/lib/python3.10/site-packages/damin_robot1/gamepadGUI.py
/home/jongo/ros2_ws/install/damin_robot1/lib/python3.10/site-packages/damin_robot1/__pycache__/modbusRTU.cpython-310.pyc
/home/jongo/ros2_ws/install/damin_robot1/lib/python3.10/site-packages/damin_robot1/__pycache__/drawshape.cpython-310.pyc
/home/jongo/ros2_ws/install/damin_robot1/lib/python3.10/site-packages/damin_robot1/__pycache__/motor114.cpython-310.pyc
/home/jongo/ros2_ws/install/damin_robot1/lib/python3.10/site-packages/damin_robot1/__pycache__/sudong.cpython-310.pyc
/home/jongo/ros2_ws/install/damin_robot1/lib/python3.10/site-packages/damin_robot1/__pycache__/node2.cpython-310.pyc
/home/jongo/ros2_ws/install/damin_robot1/lib/python3.10/site-packages/damin_robot1/__pycache__/gamepad.cpython-310.pyc
/home/jongo/ros2_ws/install/damin_robot1/lib/python3.10/site-packages/damin_robot1/__pycache__/pose_subscriber.cpython-310.pyc
/home/jongo/ros2_ws/install/damin_robot1/lib/python3.10/site-packages/damin_robot1/__pycache__/motor114exm.cpython-310.pyc
/home/jongo/ros2_ws/install/damin_robot1/lib/python3.10/site-packages/damin_robot1/__pycache__/gamepadMotor.cpython-310.pyc
/home/jongo/ros2_ws/install/damin_robot1/lib/python3.10/site-packages/damin_robot1/__pycache__/node1.cpython-310.pyc
/home/jongo/ros2_ws/install/damin_robot1/lib/python3.10/site-packages/damin_robot1/__pycache__/mcu_controller_node.cpython-310.pyc
/home/jongo/ros2_ws/install/damin_robot1/lib/python3.10/site-packages/damin_robot1/__pycache__/__init__.cpython-310.pyc
/home/jongo/ros2_ws/install/damin_robot1/lib/python3.10/site-packages/damin_robot1/__pycache__/inputs.cpython-310.pyc
/home/jongo/ros2_ws/install/damin_robot1/lib/python3.10/site-packages/damin_robot1/__pycache__/gamepadGUI.cpython-310.pyc
/home/jongo/ros2_ws/install/damin_robot1/share/ament_index/resource_index/packages/damin_robot1
/home/jongo/ros2_ws/install/damin_robot1/share/damin_robot1/package.xml
/home/jongo/ros2_ws/install/damin_robot1/lib/python3.10/site-packages/damin_robot1-0.0.0-py3.10.egg-info/entry_points.txt
/home/jongo/ros2_ws/install/damin_robot1/lib/python3.10/site-packages/damin_robot1-0.0.0-py3.10.egg-info/SOURCES.txt
/home/jongo/ros2_ws/install/damin_robot1/lib/python3.10/site-packages/damin_robot1-0.0.0-py3.10.egg-info/dependency_links.txt
/home/jongo/ros2_ws/install/damin_robot1/lib/python3.10/site-packages/damin_robot1-0.0.0-py3.10.egg-info/PKG-INFO
/home/jongo/ros2_ws/install/damin_robot1/lib/python3.10/site-packages/damin_robot1-0.0.0-py3.10.egg-info/zip-safe
/home/jongo/ros2_ws/install/damin_robot1/lib/python3.10/site-packages/damin_robot1-0.0.0-py3.10.egg-info/requires.txt
/home/jongo/ros2_ws/install/damin_robot1/lib/python3.10/site-packages/damin_robot1-0.0.0-py3.10.egg-info/top_level.txt
/home/jongo/ros2_ws/install/damin_robot1/lib/damin_robot1/jongo_drawshape
/home/jongo/ros2_ws/install/damin_robot1/lib/damin_robot1/jongo_node1
/home/jongo/ros2_ws/install/damin_robot1/lib/damin_robot1/jongo_node2
/home/jongo/ros2_ws/install/damin_robot1/lib/damin_robot1/jongo_posesubs
/home/jongo/ros2_ws/install/damin_robot1/lib/damin_robot1/jongo_sudong
/home/jongo/ros2_ws/install/damin_robot1/lib/damin_robot1/logitech1
