[4.923s] DEBUG:colcon:Command line arguments: ['/usr/bin/colcon', 'build', '--event-handlers', 'console_direct+', '--cmake-args', '-DCMAKE_BUILD_TYPE=Release']
[4.924s] DEBUG:colcon:Parsed command line arguments: Namespace(log_base=None, log_level=None, verb_name='build', build_base='build', install_base='install', merge_install=False, symlink_install=False, test_result_base=None, continue_on_error=False, executor='parallel', parallel_workers=4, event_handlers=['console_direct+'], ignore_user_meta=False, metas=['./colcon.meta'], base_paths=['.'], packages_ignore=None, packages_ignore_regex=None, paths=None, packages_up_to=None, packages_up_to_regex=None, packages_above=None, packages_above_and_dependencies=None, packages_above_depth=None, packages_select_by_dep=None, packages_skip_by_dep=None, packages_skip_up_to=None, packages_select_build_failed=False, packages_skip_build_finished=False, packages_select_test_failures=False, packages_skip_test_passed=False, packages_select=None, packages_skip=None, packages_select_regex=None, packages_skip_regex=None, packages_start=None, packages_end=None, allow_overriding=[], cmake_args=['-DCMAKE_BUILD_TYPE=Release'], cmake_target=None, cmake_target_skip_unavailable=False, cmake_clean_cache=False, cmake_clean_first=False, cmake_force_configure=False, ament_cmake_args=None, catkin_cmake_args=None, catkin_skip_building_tests=False, verb_parser=<colcon_defaults.argument_parser.defaults.DefaultArgumentsDecorator object at 0xffffae9c3250>, verb_extension=<colcon_core.verb.build.BuildVerb object at 0xffffaecf4f10>, main=<bound method BuildVerb.main of <colcon_core.verb.build.BuildVerb object at 0xffffaecf4f10>>)
[5.197s] Level 1:colcon.colcon_core.package_discovery:discover_packages(colcon_meta) check parameters
[5.198s] Level 1:colcon.colcon_core.package_discovery:discover_packages(recursive) check parameters
[5.198s] Level 1:colcon.colcon_core.package_discovery:discover_packages(ignore) check parameters
[5.198s] Level 1:colcon.colcon_core.package_discovery:discover_packages(path) check parameters
[5.198s] Level 1:colcon.colcon_core.package_discovery:discover_packages(colcon_meta) discover
[5.198s] Level 1:colcon.colcon_core.package_discovery:discover_packages(recursive) discover
[5.199s] INFO:colcon.colcon_core.package_discovery:Crawling recursively for packages in '/home/jongo/ros2_ws'
[5.199s] Level 1:colcon.colcon_core.package_identification:_identify(.) by extensions ['ignore', 'ignore_ament_install']
[5.200s] Level 1:colcon.colcon_core.package_identification:_identify(.) by extension 'ignore'
[5.200s] Level 1:colcon.colcon_core.package_identification:_identify(.) by extension 'ignore_ament_install'
[5.200s] Level 1:colcon.colcon_core.package_identification:_identify(.) by extensions ['colcon_pkg']
[5.200s] Level 1:colcon.colcon_core.package_identification:_identify(.) by extension 'colcon_pkg'
[5.200s] Level 1:colcon.colcon_core.package_identification:_identify(.) by extensions ['colcon_meta']
[5.200s] Level 1:colcon.colcon_core.package_identification:_identify(.) by extension 'colcon_meta'
[5.201s] Level 1:colcon.colcon_core.package_identification:_identify(.) by extensions ['ros']
[5.201s] Level 1:colcon.colcon_core.package_identification:_identify(.) by extension 'ros'
[5.272s] Level 1:colcon.colcon_core.package_identification:_identify(.) by extensions ['cmake', 'python']
[5.273s] Level 1:colcon.colcon_core.package_identification:_identify(.) by extension 'cmake'
[5.273s] Level 1:colcon.colcon_core.package_identification:_identify(.) by extension 'python'
[5.273s] Level 1:colcon.colcon_core.package_identification:_identify(.) by extensions ['python_setup_py']
[5.273s] Level 1:colcon.colcon_core.package_identification:_identify(.) by extension 'python_setup_py'
[5.274s] Level 1:colcon.colcon_core.package_identification:_identify(build) by extensions ['ignore', 'ignore_ament_install']
[5.274s] Level 1:colcon.colcon_core.package_identification:_identify(build) by extension 'ignore'
[5.274s] Level 1:colcon.colcon_core.package_identification:_identify(build) ignored
[5.275s] Level 1:colcon.colcon_core.package_identification:_identify(install) by extensions ['ignore', 'ignore_ament_install']
[5.275s] Level 1:colcon.colcon_core.package_identification:_identify(install) by extension 'ignore'
[5.275s] Level 1:colcon.colcon_core.package_identification:_identify(install) ignored
[5.276s] Level 1:colcon.colcon_core.package_identification:_identify(log) by extensions ['ignore', 'ignore_ament_install']
[5.276s] Level 1:colcon.colcon_core.package_identification:_identify(log) by extension 'ignore'
[5.277s] Level 1:colcon.colcon_core.package_identification:_identify(log) ignored
[5.278s] Level 1:colcon.colcon_core.package_identification:_identify(src) by extensions ['ignore', 'ignore_ament_install']
[5.278s] Level 1:colcon.colcon_core.package_identification:_identify(src) by extension 'ignore'
[5.278s] Level 1:colcon.colcon_core.package_identification:_identify(src) by extension 'ignore_ament_install'
[5.278s] Level 1:colcon.colcon_core.package_identification:_identify(src) by extensions ['colcon_pkg']
[5.279s] Level 1:colcon.colcon_core.package_identification:_identify(src) by extension 'colcon_pkg'
[5.279s] Level 1:colcon.colcon_core.package_identification:_identify(src) by extensions ['colcon_meta']
[5.279s] Level 1:colcon.colcon_core.package_identification:_identify(src) by extension 'colcon_meta'
[5.279s] Level 1:colcon.colcon_core.package_identification:_identify(src) by extensions ['ros']
[5.279s] Level 1:colcon.colcon_core.package_identification:_identify(src) by extension 'ros'
[5.279s] Level 1:colcon.colcon_core.package_identification:_identify(src) by extensions ['cmake', 'python']
[5.280s] Level 1:colcon.colcon_core.package_identification:_identify(src) by extension 'cmake'
[5.280s] Level 1:colcon.colcon_core.package_identification:_identify(src) by extension 'python'
[5.280s] Level 1:colcon.colcon_core.package_identification:_identify(src) by extensions ['python_setup_py']
[5.280s] Level 1:colcon.colcon_core.package_identification:_identify(src) by extension 'python_setup_py'
[5.281s] Level 1:colcon.colcon_core.package_identification:_identify(src/OrbbecSDK_ROS2) by extensions ['ignore', 'ignore_ament_install']
[5.281s] Level 1:colcon.colcon_core.package_identification:_identify(src/OrbbecSDK_ROS2) by extension 'ignore'
[5.282s] Level 1:colcon.colcon_core.package_identification:_identify(src/OrbbecSDK_ROS2) by extension 'ignore_ament_install'
[5.282s] Level 1:colcon.colcon_core.package_identification:_identify(src/OrbbecSDK_ROS2) by extensions ['colcon_pkg']
[5.282s] Level 1:colcon.colcon_core.package_identification:_identify(src/OrbbecSDK_ROS2) by extension 'colcon_pkg'
[5.282s] Level 1:colcon.colcon_core.package_identification:_identify(src/OrbbecSDK_ROS2) by extensions ['colcon_meta']
[5.282s] Level 1:colcon.colcon_core.package_identification:_identify(src/OrbbecSDK_ROS2) by extension 'colcon_meta'
[5.282s] Level 1:colcon.colcon_core.package_identification:_identify(src/OrbbecSDK_ROS2) by extensions ['ros']
[5.283s] Level 1:colcon.colcon_core.package_identification:_identify(src/OrbbecSDK_ROS2) by extension 'ros'
[5.283s] Level 1:colcon.colcon_core.package_identification:_identify(src/OrbbecSDK_ROS2) by extensions ['cmake', 'python']
[5.283s] Level 1:colcon.colcon_core.package_identification:_identify(src/OrbbecSDK_ROS2) by extension 'cmake'
[5.283s] Level 1:colcon.colcon_core.package_identification:_identify(src/OrbbecSDK_ROS2) by extension 'python'
[5.283s] Level 1:colcon.colcon_core.package_identification:_identify(src/OrbbecSDK_ROS2) by extensions ['python_setup_py']
[5.284s] Level 1:colcon.colcon_core.package_identification:_identify(src/OrbbecSDK_ROS2) by extension 'python_setup_py'
[5.285s] Level 1:colcon.colcon_core.package_identification:_identify(src/OrbbecSDK_ROS2/orbbec_camera) by extensions ['ignore', 'ignore_ament_install']
[5.285s] Level 1:colcon.colcon_core.package_identification:_identify(src/OrbbecSDK_ROS2/orbbec_camera) by extension 'ignore'
[5.285s] Level 1:colcon.colcon_core.package_identification:_identify(src/OrbbecSDK_ROS2/orbbec_camera) by extension 'ignore_ament_install'
[5.285s] Level 1:colcon.colcon_core.package_identification:_identify(src/OrbbecSDK_ROS2/orbbec_camera) by extensions ['colcon_pkg']
[5.286s] Level 1:colcon.colcon_core.package_identification:_identify(src/OrbbecSDK_ROS2/orbbec_camera) by extension 'colcon_pkg'
[5.286s] Level 1:colcon.colcon_core.package_identification:_identify(src/OrbbecSDK_ROS2/orbbec_camera) by extensions ['colcon_meta']
[5.286s] Level 1:colcon.colcon_core.package_identification:_identify(src/OrbbecSDK_ROS2/orbbec_camera) by extension 'colcon_meta'
[5.286s] Level 1:colcon.colcon_core.package_identification:_identify(src/OrbbecSDK_ROS2/orbbec_camera) by extensions ['ros']
[5.286s] Level 1:colcon.colcon_core.package_identification:_identify(src/OrbbecSDK_ROS2/orbbec_camera) by extension 'ros'
[5.303s] DEBUG:colcon.colcon_core.package_identification:Package 'src/OrbbecSDK_ROS2/orbbec_camera' with type 'ros.ament_cmake' and name 'orbbec_camera'
[5.304s] Level 1:colcon.colcon_core.package_identification:_identify(src/OrbbecSDK_ROS2/orbbec_camera_msgs) by extensions ['ignore', 'ignore_ament_install']
[5.305s] Level 1:colcon.colcon_core.package_identification:_identify(src/OrbbecSDK_ROS2/orbbec_camera_msgs) by extension 'ignore'
[5.305s] Level 1:colcon.colcon_core.package_identification:_identify(src/OrbbecSDK_ROS2/orbbec_camera_msgs) by extension 'ignore_ament_install'
[5.305s] Level 1:colcon.colcon_core.package_identification:_identify(src/OrbbecSDK_ROS2/orbbec_camera_msgs) by extensions ['colcon_pkg']
[5.305s] Level 1:colcon.colcon_core.package_identification:_identify(src/OrbbecSDK_ROS2/orbbec_camera_msgs) by extension 'colcon_pkg'
[5.306s] Level 1:colcon.colcon_core.package_identification:_identify(src/OrbbecSDK_ROS2/orbbec_camera_msgs) by extensions ['colcon_meta']
[5.306s] Level 1:colcon.colcon_core.package_identification:_identify(src/OrbbecSDK_ROS2/orbbec_camera_msgs) by extension 'colcon_meta'
[5.306s] Level 1:colcon.colcon_core.package_identification:_identify(src/OrbbecSDK_ROS2/orbbec_camera_msgs) by extensions ['ros']
[5.306s] Level 1:colcon.colcon_core.package_identification:_identify(src/OrbbecSDK_ROS2/orbbec_camera_msgs) by extension 'ros'
[5.309s] DEBUG:colcon.colcon_core.package_identification:Package 'src/OrbbecSDK_ROS2/orbbec_camera_msgs' with type 'ros.ament_cmake' and name 'orbbec_camera_msgs'
[5.310s] Level 1:colcon.colcon_core.package_identification:_identify(src/OrbbecSDK_ROS2/orbbec_description) by extensions ['ignore', 'ignore_ament_install']
[5.310s] Level 1:colcon.colcon_core.package_identification:_identify(src/OrbbecSDK_ROS2/orbbec_description) by extension 'ignore'
[5.311s] Level 1:colcon.colcon_core.package_identification:_identify(src/OrbbecSDK_ROS2/orbbec_description) by extension 'ignore_ament_install'
[5.311s] Level 1:colcon.colcon_core.package_identification:_identify(src/OrbbecSDK_ROS2/orbbec_description) by extensions ['colcon_pkg']
[5.311s] Level 1:colcon.colcon_core.package_identification:_identify(src/OrbbecSDK_ROS2/orbbec_description) by extension 'colcon_pkg'
[5.311s] Level 1:colcon.colcon_core.package_identification:_identify(src/OrbbecSDK_ROS2/orbbec_description) by extensions ['colcon_meta']
[5.311s] Level 1:colcon.colcon_core.package_identification:_identify(src/OrbbecSDK_ROS2/orbbec_description) by extension 'colcon_meta'
[5.312s] Level 1:colcon.colcon_core.package_identification:_identify(src/OrbbecSDK_ROS2/orbbec_description) by extensions ['ros']
[5.312s] Level 1:colcon.colcon_core.package_identification:_identify(src/OrbbecSDK_ROS2/orbbec_description) by extension 'ros'
[5.314s] DEBUG:colcon.colcon_core.package_identification:Package 'src/OrbbecSDK_ROS2/orbbec_description' with type 'ros.ament_cmake' and name 'orbbec_description'
[5.315s] Level 1:colcon.colcon_core.package_identification:_identify(src/RPi_Ubuntu2204_3D_Depth_Camera) by extensions ['ignore', 'ignore_ament_install']
[5.316s] Level 1:colcon.colcon_core.package_identification:_identify(src/RPi_Ubuntu2204_3D_Depth_Camera) by extension 'ignore'
[5.316s] Level 1:colcon.colcon_core.package_identification:_identify(src/RPi_Ubuntu2204_3D_Depth_Camera) by extension 'ignore_ament_install'
[5.316s] Level 1:colcon.colcon_core.package_identification:_identify(src/RPi_Ubuntu2204_3D_Depth_Camera) by extensions ['colcon_pkg']
[5.316s] Level 1:colcon.colcon_core.package_identification:_identify(src/RPi_Ubuntu2204_3D_Depth_Camera) by extension 'colcon_pkg'
[5.316s] Level 1:colcon.colcon_core.package_identification:_identify(src/RPi_Ubuntu2204_3D_Depth_Camera) by extensions ['colcon_meta']
[5.317s] Level 1:colcon.colcon_core.package_identification:_identify(src/RPi_Ubuntu2204_3D_Depth_Camera) by extension 'colcon_meta'
[5.317s] Level 1:colcon.colcon_core.package_identification:_identify(src/RPi_Ubuntu2204_3D_Depth_Camera) by extensions ['ros']
[5.317s] Level 1:colcon.colcon_core.package_identification:_identify(src/RPi_Ubuntu2204_3D_Depth_Camera) by extension 'ros'
[5.317s] Level 1:colcon.colcon_core.package_identification:_identify(src/RPi_Ubuntu2204_3D_Depth_Camera) by extensions ['cmake', 'python']
[5.317s] Level 1:colcon.colcon_core.package_identification:_identify(src/RPi_Ubuntu2204_3D_Depth_Camera) by extension 'cmake'
[5.318s] Level 1:colcon.colcon_core.package_identification:_identify(src/RPi_Ubuntu2204_3D_Depth_Camera) by extension 'python'
[5.318s] Level 1:colcon.colcon_core.package_identification:_identify(src/RPi_Ubuntu2204_3D_Depth_Camera) by extensions ['python_setup_py']
[5.318s] Level 1:colcon.colcon_core.package_identification:_identify(src/RPi_Ubuntu2204_3D_Depth_Camera) by extension 'python_setup_py'
[5.319s] Level 1:colcon.colcon_core.package_identification:_identify(src/damin_robot1) by extensions ['ignore', 'ignore_ament_install']
[5.319s] Level 1:colcon.colcon_core.package_identification:_identify(src/damin_robot1) by extension 'ignore'
[5.320s] Level 1:colcon.colcon_core.package_identification:_identify(src/damin_robot1) by extension 'ignore_ament_install'
[5.320s] Level 1:colcon.colcon_core.package_identification:_identify(src/damin_robot1) by extensions ['colcon_pkg']
[5.320s] Level 1:colcon.colcon_core.package_identification:_identify(src/damin_robot1) by extension 'colcon_pkg'
[5.320s] Level 1:colcon.colcon_core.package_identification:_identify(src/damin_robot1) by extensions ['colcon_meta']
[5.320s] Level 1:colcon.colcon_core.package_identification:_identify(src/damin_robot1) by extension 'colcon_meta'
[5.320s] Level 1:colcon.colcon_core.package_identification:_identify(src/damin_robot1) by extensions ['ros']
[5.321s] Level 1:colcon.colcon_core.package_identification:_identify(src/damin_robot1) by extension 'ros'
[5.324s] DEBUG:colcon.colcon_core.package_identification:Package 'src/damin_robot1' with type 'ros.ament_python' and name 'damin_robot1'
[5.325s] Level 1:colcon.colcon_core.package_identification:_identify(src/ld06lidar_pkg) by extensions ['ignore', 'ignore_ament_install']
[5.325s] Level 1:colcon.colcon_core.package_identification:_identify(src/ld06lidar_pkg) by extension 'ignore'
[5.325s] Level 1:colcon.colcon_core.package_identification:_identify(src/ld06lidar_pkg) by extension 'ignore_ament_install'
[5.326s] Level 1:colcon.colcon_core.package_identification:_identify(src/ld06lidar_pkg) by extensions ['colcon_pkg']
[5.326s] Level 1:colcon.colcon_core.package_identification:_identify(src/ld06lidar_pkg) by extension 'colcon_pkg'
[5.326s] Level 1:colcon.colcon_core.package_identification:_identify(src/ld06lidar_pkg) by extensions ['colcon_meta']
[5.326s] Level 1:colcon.colcon_core.package_identification:_identify(src/ld06lidar_pkg) by extension 'colcon_meta'
[5.326s] Level 1:colcon.colcon_core.package_identification:_identify(src/ld06lidar_pkg) by extensions ['ros']
[5.326s] Level 1:colcon.colcon_core.package_identification:_identify(src/ld06lidar_pkg) by extension 'ros'
[5.329s] DEBUG:colcon.colcon_core.package_identification:Package 'src/ld06lidar_pkg' with type 'ros.ament_python' and name 'ld06lidar_pkg'
[5.329s] Level 1:colcon.colcon_core.package_discovery:discover_packages(recursive) using defaults
[5.330s] Level 1:colcon.colcon_core.package_discovery:discover_packages(ignore) discover
[5.330s] Level 1:colcon.colcon_core.package_discovery:discover_packages(ignore) using defaults
[5.330s] Level 1:colcon.colcon_core.package_discovery:discover_packages(path) discover
[5.330s] Level 1:colcon.colcon_core.package_discovery:discover_packages(path) using defaults
[5.740s] Level 1:colcon.colcon_core.package_discovery:discover_packages(prefix_path) check parameters
[5.740s] Level 1:colcon.colcon_core.package_discovery:discover_packages(prefix_path) discover
[5.870s] DEBUG:colcon.colcon_installed_package_information.package_discovery:Found 4 installed packages in /home/jongo/ros2_ws/install
[5.929s] DEBUG:colcon.colcon_installed_package_information.package_discovery:Found 1 installed packages in /home/jongo/lidar_depthcam_ws/install
[5.994s] DEBUG:colcon.colcon_installed_package_information.package_discovery:Found 276 installed packages in /opt/ros/humble
[6.000s] Level 1:colcon.colcon_core.package_discovery:discover_packages(prefix_path) using defaults
[6.392s] Level 5:colcon.colcon_core.verb:set package 'damin_robot1' build argument 'cmake_args' from command line to '['-DCMAKE_BUILD_TYPE=Release']'
[6.392s] Level 5:colcon.colcon_core.verb:set package 'damin_robot1' build argument 'cmake_target' from command line to 'None'
[6.392s] Level 5:colcon.colcon_core.verb:set package 'damin_robot1' build argument 'cmake_target_skip_unavailable' from command line to 'False'
[6.392s] Level 5:colcon.colcon_core.verb:set package 'damin_robot1' build argument 'cmake_clean_cache' from command line to 'False'
[6.392s] Level 5:colcon.colcon_core.verb:set package 'damin_robot1' build argument 'cmake_clean_first' from command line to 'False'
[6.392s] Level 5:colcon.colcon_core.verb:set package 'damin_robot1' build argument 'cmake_force_configure' from command line to 'False'
[6.392s] Level 5:colcon.colcon_core.verb:set package 'damin_robot1' build argument 'ament_cmake_args' from command line to 'None'
[6.392s] Level 5:colcon.colcon_core.verb:set package 'damin_robot1' build argument 'catkin_cmake_args' from command line to 'None'
[6.392s] Level 5:colcon.colcon_core.verb:set package 'damin_robot1' build argument 'catkin_skip_building_tests' from command line to 'False'
[6.393s] DEBUG:colcon.colcon_core.verb:Building package 'damin_robot1' with the following arguments: {'ament_cmake_args': None, 'build_base': '/home/jongo/ros2_ws/build/damin_robot1', 'catkin_cmake_args': None, 'catkin_skip_building_tests': False, 'cmake_args': ['-DCMAKE_BUILD_TYPE=Release'], 'cmake_clean_cache': False, 'cmake_clean_first': False, 'cmake_force_configure': False, 'cmake_target': None, 'cmake_target_skip_unavailable': False, 'install_base': '/home/jongo/ros2_ws/install/damin_robot1', 'merge_install': False, 'path': '/home/jongo/ros2_ws/src/damin_robot1', 'symlink_install': False, 'test_result_base': None}
[6.450s] Level 5:colcon.colcon_core.verb:set package 'ld06lidar_pkg' build argument 'cmake_args' from command line to '['-DCMAKE_BUILD_TYPE=Release']'
[6.451s] Level 5:colcon.colcon_core.verb:set package 'ld06lidar_pkg' build argument 'cmake_target' from command line to 'None'
[6.451s] Level 5:colcon.colcon_core.verb:set package 'ld06lidar_pkg' build argument 'cmake_target_skip_unavailable' from command line to 'False'
[6.451s] Level 5:colcon.colcon_core.verb:set package 'ld06lidar_pkg' build argument 'cmake_clean_cache' from command line to 'False'
[6.451s] Level 5:colcon.colcon_core.verb:set package 'ld06lidar_pkg' build argument 'cmake_clean_first' from command line to 'False'
[6.451s] Level 5:colcon.colcon_core.verb:set package 'ld06lidar_pkg' build argument 'cmake_force_configure' from command line to 'False'
[6.451s] Level 5:colcon.colcon_core.verb:set package 'ld06lidar_pkg' build argument 'ament_cmake_args' from command line to 'None'
[6.451s] Level 5:colcon.colcon_core.verb:set package 'ld06lidar_pkg' build argument 'catkin_cmake_args' from command line to 'None'
[6.452s] Level 5:colcon.colcon_core.verb:set package 'ld06lidar_pkg' build argument 'catkin_skip_building_tests' from command line to 'False'
[6.452s] DEBUG:colcon.colcon_core.verb:Building package 'ld06lidar_pkg' with the following arguments: {'ament_cmake_args': None, 'build_base': '/home/jongo/ros2_ws/build/ld06lidar_pkg', 'catkin_cmake_args': None, 'catkin_skip_building_tests': False, 'cmake_args': ['-DCMAKE_BUILD_TYPE=Release'], 'cmake_clean_cache': False, 'cmake_clean_first': False, 'cmake_force_configure': False, 'cmake_target': None, 'cmake_target_skip_unavailable': False, 'install_base': '/home/jongo/ros2_ws/install/ld06lidar_pkg', 'merge_install': False, 'path': '/home/jongo/ros2_ws/src/ld06lidar_pkg', 'symlink_install': False, 'test_result_base': None}
[6.509s] Level 5:colcon.colcon_core.verb:set package 'orbbec_camera_msgs' build argument 'cmake_args' from command line to '['-DCMAKE_BUILD_TYPE=Release']'
[6.510s] Level 5:colcon.colcon_core.verb:set package 'orbbec_camera_msgs' build argument 'cmake_target' from command line to 'None'
[6.510s] Level 5:colcon.colcon_core.verb:set package 'orbbec_camera_msgs' build argument 'cmake_target_skip_unavailable' from command line to 'False'
[6.510s] Level 5:colcon.colcon_core.verb:set package 'orbbec_camera_msgs' build argument 'cmake_clean_cache' from command line to 'False'
[6.510s] Level 5:colcon.colcon_core.verb:set package 'orbbec_camera_msgs' build argument 'cmake_clean_first' from command line to 'False'
[6.510s] Level 5:colcon.colcon_core.verb:set package 'orbbec_camera_msgs' build argument 'cmake_force_configure' from command line to 'False'
[6.510s] Level 5:colcon.colcon_core.verb:set package 'orbbec_camera_msgs' build argument 'ament_cmake_args' from command line to 'None'
[6.510s] Level 5:colcon.colcon_core.verb:set package 'orbbec_camera_msgs' build argument 'catkin_cmake_args' from command line to 'None'
[6.510s] Level 5:colcon.colcon_core.verb:set package 'orbbec_camera_msgs' build argument 'catkin_skip_building_tests' from command line to 'False'
[6.511s] DEBUG:colcon.colcon_core.verb:Building package 'orbbec_camera_msgs' with the following arguments: {'ament_cmake_args': None, 'build_base': '/home/jongo/ros2_ws/build/orbbec_camera_msgs', 'catkin_cmake_args': None, 'catkin_skip_building_tests': False, 'cmake_args': ['-DCMAKE_BUILD_TYPE=Release'], 'cmake_clean_cache': False, 'cmake_clean_first': False, 'cmake_force_configure': False, 'cmake_target': None, 'cmake_target_skip_unavailable': False, 'install_base': '/home/jongo/ros2_ws/install/orbbec_camera_msgs', 'merge_install': False, 'path': '/home/jongo/ros2_ws/src/OrbbecSDK_ROS2/orbbec_camera_msgs', 'symlink_install': False, 'test_result_base': None}
[6.568s] Level 5:colcon.colcon_core.verb:set package 'orbbec_description' build argument 'cmake_args' from command line to '['-DCMAKE_BUILD_TYPE=Release']'
[6.569s] Level 5:colcon.colcon_core.verb:set package 'orbbec_description' build argument 'cmake_target' from command line to 'None'
[6.569s] Level 5:colcon.colcon_core.verb:set package 'orbbec_description' build argument 'cmake_target_skip_unavailable' from command line to 'False'
[6.569s] Level 5:colcon.colcon_core.verb:set package 'orbbec_description' build argument 'cmake_clean_cache' from command line to 'False'
[6.569s] Level 5:colcon.colcon_core.verb:set package 'orbbec_description' build argument 'cmake_clean_first' from command line to 'False'
[6.569s] Level 5:colcon.colcon_core.verb:set package 'orbbec_description' build argument 'cmake_force_configure' from command line to 'False'
[6.569s] Level 5:colcon.colcon_core.verb:set package 'orbbec_description' build argument 'ament_cmake_args' from command line to 'None'
[6.569s] Level 5:colcon.colcon_core.verb:set package 'orbbec_description' build argument 'catkin_cmake_args' from command line to 'None'
[6.569s] Level 5:colcon.colcon_core.verb:set package 'orbbec_description' build argument 'catkin_skip_building_tests' from command line to 'False'
[6.569s] DEBUG:colcon.colcon_core.verb:Building package 'orbbec_description' with the following arguments: {'ament_cmake_args': None, 'build_base': '/home/jongo/ros2_ws/build/orbbec_description', 'catkin_cmake_args': None, 'catkin_skip_building_tests': False, 'cmake_args': ['-DCMAKE_BUILD_TYPE=Release'], 'cmake_clean_cache': False, 'cmake_clean_first': False, 'cmake_force_configure': False, 'cmake_target': None, 'cmake_target_skip_unavailable': False, 'install_base': '/home/jongo/ros2_ws/install/orbbec_description', 'merge_install': False, 'path': '/home/jongo/ros2_ws/src/OrbbecSDK_ROS2/orbbec_description', 'symlink_install': False, 'test_result_base': None}
[6.627s] Level 5:colcon.colcon_core.verb:set package 'orbbec_camera' build argument 'cmake_args' from command line to '['-DCMAKE_BUILD_TYPE=Release']'
[6.627s] Level 5:colcon.colcon_core.verb:set package 'orbbec_camera' build argument 'cmake_target' from command line to 'None'
[6.628s] Level 5:colcon.colcon_core.verb:set package 'orbbec_camera' build argument 'cmake_target_skip_unavailable' from command line to 'False'
[6.628s] Level 5:colcon.colcon_core.verb:set package 'orbbec_camera' build argument 'cmake_clean_cache' from command line to 'False'
[6.628s] Level 5:colcon.colcon_core.verb:set package 'orbbec_camera' build argument 'cmake_clean_first' from command line to 'False'
[6.628s] Level 5:colcon.colcon_core.verb:set package 'orbbec_camera' build argument 'cmake_force_configure' from command line to 'False'
[6.628s] Level 5:colcon.colcon_core.verb:set package 'orbbec_camera' build argument 'ament_cmake_args' from command line to 'None'
[6.628s] Level 5:colcon.colcon_core.verb:set package 'orbbec_camera' build argument 'catkin_cmake_args' from command line to 'None'
[6.628s] Level 5:colcon.colcon_core.verb:set package 'orbbec_camera' build argument 'catkin_skip_building_tests' from command line to 'False'
[6.628s] DEBUG:colcon.colcon_core.verb:Building package 'orbbec_camera' with the following arguments: {'ament_cmake_args': None, 'build_base': '/home/jongo/ros2_ws/build/orbbec_camera', 'catkin_cmake_args': None, 'catkin_skip_building_tests': False, 'cmake_args': ['-DCMAKE_BUILD_TYPE=Release'], 'cmake_clean_cache': False, 'cmake_clean_first': False, 'cmake_force_configure': False, 'cmake_target': None, 'cmake_target_skip_unavailable': False, 'install_base': '/home/jongo/ros2_ws/install/orbbec_camera', 'merge_install': False, 'path': '/home/jongo/ros2_ws/src/OrbbecSDK_ROS2/orbbec_camera', 'symlink_install': False, 'test_result_base': None}
[6.685s] INFO:colcon.colcon_core.executor:Executing jobs using 'parallel' executor
[6.744s] DEBUG:colcon.colcon_parallel_executor.executor.parallel:run_until_complete
[6.745s] INFO:colcon.colcon_ros.task.ament_cmake.build:Building ROS package in '/home/jongo/ros2_ws/src/OrbbecSDK_ROS2/orbbec_camera_msgs' with build type 'ament_cmake'
[6.745s] INFO:colcon.colcon_cmake.task.cmake.build:Building CMake package in '/home/jongo/ros2_ws/src/OrbbecSDK_ROS2/orbbec_camera_msgs'
[6.827s] INFO:colcon.colcon_core.plugin_system:Skipping extension 'colcon_core.shell.bat': Not used on non-Windows systems
[6.828s] INFO:colcon.colcon_core.shell:Skip shell extension 'powershell' for command environment: Not usable outside of PowerShell
[6.828s] DEBUG:colcon.colcon_core.shell:Skip shell extension 'dsv' for command environment
[7.082s] INFO:colcon.colcon_ros.task.ament_python.build:Building ROS package in '/home/jongo/ros2_ws/src/damin_robot1' with build type 'ament_python'
[7.083s] Level 1:colcon.colcon_core.shell:create_environment_hook('damin_robot1', 'ament_prefix_path')
[7.145s] INFO:colcon.colcon_core.shell:Creating environment hook '/home/jongo/ros2_ws/install/damin_robot1/share/damin_robot1/hook/ament_prefix_path.ps1'
[7.149s] INFO:colcon.colcon_core.shell:Creating environment descriptor '/home/jongo/ros2_ws/install/damin_robot1/share/damin_robot1/hook/ament_prefix_path.dsv'
[7.152s] INFO:colcon.colcon_core.shell:Creating environment hook '/home/jongo/ros2_ws/install/damin_robot1/share/damin_robot1/hook/ament_prefix_path.sh'
[7.217s] INFO:colcon.colcon_core.shell:Skip shell extension 'powershell' for command environment: Not usable outside of PowerShell
[7.217s] DEBUG:colcon.colcon_core.shell:Skip shell extension 'dsv' for command environment
[7.468s] INFO:colcon.colcon_ros.task.ament_python.build:Building ROS package in '/home/jongo/ros2_ws/src/ld06lidar_pkg' with build type 'ament_python'
[7.468s] Level 1:colcon.colcon_core.shell:create_environment_hook('ld06lidar_pkg', 'ament_prefix_path')
[7.567s] INFO:colcon.colcon_core.shell:Creating environment hook '/home/jongo/ros2_ws/install/ld06lidar_pkg/share/ld06lidar_pkg/hook/ament_prefix_path.ps1'
[7.569s] INFO:colcon.colcon_core.shell:Creating environment descriptor '/home/jongo/ros2_ws/install/ld06lidar_pkg/share/ld06lidar_pkg/hook/ament_prefix_path.dsv'
[7.571s] INFO:colcon.colcon_core.shell:Creating environment hook '/home/jongo/ros2_ws/install/ld06lidar_pkg/share/ld06lidar_pkg/hook/ament_prefix_path.sh'
[7.631s] INFO:colcon.colcon_core.shell:Skip shell extension 'powershell' for command environment: Not usable outside of PowerShell
[7.631s] DEBUG:colcon.colcon_core.shell:Skip shell extension 'dsv' for command environment
[7.882s] INFO:colcon.colcon_ros.task.ament_cmake.build:Building ROS package in '/home/jongo/ros2_ws/src/OrbbecSDK_ROS2/orbbec_description' with build type 'ament_cmake'
[7.883s] INFO:colcon.colcon_cmake.task.cmake.build:Building CMake package in '/home/jongo/ros2_ws/src/OrbbecSDK_ROS2/orbbec_description'
[7.946s] INFO:colcon.colcon_core.shell:Skip shell extension 'powershell' for command environment: Not usable outside of PowerShell
[7.946s] DEBUG:colcon.colcon_core.shell:Skip shell extension 'dsv' for command environment
[8.218s] DEBUG:colcon.colcon_core.event_handler.log_command:Invoking command in '/home/jongo/ros2_ws/build/orbbec_camera_msgs': CMAKE_PREFIX_PATH=${CMAKE_PREFIX_PATH}:/home/jongo/ros2_ws/install/ld06lidar_pkg:/home/jongo/ros2_ws/install/damin_robot1:/home/jongo/lidar_depthcam_ws/install/depth_camera:/opt/ros/humble /usr/bin/cmake --build /home/jongo/ros2_ws/build/orbbec_camera_msgs -- -j4 -l4
[9.946s] INFO:colcon.colcon_core.task.python.build:Building Python package in '/home/jongo/ros2_ws/src/damin_robot1'
[10.022s] INFO:colcon.colcon_core.shell:Skip shell extension 'powershell' for command environment: Not usable outside of PowerShell
[10.023s] DEBUG:colcon.colcon_core.shell:Skip shell extension 'dsv' for command environment
[11.599s] INFO:colcon.colcon_core.task.python.build:Building Python package in '/home/jongo/ros2_ws/src/ld06lidar_pkg'
[11.658s] INFO:colcon.colcon_core.shell:Skip shell extension 'powershell' for command environment: Not usable outside of PowerShell
[11.659s] DEBUG:colcon.colcon_core.shell:Skip shell extension 'dsv' for command environment
[12.002s] DEBUG:colcon.colcon_core.event_handler.log_command:Invoking command in '/home/jongo/ros2_ws/build/orbbec_description': CMAKE_PREFIX_PATH=${CMAKE_PREFIX_PATH}:/home/jongo/ros2_ws/install/ld06lidar_pkg:/home/jongo/ros2_ws/install/damin_robot1:/home/jongo/lidar_depthcam_ws/install/depth_camera:/opt/ros/humble /usr/bin/cmake --build /home/jongo/ros2_ws/build/orbbec_description -- -j4 -l4
[12.006s] DEBUG:colcon.colcon_core.event_handler.log_command:Invoked command in '/home/jongo/ros2_ws/build/orbbec_camera_msgs' returned '0': CMAKE_PREFIX_PATH=${CMAKE_PREFIX_PATH}:/home/jongo/ros2_ws/install/ld06lidar_pkg:/home/jongo/ros2_ws/install/damin_robot1:/home/jongo/lidar_depthcam_ws/install/depth_camera:/opt/ros/humble /usr/bin/cmake --build /home/jongo/ros2_ws/build/orbbec_camera_msgs -- -j4 -l4
[12.134s] DEBUG:colcon.colcon_core.event_handler.log_command:Invoked command in '/home/jongo/ros2_ws/build/orbbec_description' returned '0': CMAKE_PREFIX_PATH=${CMAKE_PREFIX_PATH}:/home/jongo/ros2_ws/install/ld06lidar_pkg:/home/jongo/ros2_ws/install/damin_robot1:/home/jongo/lidar_depthcam_ws/install/depth_camera:/opt/ros/humble /usr/bin/cmake --build /home/jongo/ros2_ws/build/orbbec_description -- -j4 -l4
[12.320s] DEBUG:colcon.colcon_core.event_handler.log_command:Invoking command in '/home/jongo/ros2_ws/build/orbbec_description': CMAKE_PREFIX_PATH=${CMAKE_PREFIX_PATH}:/home/jongo/ros2_ws/install/ld06lidar_pkg:/home/jongo/ros2_ws/install/damin_robot1:/home/jongo/lidar_depthcam_ws/install/depth_camera:/opt/ros/humble /usr/bin/cmake --install /home/jongo/ros2_ws/build/orbbec_description
[12.400s] Level 1:colcon.colcon_core.environment:create_environment_scripts_only(orbbec_description)
[12.409s] DEBUG:colcon.colcon_core.event_handler.log_command:Invoked command in '/home/jongo/ros2_ws/build/orbbec_description' returned '0': CMAKE_PREFIX_PATH=${CMAKE_PREFIX_PATH}:/home/jongo/ros2_ws/install/ld06lidar_pkg:/home/jongo/ros2_ws/install/damin_robot1:/home/jongo/lidar_depthcam_ws/install/depth_camera:/opt/ros/humble /usr/bin/cmake --install /home/jongo/ros2_ws/build/orbbec_description
[12.563s] Level 1:colcon.colcon_core.environment:checking '/home/jongo/ros2_ws/install/orbbec_description' for CMake module files
[12.566s] Level 1:colcon.colcon_core.environment:checking '/home/jongo/ros2_ws/install/orbbec_description' for CMake config files
[12.568s] Level 1:colcon.colcon_core.shell:create_environment_hook('orbbec_description', 'cmake_prefix_path')
[12.674s] INFO:colcon.colcon_core.shell:Creating environment hook '/home/jongo/ros2_ws/install/orbbec_description/share/orbbec_description/hook/cmake_prefix_path.ps1'
[12.676s] INFO:colcon.colcon_core.shell:Creating environment descriptor '/home/jongo/ros2_ws/install/orbbec_description/share/orbbec_description/hook/cmake_prefix_path.dsv'
[12.679s] INFO:colcon.colcon_core.shell:Creating environment hook '/home/jongo/ros2_ws/install/orbbec_description/share/orbbec_description/hook/cmake_prefix_path.sh'
[12.682s] Level 1:colcon.colcon_core.environment:checking '/home/jongo/ros2_ws/install/orbbec_description/bin'
[12.682s] Level 1:colcon.colcon_core.environment:checking '/home/jongo/ros2_ws/install/orbbec_description/lib/pkgconfig/orbbec_description.pc'
[12.684s] Level 1:colcon.colcon_core.environment:checking '/home/jongo/ros2_ws/install/orbbec_description/lib/python3.10/site-packages'
[12.685s] Level 1:colcon.colcon_core.environment:checking '/home/jongo/ros2_ws/install/orbbec_description/bin'
[12.791s] INFO:colcon.colcon_core.shell:Creating package script '/home/jongo/ros2_ws/install/orbbec_description/share/orbbec_description/package.ps1'
[12.797s] INFO:colcon.colcon_core.shell:Creating package descriptor '/home/jongo/ros2_ws/install/orbbec_description/share/orbbec_description/package.dsv'
[12.801s] INFO:colcon.colcon_core.shell:Creating package script '/home/jongo/ros2_ws/install/orbbec_description/share/orbbec_description/package.sh'
[12.807s] INFO:colcon.colcon_core.shell:Creating package script '/home/jongo/ros2_ws/install/orbbec_description/share/orbbec_description/package.bash'
[12.813s] INFO:colcon.colcon_core.shell:Creating package script '/home/jongo/ros2_ws/install/orbbec_description/share/orbbec_description/package.zsh'
[12.825s] Level 1:colcon.colcon_core.environment:create_file_with_runtime_dependencies(/home/jongo/ros2_ws/install/orbbec_description/share/colcon-core/packages/orbbec_description)
[13.057s] Level 1:colcon.colcon_core.environment:create_environment_scripts_only(orbbec_description)
[13.155s] Level 1:colcon.colcon_core.environment:checking '/home/jongo/ros2_ws/install/orbbec_description' for CMake module files
[13.158s] Level 1:colcon.colcon_core.environment:checking '/home/jongo/ros2_ws/install/orbbec_description' for CMake config files
[13.159s] Level 1:colcon.colcon_core.shell:create_environment_hook('orbbec_description', 'cmake_prefix_path')
[13.267s] INFO:colcon.colcon_core.shell:Creating environment hook '/home/jongo/ros2_ws/install/orbbec_description/share/orbbec_description/hook/cmake_prefix_path.ps1'
[13.270s] INFO:colcon.colcon_core.shell:Creating environment descriptor '/home/jongo/ros2_ws/install/orbbec_description/share/orbbec_description/hook/cmake_prefix_path.dsv'
[13.272s] INFO:colcon.colcon_core.shell:Creating environment hook '/home/jongo/ros2_ws/install/orbbec_description/share/orbbec_description/hook/cmake_prefix_path.sh'
[13.275s] Level 1:colcon.colcon_core.environment:checking '/home/jongo/ros2_ws/install/orbbec_description/bin'
[13.275s] Level 1:colcon.colcon_core.environment:checking '/home/jongo/ros2_ws/install/orbbec_description/lib/pkgconfig/orbbec_description.pc'
[13.277s] Level 1:colcon.colcon_core.environment:checking '/home/jongo/ros2_ws/install/orbbec_description/lib/python3.10/site-packages'
[13.279s] Level 1:colcon.colcon_core.environment:checking '/home/jongo/ros2_ws/install/orbbec_description/bin'
[13.395s] INFO:colcon.colcon_core.shell:Creating package script '/home/jongo/ros2_ws/install/orbbec_description/share/orbbec_description/package.ps1'
[13.398s] INFO:colcon.colcon_core.shell:Creating package descriptor '/home/jongo/ros2_ws/install/orbbec_description/share/orbbec_description/package.dsv'
[13.401s] INFO:colcon.colcon_core.shell:Creating package script '/home/jongo/ros2_ws/install/orbbec_description/share/orbbec_description/package.sh'
[13.403s] INFO:colcon.colcon_core.shell:Creating package script '/home/jongo/ros2_ws/install/orbbec_description/share/orbbec_description/package.bash'
[13.406s] INFO:colcon.colcon_core.shell:Creating package script '/home/jongo/ros2_ws/install/orbbec_description/share/orbbec_description/package.zsh'
[13.408s] Level 1:colcon.colcon_core.environment:create_file_with_runtime_dependencies(/home/jongo/ros2_ws/install/orbbec_description/share/colcon-core/packages/orbbec_description)
[13.514s] DEBUG:colcon.colcon_core.event_handler.log_command:Invoking command in '/home/jongo/ros2_ws/build/orbbec_camera_msgs': CMAKE_PREFIX_PATH=${CMAKE_PREFIX_PATH}:/home/jongo/ros2_ws/install/ld06lidar_pkg:/home/jongo/ros2_ws/install/damin_robot1:/home/jongo/lidar_depthcam_ws/install/depth_camera:/opt/ros/humble /usr/bin/cmake --install /home/jongo/ros2_ws/build/orbbec_camera_msgs
[14.091s] Level 1:colcon.colcon_core.environment:create_environment_scripts_only(orbbec_camera_msgs)
[14.093s] DEBUG:colcon.colcon_core.event_handler.log_command:Invoked command in '/home/jongo/ros2_ws/build/orbbec_camera_msgs' returned '0': CMAKE_PREFIX_PATH=${CMAKE_PREFIX_PATH}:/home/jongo/ros2_ws/install/ld06lidar_pkg:/home/jongo/ros2_ws/install/damin_robot1:/home/jongo/lidar_depthcam_ws/install/depth_camera:/opt/ros/humble /usr/bin/cmake --install /home/jongo/ros2_ws/build/orbbec_camera_msgs
[14.168s] Level 1:colcon.colcon_core.environment:checking '/home/jongo/ros2_ws/install/orbbec_camera_msgs' for CMake module files
[14.173s] Level 1:colcon.colcon_core.environment:checking '/home/jongo/ros2_ws/install/orbbec_camera_msgs' for CMake config files
[14.181s] Level 1:colcon.colcon_core.shell:create_environment_hook('orbbec_camera_msgs', 'cmake_prefix_path')
[14.258s] INFO:colcon.colcon_core.shell:Creating environment hook '/home/jongo/ros2_ws/install/orbbec_camera_msgs/share/orbbec_camera_msgs/hook/cmake_prefix_path.ps1'
[14.260s] INFO:colcon.colcon_core.shell:Creating environment descriptor '/home/jongo/ros2_ws/install/orbbec_camera_msgs/share/orbbec_camera_msgs/hook/cmake_prefix_path.dsv'
[14.261s] INFO:colcon.colcon_core.shell:Creating environment hook '/home/jongo/ros2_ws/install/orbbec_camera_msgs/share/orbbec_camera_msgs/hook/cmake_prefix_path.sh'
[14.264s] Level 1:colcon.colcon_core.environment:checking '/home/jongo/ros2_ws/install/orbbec_camera_msgs/lib'
[14.265s] Level 1:colcon.colcon_core.shell:create_environment_hook('orbbec_camera_msgs', 'ld_library_path_lib')
[14.347s] INFO:colcon.colcon_core.shell:Creating environment hook '/home/jongo/ros2_ws/install/orbbec_camera_msgs/share/orbbec_camera_msgs/hook/ld_library_path_lib.ps1'
[14.349s] INFO:colcon.colcon_core.shell:Creating environment descriptor '/home/jongo/ros2_ws/install/orbbec_camera_msgs/share/orbbec_camera_msgs/hook/ld_library_path_lib.dsv'
[14.351s] INFO:colcon.colcon_core.shell:Creating environment hook '/home/jongo/ros2_ws/install/orbbec_camera_msgs/share/orbbec_camera_msgs/hook/ld_library_path_lib.sh'
[14.353s] Level 1:colcon.colcon_core.environment:checking '/home/jongo/ros2_ws/install/orbbec_camera_msgs/bin'
[14.354s] Level 1:colcon.colcon_core.environment:checking '/home/jongo/ros2_ws/install/orbbec_camera_msgs/lib/pkgconfig/orbbec_camera_msgs.pc'
[14.355s] Level 1:colcon.colcon_core.environment:checking '/home/jongo/ros2_ws/install/orbbec_camera_msgs/lib/python3.10/site-packages'
[14.356s] Level 1:colcon.colcon_core.environment:checking '/home/jongo/ros2_ws/install/orbbec_camera_msgs/bin'
[14.454s] INFO:colcon.colcon_core.shell:Creating package script '/home/jongo/ros2_ws/install/orbbec_camera_msgs/share/orbbec_camera_msgs/package.ps1'
[14.457s] INFO:colcon.colcon_core.shell:Creating package descriptor '/home/jongo/ros2_ws/install/orbbec_camera_msgs/share/orbbec_camera_msgs/package.dsv'
[14.459s] INFO:colcon.colcon_core.shell:Creating package script '/home/jongo/ros2_ws/install/orbbec_camera_msgs/share/orbbec_camera_msgs/package.sh'
[14.461s] INFO:colcon.colcon_core.shell:Creating package script '/home/jongo/ros2_ws/install/orbbec_camera_msgs/share/orbbec_camera_msgs/package.bash'
[14.463s] INFO:colcon.colcon_core.shell:Creating package script '/home/jongo/ros2_ws/install/orbbec_camera_msgs/share/orbbec_camera_msgs/package.zsh'
[14.464s] Level 1:colcon.colcon_core.environment:create_file_with_runtime_dependencies(/home/jongo/ros2_ws/install/orbbec_camera_msgs/share/colcon-core/packages/orbbec_camera_msgs)
[14.809s] DEBUG:colcon.colcon_core.event_handler.log_command:Invoking command in '/home/jongo/ros2_ws/src/damin_robot1': PYTHONPATH=/home/jongo/ros2_ws/build/damin_robot1/prefix_override:/home/jongo/ros2_ws/install/damin_robot1/lib/python3.10/site-packages:${PYTHONPATH} /usr/bin/python3 setup.py egg_info --egg-base ../../build/damin_robot1 build --build-base /home/jongo/ros2_ws/build/damin_robot1/build install --record /home/jongo/ros2_ws/build/damin_robot1/install.log --single-version-externally-managed
[14.828s] DEBUG:colcon.colcon_core.event_handler.log_command:Invoking command in '/home/jongo/ros2_ws/src/ld06lidar_pkg': PYTHONPATH=/home/jongo/ros2_ws/build/ld06lidar_pkg/prefix_override:/home/jongo/ros2_ws/install/ld06lidar_pkg/lib/python3.10/site-packages:${PYTHONPATH} /usr/bin/python3 setup.py egg_info --egg-base ../../build/ld06lidar_pkg build --build-base /home/jongo/ros2_ws/build/ld06lidar_pkg/build install --record /home/jongo/ros2_ws/build/ld06lidar_pkg/install.log --single-version-externally-managed
[16.113s] Level 1:colcon.colcon_core.environment:create_environment_scripts_only(orbbec_camera_msgs)
[16.217s] Level 1:colcon.colcon_core.environment:checking '/home/jongo/ros2_ws/install/orbbec_camera_msgs' for CMake module files
[16.222s] Level 1:colcon.colcon_core.environment:checking '/home/jongo/ros2_ws/install/orbbec_camera_msgs' for CMake config files
[16.230s] Level 1:colcon.colcon_core.shell:create_environment_hook('orbbec_camera_msgs', 'cmake_prefix_path')
[16.393s] INFO:colcon.colcon_core.shell:Creating environment hook '/home/jongo/ros2_ws/install/orbbec_camera_msgs/share/orbbec_camera_msgs/hook/cmake_prefix_path.ps1'
[16.395s] INFO:colcon.colcon_core.shell:Creating environment descriptor '/home/jongo/ros2_ws/install/orbbec_camera_msgs/share/orbbec_camera_msgs/hook/cmake_prefix_path.dsv'
[16.398s] INFO:colcon.colcon_core.shell:Creating environment hook '/home/jongo/ros2_ws/install/orbbec_camera_msgs/share/orbbec_camera_msgs/hook/cmake_prefix_path.sh'
[16.402s] Level 1:colcon.colcon_core.environment:checking '/home/jongo/ros2_ws/install/orbbec_camera_msgs/lib'
[16.404s] Level 1:colcon.colcon_core.shell:create_environment_hook('orbbec_camera_msgs', 'ld_library_path_lib')
[16.661s] INFO:colcon.colcon_core.shell:Creating environment hook '/home/jongo/ros2_ws/install/orbbec_camera_msgs/share/orbbec_camera_msgs/hook/ld_library_path_lib.ps1'
[16.663s] INFO:colcon.colcon_core.shell:Creating environment descriptor '/home/jongo/ros2_ws/install/orbbec_camera_msgs/share/orbbec_camera_msgs/hook/ld_library_path_lib.dsv'
[16.665s] INFO:colcon.colcon_core.shell:Creating environment hook '/home/jongo/ros2_ws/install/orbbec_camera_msgs/share/orbbec_camera_msgs/hook/ld_library_path_lib.sh'
[16.667s] Level 1:colcon.colcon_core.environment:checking '/home/jongo/ros2_ws/install/orbbec_camera_msgs/bin'
[16.667s] Level 1:colcon.colcon_core.environment:checking '/home/jongo/ros2_ws/install/orbbec_camera_msgs/lib/pkgconfig/orbbec_camera_msgs.pc'
[16.668s] Level 1:colcon.colcon_core.environment:checking '/home/jongo/ros2_ws/install/orbbec_camera_msgs/lib/python3.10/site-packages'
[16.669s] Level 1:colcon.colcon_core.environment:checking '/home/jongo/ros2_ws/install/orbbec_camera_msgs/bin'
[16.729s] INFO:colcon.colcon_core.shell:Creating package script '/home/jongo/ros2_ws/install/orbbec_camera_msgs/share/orbbec_camera_msgs/package.ps1'
[16.731s] INFO:colcon.colcon_core.shell:Creating package descriptor '/home/jongo/ros2_ws/install/orbbec_camera_msgs/share/orbbec_camera_msgs/package.dsv'
[16.734s] INFO:colcon.colcon_core.shell:Creating package script '/home/jongo/ros2_ws/install/orbbec_camera_msgs/share/orbbec_camera_msgs/package.sh'
[16.736s] INFO:colcon.colcon_core.shell:Creating package script '/home/jongo/ros2_ws/install/orbbec_camera_msgs/share/orbbec_camera_msgs/package.bash'
[16.738s] INFO:colcon.colcon_core.shell:Creating package script '/home/jongo/ros2_ws/install/orbbec_camera_msgs/share/orbbec_camera_msgs/package.zsh'
[16.740s] Level 1:colcon.colcon_core.environment:create_file_with_runtime_dependencies(/home/jongo/ros2_ws/install/orbbec_camera_msgs/share/colcon-core/packages/orbbec_camera_msgs)
[16.742s] INFO:colcon.colcon_ros.task.ament_cmake.build:Building ROS package in '/home/jongo/ros2_ws/src/OrbbecSDK_ROS2/orbbec_camera' with build type 'ament_cmake'
[16.743s] INFO:colcon.colcon_cmake.task.cmake.build:Building CMake package in '/home/jongo/ros2_ws/src/OrbbecSDK_ROS2/orbbec_camera'
[16.806s] INFO:colcon.colcon_core.shell:Skip shell extension 'powershell' for command environment: Not usable outside of PowerShell
[16.806s] DEBUG:colcon.colcon_core.shell:Skip shell extension 'dsv' for command environment
[17.065s] DEBUG:colcon.colcon_core.event_handler.log_command:Invoked command in '/home/jongo/ros2_ws/src/damin_robot1' returned '0': PYTHONPATH=/home/jongo/ros2_ws/build/damin_robot1/prefix_override:/home/jongo/ros2_ws/install/damin_robot1/lib/python3.10/site-packages:${PYTHONPATH} /usr/bin/python3 setup.py egg_info --egg-base ../../build/damin_robot1 build --build-base /home/jongo/ros2_ws/build/damin_robot1/build install --record /home/jongo/ros2_ws/build/damin_robot1/install.log --single-version-externally-managed
[17.131s] Level 1:colcon.colcon_core.environment:checking '/home/jongo/ros2_ws/install/damin_robot1' for CMake module files
[17.133s] Level 1:colcon.colcon_core.environment:checking '/home/jongo/ros2_ws/install/damin_robot1' for CMake config files
[17.137s] Level 1:colcon.colcon_core.environment:checking '/home/jongo/ros2_ws/install/damin_robot1/lib'
[17.137s] Level 1:colcon.colcon_core.environment:checking '/home/jongo/ros2_ws/install/damin_robot1/bin'
[17.138s] Level 1:colcon.colcon_core.environment:checking '/home/jongo/ros2_ws/install/damin_robot1/lib/pkgconfig/damin_robot1.pc'
[17.138s] Level 1:colcon.colcon_core.environment:checking '/home/jongo/ros2_ws/install/damin_robot1/lib/python3.10/site-packages'
[17.139s] Level 1:colcon.colcon_core.shell:create_environment_hook('damin_robot1', 'pythonpath')
[17.198s] INFO:colcon.colcon_core.shell:Creating environment hook '/home/jongo/ros2_ws/install/damin_robot1/share/damin_robot1/hook/pythonpath.ps1'
[17.200s] INFO:colcon.colcon_core.shell:Creating environment descriptor '/home/jongo/ros2_ws/install/damin_robot1/share/damin_robot1/hook/pythonpath.dsv'
[17.202s] INFO:colcon.colcon_core.shell:Creating environment hook '/home/jongo/ros2_ws/install/damin_robot1/share/damin_robot1/hook/pythonpath.sh'
[17.205s] Level 1:colcon.colcon_core.environment:checking '/home/jongo/ros2_ws/install/damin_robot1/bin'
[17.205s] Level 1:colcon.colcon_core.environment:create_environment_scripts_only(damin_robot1)
[17.264s] INFO:colcon.colcon_core.shell:Creating package script '/home/jongo/ros2_ws/install/damin_robot1/share/damin_robot1/package.ps1'
[17.267s] INFO:colcon.colcon_core.shell:Creating package descriptor '/home/jongo/ros2_ws/install/damin_robot1/share/damin_robot1/package.dsv'
[17.269s] INFO:colcon.colcon_core.shell:Creating package script '/home/jongo/ros2_ws/install/damin_robot1/share/damin_robot1/package.sh'
[17.271s] INFO:colcon.colcon_core.shell:Creating package script '/home/jongo/ros2_ws/install/damin_robot1/share/damin_robot1/package.bash'
[17.273s] INFO:colcon.colcon_core.shell:Creating package script '/home/jongo/ros2_ws/install/damin_robot1/share/damin_robot1/package.zsh'
[17.274s] Level 1:colcon.colcon_core.environment:create_file_with_runtime_dependencies(/home/jongo/ros2_ws/install/damin_robot1/share/colcon-core/packages/damin_robot1)
[17.280s] DEBUG:colcon.colcon_core.event_handler.log_command:Invoked command in '/home/jongo/ros2_ws/src/ld06lidar_pkg' returned '0': PYTHONPATH=/home/jongo/ros2_ws/build/ld06lidar_pkg/prefix_override:/home/jongo/ros2_ws/install/ld06lidar_pkg/lib/python3.10/site-packages:${PYTHONPATH} /usr/bin/python3 setup.py egg_info --egg-base ../../build/ld06lidar_pkg build --build-base /home/jongo/ros2_ws/build/ld06lidar_pkg/build install --record /home/jongo/ros2_ws/build/ld06lidar_pkg/install.log --single-version-externally-managed
[17.339s] Level 1:colcon.colcon_core.environment:checking '/home/jongo/ros2_ws/install/ld06lidar_pkg' for CMake module files
[17.342s] Level 1:colcon.colcon_core.environment:checking '/home/jongo/ros2_ws/install/ld06lidar_pkg' for CMake config files
[17.345s] Level 1:colcon.colcon_core.environment:checking '/home/jongo/ros2_ws/install/ld06lidar_pkg/lib'
[17.345s] Level 1:colcon.colcon_core.environment:checking '/home/jongo/ros2_ws/install/ld06lidar_pkg/bin'
[17.346s] Level 1:colcon.colcon_core.environment:checking '/home/jongo/ros2_ws/install/ld06lidar_pkg/lib/pkgconfig/ld06lidar_pkg.pc'
[17.346s] Level 1:colcon.colcon_core.environment:checking '/home/jongo/ros2_ws/install/ld06lidar_pkg/lib/python3.10/site-packages'
[17.347s] Level 1:colcon.colcon_core.shell:create_environment_hook('ld06lidar_pkg', 'pythonpath')
[17.406s] INFO:colcon.colcon_core.shell:Creating environment hook '/home/jongo/ros2_ws/install/ld06lidar_pkg/share/ld06lidar_pkg/hook/pythonpath.ps1'
[17.408s] INFO:colcon.colcon_core.shell:Creating environment descriptor '/home/jongo/ros2_ws/install/ld06lidar_pkg/share/ld06lidar_pkg/hook/pythonpath.dsv'
[17.410s] INFO:colcon.colcon_core.shell:Creating environment hook '/home/jongo/ros2_ws/install/ld06lidar_pkg/share/ld06lidar_pkg/hook/pythonpath.sh'
[17.412s] Level 1:colcon.colcon_core.environment:checking '/home/jongo/ros2_ws/install/ld06lidar_pkg/bin'
[17.412s] Level 1:colcon.colcon_core.environment:create_environment_scripts_only(ld06lidar_pkg)
[17.471s] INFO:colcon.colcon_core.shell:Creating package script '/home/jongo/ros2_ws/install/ld06lidar_pkg/share/ld06lidar_pkg/package.ps1'
[17.473s] INFO:colcon.colcon_core.shell:Creating package descriptor '/home/jongo/ros2_ws/install/ld06lidar_pkg/share/ld06lidar_pkg/package.dsv'
[17.475s] INFO:colcon.colcon_core.shell:Creating package script '/home/jongo/ros2_ws/install/ld06lidar_pkg/share/ld06lidar_pkg/package.sh'
[17.477s] INFO:colcon.colcon_core.shell:Creating package script '/home/jongo/ros2_ws/install/ld06lidar_pkg/share/ld06lidar_pkg/package.bash'
[17.479s] INFO:colcon.colcon_core.shell:Creating package script '/home/jongo/ros2_ws/install/ld06lidar_pkg/share/ld06lidar_pkg/package.zsh'
[17.480s] Level 1:colcon.colcon_core.environment:create_file_with_runtime_dependencies(/home/jongo/ros2_ws/install/ld06lidar_pkg/share/colcon-core/packages/ld06lidar_pkg)
[17.501s] DEBUG:colcon.colcon_core.event_handler.log_command:Invoking command in '/home/jongo/ros2_ws/build/orbbec_camera': CMAKE_PREFIX_PATH=/home/jongo/ros2_ws/install/orbbec_camera_msgs:/home/jongo/ros2_ws/install/orbbec_description:/home/jongo/ros2_ws/install/ld06lidar_pkg:/home/jongo/ros2_ws/install/damin_robot1:/home/jongo/lidar_depthcam_ws/install/depth_camera:/opt/ros/humble /usr/bin/cmake --build /home/jongo/ros2_ws/build/orbbec_camera -- -j4 -l4
[2596.513s] DEBUG:colcon.colcon_parallel_executor.executor.parallel:run_until_complete was interrupted
[2596.524s] DEBUG:colcon.colcon_parallel_executor.executor.parallel:run_until_complete finished
[2596.524s] DEBUG:colcon.colcon_parallel_executor.executor.parallel:closing loop
[2596.529s] DEBUG:colcon.colcon_parallel_executor.executor.parallel:loop closed
[2596.530s] DEBUG:colcon.colcon_core.event_reactor:joining thread
[2598.167s] INFO:colcon.colcon_core.plugin_system:Skipping extension 'colcon_notification.desktop_notification.notify_send': Could not find 'notify-send'
[2598.168s] INFO:colcon.colcon_core.plugin_system:Skipping extension 'colcon_notification.desktop_notification.terminal_notifier': Not used on non-Darwin systems
[2598.168s] INFO:colcon.colcon_core.plugin_system:Skipping extension 'colcon_notification.desktop_notification.win32': Not used on non-Windows systems
[2598.169s] INFO:colcon.colcon_notification.desktop_notification:Sending desktop notification using 'notify2'
[2598.217s] DEBUG:colcon.colcon_notification.desktop_notification.notify2:Failed to initialize notify2: org.freedesktop.DBus.Error.ServiceUnknown: The name org.freedesktop.Notifications was not provided by any .service files
[2598.218s] DEBUG:colcon.colcon_core.event_reactor:joined thread
[2598.299s] INFO:colcon.colcon_core.shell:Creating prefix script '/home/jongo/ros2_ws/install/local_setup.ps1'
[2598.307s] INFO:colcon.colcon_core.shell:Creating prefix util module '/home/jongo/ros2_ws/install/_local_setup_util_ps1.py'
[2598.316s] INFO:colcon.colcon_core.shell:Creating prefix chain script '/home/jongo/ros2_ws/install/setup.ps1'
[2598.408s] INFO:colcon.colcon_core.shell:Creating prefix script '/home/jongo/ros2_ws/install/local_setup.sh'
[2598.412s] INFO:colcon.colcon_core.shell:Creating prefix util module '/home/jongo/ros2_ws/install/_local_setup_util_sh.py'
[2598.415s] INFO:colcon.colcon_core.shell:Creating prefix chain script '/home/jongo/ros2_ws/install/setup.sh'
[2598.497s] INFO:colcon.colcon_core.shell:Creating prefix script '/home/jongo/ros2_ws/install/local_setup.bash'
[2598.502s] INFO:colcon.colcon_core.shell:Creating prefix chain script '/home/jongo/ros2_ws/install/setup.bash'
[2598.630s] INFO:colcon.colcon_core.shell:Creating prefix script '/home/jongo/ros2_ws/install/local_setup.zsh'
[2598.635s] INFO:colcon.colcon_core.shell:Creating prefix chain script '/home/jongo/ros2_ws/install/setup.zsh'
