running egg_info
writing ../../build/damin_robot1/damin_robot1.egg-info/PKG-INFO
writing dependency_links to ../../build/damin_robot1/damin_robot1.egg-info/dependency_links.txt
writing entry points to ../../build/damin_robot1/damin_robot1.egg-info/entry_points.txt
writing requirements to ../../build/damin_robot1/damin_robot1.egg-info/requires.txt
writing top-level names to ../../build/damin_robot1/damin_robot1.egg-info/top_level.txt
reading manifest file '../../build/damin_robot1/damin_robot1.egg-info/SOURCES.txt'
writing manifest file '../../build/damin_robot1/damin_robot1.egg-info/SOURCES.txt'
running build
running build_py
copying damin_robot1/node2.py -> /home/jongo/ros2_ws/build/damin_robot1/build/lib/damin_robot1
copying damin_robot1/node1.py -> /home/jongo/ros2_ws/build/damin_robot1/build/lib/damin_robot1
running install
running install_lib
copying /home/jongo/ros2_ws/build/damin_robot1/build/lib/damin_robot1/node2.py -> /home/jongo/ros2_ws/install/damin_robot1/lib/python3.10/site-packages/damin_robot1
copying /home/jongo/ros2_ws/build/damin_robot1/build/lib/damin_robot1/node1.py -> /home/jongo/ros2_ws/install/damin_robot1/lib/python3.10/site-packages/damin_robot1
byte-compiling /home/jongo/ros2_ws/install/damin_robot1/lib/python3.10/site-packages/damin_robot1/node2.py to node2.cpython-310.pyc
byte-compiling /home/jongo/ros2_ws/install/damin_robot1/lib/python3.10/site-packages/damin_robot1/node1.py to node1.cpython-310.pyc
running install_data
running install_egg_info
removing '/home/jongo/ros2_ws/install/damin_robot1/lib/python3.10/site-packages/damin_robot1-0.0.0-py3.10.egg-info' (and everything under it)
Copying ../../build/damin_robot1/damin_robot1.egg-info to /home/jongo/ros2_ws/install/damin_robot1/lib/python3.10/site-packages/damin_robot1-0.0.0-py3.10.egg-info
running install_scripts
Installing jongo_node1 = damun_robot1.node1jongo_node2 script to /home/jongo/ros2_ws/install/damin_robot1/lib/damin_robot1
writing list of installed files to '/home/jongo/ros2_ws/build/damin_robot1/install.log'
