[4.113s] Invoking command in '/home/jongo/ros2_ws/src/damin_robot1': PYTHONPATH=/home/jongo/ros2_ws/build/damin_robot1/prefix_override:/home/jongo/ros2_ws/install/damin_robot1/lib/python3.10/site-packages:${PYTHONPATH} /usr/bin/python3 setup.py egg_info --egg-base ../../build/damin_robot1 build --build-base /home/jongo/ros2_ws/build/damin_robot1/build install --record /home/jongo/ros2_ws/build/damin_robot1/install.log --single-version-externally-managed
[5.314s] running egg_info
[5.317s] writing ../../build/damin_robot1/damin_robot1.egg-info/PKG-INFO
[5.318s] writing dependency_links to ../../build/damin_robot1/damin_robot1.egg-info/dependency_links.txt
[5.319s] writing entry points to ../../build/damin_robot1/damin_robot1.egg-info/entry_points.txt
[5.320s] writing requirements to ../../build/damin_robot1/damin_robot1.egg-info/requires.txt
[5.321s] writing top-level names to ../../build/damin_robot1/damin_robot1.egg-info/top_level.txt
[5.331s] reading manifest file '../../build/damin_robot1/damin_robot1.egg-info/SOURCES.txt'
[5.336s] writing manifest file '../../build/damin_robot1/damin_robot1.egg-info/SOURCES.txt'
[5.336s] running build
[5.337s] running build_py
[5.337s] copying damin_robot1/node2.py -> /home/jongo/ros2_ws/build/damin_robot1/build/lib/damin_robot1
[5.338s] copying damin_robot1/node1.py -> /home/jongo/ros2_ws/build/damin_robot1/build/lib/damin_robot1
[5.340s] running install
[5.342s] running install_lib
[5.346s] copying /home/jongo/ros2_ws/build/damin_robot1/build/lib/damin_robot1/node2.py -> /home/jongo/ros2_ws/install/damin_robot1/lib/python3.10/site-packages/damin_robot1
[5.347s] copying /home/jongo/ros2_ws/build/damin_robot1/build/lib/damin_robot1/node1.py -> /home/jongo/ros2_ws/install/damin_robot1/lib/python3.10/site-packages/damin_robot1
[5.351s] byte-compiling /home/jongo/ros2_ws/install/damin_robot1/lib/python3.10/site-packages/damin_robot1/node2.py to node2.cpython-310.pyc
[5.353s] byte-compiling /home/jongo/ros2_ws/install/damin_robot1/lib/python3.10/site-packages/damin_robot1/node1.py to node1.cpython-310.pyc
[5.356s] running install_data
[5.358s] running install_egg_info
[5.366s] removing '/home/jongo/ros2_ws/install/damin_robot1/lib/python3.10/site-packages/damin_robot1-0.0.0-py3.10.egg-info' (and everything under it)
[5.369s] Copying ../../build/damin_robot1/damin_robot1.egg-info to /home/jongo/ros2_ws/install/damin_robot1/lib/python3.10/site-packages/damin_robot1-0.0.0-py3.10.egg-info
[5.378s] running install_scripts
[5.450s] Installing jongo_node1 = damun_robot1.node1jongo_node2 script to /home/jongo/ros2_ws/install/damin_robot1/lib/damin_robot1
[5.451s] writing list of installed files to '/home/jongo/ros2_ws/build/damin_robot1/install.log'
[5.598s] Invoked command in '/home/jongo/ros2_ws/src/damin_robot1' returned '0': PYTHONPATH=/home/jongo/ros2_ws/build/damin_robot1/prefix_override:/home/jongo/ros2_ws/install/damin_robot1/lib/python3.10/site-packages:${PYTHONPATH} /usr/bin/python3 setup.py egg_info --egg-base ../../build/damin_robot1 build --build-base /home/jongo/ros2_ws/build/damin_robot1/build install --record /home/jongo/ros2_ws/build/damin_robot1/install.log --single-version-externally-managed
