[4.291s] DEBUG:colcon:Command line arguments: ['/usr/bin/colcon', 'build']
[4.292s] DEBUG:colcon:Parsed command line arguments: Namespace(log_base=None, log_level=None, verb_name='build', build_base='build', install_base='install', merge_install=False, symlink_install=False, test_result_base=None, continue_on_error=False, executor='parallel', parallel_workers=4, event_handlers=None, ignore_user_meta=False, metas=['./colcon.meta'], base_paths=['.'], packages_ignore=None, packages_ignore_regex=None, paths=None, packages_up_to=None, packages_up_to_regex=None, packages_above=None, packages_above_and_dependencies=None, packages_above_depth=None, packages_select_by_dep=None, packages_skip_by_dep=None, packages_skip_up_to=None, packages_select_build_failed=False, packages_skip_build_finished=False, packages_select_test_failures=False, packages_skip_test_passed=False, packages_select=None, packages_skip=None, packages_select_regex=None, packages_skip_regex=None, packages_start=None, packages_end=None, allow_overriding=[], cmake_args=None, cmake_target=None, cmake_target_skip_unavailable=False, cmake_clean_cache=False, cmake_clean_first=False, cmake_force_configure=False, ament_cmake_args=None, catkin_cmake_args=None, catkin_skip_building_tests=False, verb_parser=<colcon_defaults.argument_parser.defaults.DefaultArgumentsDecorator object at 0xffffa5357fa0>, verb_extension=<colcon_core.verb.build.BuildVerb object at 0xffffa5668a90>, main=<bound method BuildVerb.main of <colcon_core.verb.build.BuildVerb object at 0xffffa5668a90>>)
[4.506s] Level 1:colcon.colcon_core.package_discovery:discover_packages(colcon_meta) check parameters
[4.507s] Level 1:colcon.colcon_core.package_discovery:discover_packages(recursive) check parameters
[4.507s] Level 1:colcon.colcon_core.package_discovery:discover_packages(ignore) check parameters
[4.507s] Level 1:colcon.colcon_core.package_discovery:discover_packages(path) check parameters
[4.507s] Level 1:colcon.colcon_core.package_discovery:discover_packages(colcon_meta) discover
[4.507s] Level 1:colcon.colcon_core.package_discovery:discover_packages(recursive) discover
[4.508s] INFO:colcon.colcon_core.package_discovery:Crawling recursively for packages in '/home/jongo/ros2_ws'
[4.508s] Level 1:colcon.colcon_core.package_identification:_identify(.) by extensions ['ignore', 'ignore_ament_install']
[4.508s] Level 1:colcon.colcon_core.package_identification:_identify(.) by extension 'ignore'
[4.509s] Level 1:colcon.colcon_core.package_identification:_identify(.) by extension 'ignore_ament_install'
[4.509s] Level 1:colcon.colcon_core.package_identification:_identify(.) by extensions ['colcon_pkg']
[4.509s] Level 1:colcon.colcon_core.package_identification:_identify(.) by extension 'colcon_pkg'
[4.509s] Level 1:colcon.colcon_core.package_identification:_identify(.) by extensions ['colcon_meta']
[4.509s] Level 1:colcon.colcon_core.package_identification:_identify(.) by extension 'colcon_meta'
[4.510s] Level 1:colcon.colcon_core.package_identification:_identify(.) by extensions ['ros']
[4.510s] Level 1:colcon.colcon_core.package_identification:_identify(.) by extension 'ros'
[4.558s] Level 1:colcon.colcon_core.package_identification:_identify(.) by extensions ['cmake', 'python']
[4.558s] Level 1:colcon.colcon_core.package_identification:_identify(.) by extension 'cmake'
[4.558s] Level 1:colcon.colcon_core.package_identification:_identify(.) by extension 'python'
[4.558s] Level 1:colcon.colcon_core.package_identification:_identify(.) by extensions ['python_setup_py']
[4.559s] Level 1:colcon.colcon_core.package_identification:_identify(.) by extension 'python_setup_py'
[4.559s] Level 1:colcon.colcon_core.package_identification:_identify(build) by extensions ['ignore', 'ignore_ament_install']
[4.560s] Level 1:colcon.colcon_core.package_identification:_identify(build) by extension 'ignore'
[4.560s] Level 1:colcon.colcon_core.package_identification:_identify(build) ignored
[4.561s] Level 1:colcon.colcon_core.package_identification:_identify(install) by extensions ['ignore', 'ignore_ament_install']
[4.561s] Level 1:colcon.colcon_core.package_identification:_identify(install) by extension 'ignore'
[4.561s] Level 1:colcon.colcon_core.package_identification:_identify(install) ignored
[4.562s] Level 1:colcon.colcon_core.package_identification:_identify(log) by extensions ['ignore', 'ignore_ament_install']
[4.562s] Level 1:colcon.colcon_core.package_identification:_identify(log) by extension 'ignore'
[4.562s] Level 1:colcon.colcon_core.package_identification:_identify(log) ignored
[4.563s] Level 1:colcon.colcon_core.package_identification:_identify(src) by extensions ['ignore', 'ignore_ament_install']
[4.563s] Level 1:colcon.colcon_core.package_identification:_identify(src) by extension 'ignore'
[4.563s] Level 1:colcon.colcon_core.package_identification:_identify(src) by extension 'ignore_ament_install'
[4.564s] Level 1:colcon.colcon_core.package_identification:_identify(src) by extensions ['colcon_pkg']
[4.564s] Level 1:colcon.colcon_core.package_identification:_identify(src) by extension 'colcon_pkg'
[4.564s] Level 1:colcon.colcon_core.package_identification:_identify(src) by extensions ['colcon_meta']
[4.564s] Level 1:colcon.colcon_core.package_identification:_identify(src) by extension 'colcon_meta'
[4.564s] Level 1:colcon.colcon_core.package_identification:_identify(src) by extensions ['ros']
[4.564s] Level 1:colcon.colcon_core.package_identification:_identify(src) by extension 'ros'
[4.565s] Level 1:colcon.colcon_core.package_identification:_identify(src) by extensions ['cmake', 'python']
[4.565s] Level 1:colcon.colcon_core.package_identification:_identify(src) by extension 'cmake'
[4.565s] Level 1:colcon.colcon_core.package_identification:_identify(src) by extension 'python'
[4.565s] Level 1:colcon.colcon_core.package_identification:_identify(src) by extensions ['python_setup_py']
[4.565s] Level 1:colcon.colcon_core.package_identification:_identify(src) by extension 'python_setup_py'
[4.566s] Level 1:colcon.colcon_core.package_identification:_identify(src/damin_robot1) by extensions ['ignore', 'ignore_ament_install']
[4.566s] Level 1:colcon.colcon_core.package_identification:_identify(src/damin_robot1) by extension 'ignore'
[4.567s] Level 1:colcon.colcon_core.package_identification:_identify(src/damin_robot1) by extension 'ignore_ament_install'
[4.567s] Level 1:colcon.colcon_core.package_identification:_identify(src/damin_robot1) by extensions ['colcon_pkg']
[4.567s] Level 1:colcon.colcon_core.package_identification:_identify(src/damin_robot1) by extension 'colcon_pkg'
[4.567s] Level 1:colcon.colcon_core.package_identification:_identify(src/damin_robot1) by extensions ['colcon_meta']
[4.567s] Level 1:colcon.colcon_core.package_identification:_identify(src/damin_robot1) by extension 'colcon_meta'
[4.568s] Level 1:colcon.colcon_core.package_identification:_identify(src/damin_robot1) by extensions ['ros']
[4.568s] Level 1:colcon.colcon_core.package_identification:_identify(src/damin_robot1) by extension 'ros'
[4.577s] DEBUG:colcon.colcon_core.package_identification:Package 'src/damin_robot1' with type 'ros.ament_python' and name 'damin_robot1'
[4.577s] Level 1:colcon.colcon_core.package_discovery:discover_packages(recursive) using defaults
[4.577s] Level 1:colcon.colcon_core.package_discovery:discover_packages(ignore) discover
[4.577s] Level 1:colcon.colcon_core.package_discovery:discover_packages(ignore) using defaults
[4.577s] Level 1:colcon.colcon_core.package_discovery:discover_packages(path) discover
[4.577s] Level 1:colcon.colcon_core.package_discovery:discover_packages(path) using defaults
[4.958s] Level 1:colcon.colcon_core.package_discovery:discover_packages(prefix_path) check parameters
[4.959s] Level 1:colcon.colcon_core.package_discovery:discover_packages(prefix_path) discover
[5.154s] DEBUG:colcon.colcon_installed_package_information.package_discovery:Found 1 installed packages in /home/jongo/ros2_ws/install
[5.222s] DEBUG:colcon.colcon_installed_package_information.package_discovery:Found 270 installed packages in /opt/ros/humble
[5.228s] Level 1:colcon.colcon_core.package_discovery:discover_packages(prefix_path) using defaults
[5.616s] Level 5:colcon.colcon_core.verb:set package 'damin_robot1' build argument 'cmake_args' from command line to 'None'
[5.616s] Level 5:colcon.colcon_core.verb:set package 'damin_robot1' build argument 'cmake_target' from command line to 'None'
[5.616s] Level 5:colcon.colcon_core.verb:set package 'damin_robot1' build argument 'cmake_target_skip_unavailable' from command line to 'False'
[5.616s] Level 5:colcon.colcon_core.verb:set package 'damin_robot1' build argument 'cmake_clean_cache' from command line to 'False'
[5.616s] Level 5:colcon.colcon_core.verb:set package 'damin_robot1' build argument 'cmake_clean_first' from command line to 'False'
[5.616s] Level 5:colcon.colcon_core.verb:set package 'damin_robot1' build argument 'cmake_force_configure' from command line to 'False'
[5.616s] Level 5:colcon.colcon_core.verb:set package 'damin_robot1' build argument 'ament_cmake_args' from command line to 'None'
[5.617s] Level 5:colcon.colcon_core.verb:set package 'damin_robot1' build argument 'catkin_cmake_args' from command line to 'None'
[5.617s] Level 5:colcon.colcon_core.verb:set package 'damin_robot1' build argument 'catkin_skip_building_tests' from command line to 'False'
[5.617s] DEBUG:colcon.colcon_core.verb:Building package 'damin_robot1' with the following arguments: {'ament_cmake_args': None, 'build_base': '/home/jongo/ros2_ws/build/damin_robot1', 'catkin_cmake_args': None, 'catkin_skip_building_tests': False, 'cmake_args': None, 'cmake_clean_cache': False, 'cmake_clean_first': False, 'cmake_force_configure': False, 'cmake_target': None, 'cmake_target_skip_unavailable': False, 'install_base': '/home/jongo/ros2_ws/install/damin_robot1', 'merge_install': False, 'path': '/home/jongo/ros2_ws/src/damin_robot1', 'symlink_install': False, 'test_result_base': None}
[5.675s] INFO:colcon.colcon_core.executor:Executing jobs using 'parallel' executor
[5.739s] DEBUG:colcon.colcon_parallel_executor.executor.parallel:run_until_complete
[5.740s] INFO:colcon.colcon_ros.task.ament_python.build:Building ROS package in '/home/jongo/ros2_ws/src/damin_robot1' with build type 'ament_python'
[5.741s] Level 1:colcon.colcon_core.shell:create_environment_hook('damin_robot1', 'ament_prefix_path')
[5.821s] INFO:colcon.colcon_core.plugin_system:Skipping extension 'colcon_core.shell.bat': Not used on non-Windows systems
[5.822s] INFO:colcon.colcon_core.shell:Creating environment hook '/home/jongo/ros2_ws/install/damin_robot1/share/damin_robot1/hook/ament_prefix_path.ps1'
[5.825s] INFO:colcon.colcon_core.shell:Creating environment descriptor '/home/jongo/ros2_ws/install/damin_robot1/share/damin_robot1/hook/ament_prefix_path.dsv'
[5.827s] INFO:colcon.colcon_core.shell:Creating environment hook '/home/jongo/ros2_ws/install/damin_robot1/share/damin_robot1/hook/ament_prefix_path.sh'
[5.898s] INFO:colcon.colcon_core.shell:Skip shell extension 'powershell' for command environment: Not usable outside of PowerShell
[5.899s] DEBUG:colcon.colcon_core.shell:Skip shell extension 'dsv' for command environment
[7.352s] INFO:colcon.colcon_core.task.python.build:Building Python package in '/home/jongo/ros2_ws/src/damin_robot1'
[7.415s] INFO:colcon.colcon_core.shell:Skip shell extension 'powershell' for command environment: Not usable outside of PowerShell
[7.416s] DEBUG:colcon.colcon_core.shell:Skip shell extension 'dsv' for command environment
[9.474s] DEBUG:colcon.colcon_core.event_handler.log_command:Invoking command in '/home/jongo/ros2_ws/src/damin_robot1': PYTHONPATH=/home/jongo/ros2_ws/build/damin_robot1/prefix_override:/home/jongo/ros2_ws/install/damin_robot1/lib/python3.10/site-packages:${PYTHONPATH} /usr/bin/python3 setup.py egg_info --egg-base ../../build/damin_robot1 build --build-base /home/jongo/ros2_ws/build/damin_robot1/build install --record /home/jongo/ros2_ws/build/damin_robot1/install.log --single-version-externally-managed
[10.909s] DEBUG:colcon.colcon_core.event_handler.log_command:Invoked command in '/home/jongo/ros2_ws/src/damin_robot1' returned '0': PYTHONPATH=/home/jongo/ros2_ws/build/damin_robot1/prefix_override:/home/jongo/ros2_ws/install/damin_robot1/lib/python3.10/site-packages:${PYTHONPATH} /usr/bin/python3 setup.py egg_info --egg-base ../../build/damin_robot1 build --build-base /home/jongo/ros2_ws/build/damin_robot1/build install --record /home/jongo/ros2_ws/build/damin_robot1/install.log --single-version-externally-managed
[11.080s] Level 1:colcon.colcon_core.environment:checking '/home/jongo/ros2_ws/install/damin_robot1' for CMake module files
[11.083s] Level 1:colcon.colcon_core.environment:checking '/home/jongo/ros2_ws/install/damin_robot1' for CMake config files
[11.087s] Level 1:colcon.colcon_core.environment:checking '/home/jongo/ros2_ws/install/damin_robot1/lib'
[11.088s] Level 1:colcon.colcon_core.environment:checking '/home/jongo/ros2_ws/install/damin_robot1/bin'
[11.088s] Level 1:colcon.colcon_core.environment:checking '/home/jongo/ros2_ws/install/damin_robot1/lib/pkgconfig/damin_robot1.pc'
[11.089s] Level 1:colcon.colcon_core.environment:checking '/home/jongo/ros2_ws/install/damin_robot1/lib/python3.10/site-packages'
[11.089s] Level 1:colcon.colcon_core.shell:create_environment_hook('damin_robot1', 'pythonpath')
[11.154s] INFO:colcon.colcon_core.shell:Creating environment hook '/home/jongo/ros2_ws/install/damin_robot1/share/damin_robot1/hook/pythonpath.ps1'
[11.156s] INFO:colcon.colcon_core.shell:Creating environment descriptor '/home/jongo/ros2_ws/install/damin_robot1/share/damin_robot1/hook/pythonpath.dsv'
[11.158s] INFO:colcon.colcon_core.shell:Creating environment hook '/home/jongo/ros2_ws/install/damin_robot1/share/damin_robot1/hook/pythonpath.sh'
[11.160s] Level 1:colcon.colcon_core.environment:checking '/home/jongo/ros2_ws/install/damin_robot1/bin'
[11.161s] Level 1:colcon.colcon_core.environment:create_environment_scripts_only(damin_robot1)
[11.223s] INFO:colcon.colcon_core.shell:Creating package script '/home/jongo/ros2_ws/install/damin_robot1/share/damin_robot1/package.ps1'
[11.227s] INFO:colcon.colcon_core.shell:Creating package descriptor '/home/jongo/ros2_ws/install/damin_robot1/share/damin_robot1/package.dsv'
[11.229s] INFO:colcon.colcon_core.shell:Creating package script '/home/jongo/ros2_ws/install/damin_robot1/share/damin_robot1/package.sh'
[11.233s] INFO:colcon.colcon_core.shell:Creating package script '/home/jongo/ros2_ws/install/damin_robot1/share/damin_robot1/package.bash'
[11.237s] INFO:colcon.colcon_core.shell:Creating package script '/home/jongo/ros2_ws/install/damin_robot1/share/damin_robot1/package.zsh'
[11.240s] Level 1:colcon.colcon_core.environment:create_file_with_runtime_dependencies(/home/jongo/ros2_ws/install/damin_robot1/share/colcon-core/packages/damin_robot1)
[11.241s] DEBUG:colcon.colcon_parallel_executor.executor.parallel:closing loop
[11.243s] DEBUG:colcon.colcon_parallel_executor.executor.parallel:loop closed
[11.243s] DEBUG:colcon.colcon_parallel_executor.executor.parallel:run_until_complete finished with '0'
[11.244s] DEBUG:colcon.colcon_core.event_reactor:joining thread
[11.332s] INFO:colcon.colcon_core.plugin_system:Skipping extension 'colcon_notification.desktop_notification.notify_send': Could not find 'notify-send'
[11.333s] INFO:colcon.colcon_core.plugin_system:Skipping extension 'colcon_notification.desktop_notification.terminal_notifier': Not used on non-Darwin systems
[11.333s] INFO:colcon.colcon_core.plugin_system:Skipping extension 'colcon_notification.desktop_notification.win32': Not used on non-Windows systems
[11.334s] INFO:colcon.colcon_notification.desktop_notification:Sending desktop notification using 'notify2'
[11.337s] DEBUG:colcon.colcon_notification.desktop_notification.notify2:Failed to initialize notify2: org.freedesktop.DBus.Error.ServiceUnknown: The name org.freedesktop.Notifications was not provided by any .service files
[11.338s] DEBUG:colcon.colcon_core.event_reactor:joined thread
[11.406s] INFO:colcon.colcon_core.shell:Creating prefix script '/home/jongo/ros2_ws/install/local_setup.ps1'
[11.410s] INFO:colcon.colcon_core.shell:Creating prefix util module '/home/jongo/ros2_ws/install/_local_setup_util_ps1.py'
[11.415s] INFO:colcon.colcon_core.shell:Creating prefix chain script '/home/jongo/ros2_ws/install/setup.ps1'
[11.495s] INFO:colcon.colcon_core.shell:Creating prefix script '/home/jongo/ros2_ws/install/local_setup.sh'
[11.497s] INFO:colcon.colcon_core.shell:Creating prefix util module '/home/jongo/ros2_ws/install/_local_setup_util_sh.py'
[11.500s] INFO:colcon.colcon_core.shell:Creating prefix chain script '/home/jongo/ros2_ws/install/setup.sh'
[11.605s] INFO:colcon.colcon_core.shell:Creating prefix script '/home/jongo/ros2_ws/install/local_setup.bash'
[11.607s] INFO:colcon.colcon_core.shell:Creating prefix chain script '/home/jongo/ros2_ws/install/setup.bash'
[11.675s] INFO:colcon.colcon_core.shell:Creating prefix script '/home/jongo/ros2_ws/install/local_setup.zsh'
[11.678s] INFO:colcon.colcon_core.shell:Creating prefix chain script '/home/jongo/ros2_ws/install/setup.zsh'
