running egg_info
creating ../../build/damin_robot1/damin_robot1.egg-info
writing ../../build/damin_robot1/damin_robot1.egg-info/PKG-INFO
writing dependency_links to ../../build/damin_robot1/damin_robot1.egg-info/dependency_links.txt
writing entry points to ../../build/damin_robot1/damin_robot1.egg-info/entry_points.txt
writing requirements to ../../build/damin_robot1/damin_robot1.egg-info/requires.txt
writing top-level names to ../../build/damin_robot1/damin_robot1.egg-info/top_level.txt
writing manifest file '../../build/damin_robot1/damin_robot1.egg-info/SOURCES.txt'
reading manifest file '../../build/damin_robot1/damin_robot1.egg-info/SOURCES.txt'
writing manifest file '../../build/damin_robot1/damin_robot1.egg-info/SOURCES.txt'
running build
running build_py
creating /home/jongo/ros2_ws/build/damin_robot1/build
creating /home/jongo/ros2_ws/build/damin_robot1/build/lib
creating /home/jongo/ros2_ws/build/damin_robot1/build/lib/damin_robot1
copying damin_robot1/__init__.py -> /home/jongo/ros2_ws/build/damin_robot1/build/lib/damin_robot1
running install
running install_lib
creating /home/jongo/ros2_ws/install/damin_robot1/lib/python3.10/site-packages/damin_robot1
copying /home/jongo/ros2_ws/build/damin_robot1/build/lib/damin_robot1/__init__.py -> /home/jongo/ros2_ws/install/damin_robot1/lib/python3.10/site-packages/damin_robot1
byte-compiling /home/jongo/ros2_ws/install/damin_robot1/lib/python3.10/site-packages/damin_robot1/__init__.py to __init__.cpython-310.pyc
running install_data
creating /home/jongo/ros2_ws/install/damin_robot1/share/ament_index
creating /home/jongo/ros2_ws/install/damin_robot1/share/ament_index/resource_index
creating /home/jongo/ros2_ws/install/damin_robot1/share/ament_index/resource_index/packages
copying resource/damin_robot1 -> /home/jongo/ros2_ws/install/damin_robot1/share/ament_index/resource_index/packages
copying package.xml -> /home/jongo/ros2_ws/install/damin_robot1/share/damin_robot1
running install_egg_info
Copying ../../build/damin_robot1/damin_robot1.egg-info to /home/jongo/ros2_ws/install/damin_robot1/lib/python3.10/site-packages/damin_robot1-0.0.0-py3.10.egg-info
running install_scripts
writing list of installed files to '/home/jongo/ros2_ws/build/damin_robot1/install.log'
