[3.611s] Invoking command in '/home/jongo/ros2_ws/src/damin_robot1': PYTHONPATH=/home/jongo/ros2_ws/build/damin_robot1/prefix_override:/home/jongo/ros2_ws/install/damin_robot1/lib/python3.10/site-packages:${PYTHONPATH} /usr/bin/python3 setup.py egg_info --egg-base ../../build/damin_robot1 build --build-base /home/jongo/ros2_ws/build/damin_robot1/build install --record /home/jongo/ros2_ws/build/damin_robot1/install.log --single-version-externally-managed
[4.629s] running egg_info
[4.631s] creating ../../build/damin_robot1/damin_robot1.egg-info
[4.632s] writing ../../build/damin_robot1/damin_robot1.egg-info/PKG-INFO
[4.633s] writing dependency_links to ../../build/damin_robot1/damin_robot1.egg-info/dependency_links.txt
[4.633s] writing entry points to ../../build/damin_robot1/damin_robot1.egg-info/entry_points.txt
[4.634s] writing requirements to ../../build/damin_robot1/damin_robot1.egg-info/requires.txt
[4.634s] writing top-level names to ../../build/damin_robot1/damin_robot1.egg-info/top_level.txt
[4.635s] writing manifest file '../../build/damin_robot1/damin_robot1.egg-info/SOURCES.txt'
[4.642s] reading manifest file '../../build/damin_robot1/damin_robot1.egg-info/SOURCES.txt'
[4.645s] writing manifest file '../../build/damin_robot1/damin_robot1.egg-info/SOURCES.txt'
[4.646s] running build
[4.646s] running build_py
[4.647s] creating /home/jongo/ros2_ws/build/damin_robot1/build
[4.647s] creating /home/jongo/ros2_ws/build/damin_robot1/build/lib
[4.648s] creating /home/jongo/ros2_ws/build/damin_robot1/build/lib/damin_robot1
[4.648s] copying damin_robot1/__init__.py -> /home/jongo/ros2_ws/build/damin_robot1/build/lib/damin_robot1
[4.648s] running install
[4.650s] /usr/lib/python3/dist-packages/setuptools/command/install.py:34: SetuptoolsDeprecationWarning: setup.py install is deprecated. Use build and pip and other standards-based tools.
[4.650s]   warnings.warn(
[4.651s] running install_lib
[4.654s] creating /home/jongo/ros2_ws/install/damin_robot1/lib/python3.10/site-packages/damin_robot1
[4.654s] copying /home/jongo/ros2_ws/build/damin_robot1/build/lib/damin_robot1/__init__.py -> /home/jongo/ros2_ws/install/damin_robot1/lib/python3.10/site-packages/damin_robot1
[4.657s] byte-compiling /home/jongo/ros2_ws/install/damin_robot1/lib/python3.10/site-packages/damin_robot1/__init__.py to __init__.cpython-310.pyc
[4.658s] running install_data
[4.660s] creating /home/jongo/ros2_ws/install/damin_robot1/share/ament_index
[4.661s] creating /home/jongo/ros2_ws/install/damin_robot1/share/ament_index/resource_index
[4.661s] creating /home/jongo/ros2_ws/install/damin_robot1/share/ament_index/resource_index/packages
[4.662s] copying resource/damin_robot1 -> /home/jongo/ros2_ws/install/damin_robot1/share/ament_index/resource_index/packages
[4.662s] copying package.xml -> /home/jongo/ros2_ws/install/damin_robot1/share/damin_robot1
[4.663s] running install_egg_info
[4.669s] Copying ../../build/damin_robot1/damin_robot1.egg-info to /home/jongo/ros2_ws/install/damin_robot1/lib/python3.10/site-packages/damin_robot1-0.0.0-py3.10.egg-info
[4.674s] running install_scripts
[4.752s] writing list of installed files to '/home/jongo/ros2_ws/build/damin_robot1/install.log'
[4.866s] Invoked command in '/home/jongo/ros2_ws/src/damin_robot1' returned '0': PYTHONPATH=/home/jongo/ros2_ws/build/damin_robot1/prefix_override:/home/jongo/ros2_ws/install/damin_robot1/lib/python3.10/site-packages:${PYTHONPATH} /usr/bin/python3 setup.py egg_info --egg-base ../../build/damin_robot1 build --build-base /home/jongo/ros2_ws/build/damin_robot1/build install --record /home/jongo/ros2_ws/build/damin_robot1/install.log --single-version-externally-managed
