[4.783s] DEBUG:colcon:Command line arguments: ['/usr/bin/colcon', 'build', '--event-handlers', 'console_direct+', '--cmake-args', '-DCMAKE_BUILD_TYPE=Release']
[4.783s] DEBUG:colcon:Parsed command line arguments: Namespace(log_base=None, log_level=None, verb_name='build', build_base='build', install_base='install', merge_install=False, symlink_install=False, test_result_base=None, continue_on_error=False, executor='parallel', parallel_workers=4, event_handlers=['console_direct+'], ignore_user_meta=False, metas=['./colcon.meta'], base_paths=['.'], packages_ignore=None, packages_ignore_regex=None, paths=None, packages_up_to=None, packages_up_to_regex=None, packages_above=None, packages_above_and_dependencies=None, packages_above_depth=None, packages_select_by_dep=None, packages_skip_by_dep=None, packages_skip_up_to=None, packages_select_build_failed=False, packages_skip_build_finished=False, packages_select_test_failures=False, packages_skip_test_passed=False, packages_select=None, packages_skip=None, packages_select_regex=None, packages_skip_regex=None, packages_start=None, packages_end=None, allow_overriding=[], cmake_args=['-DCMAKE_BUILD_TYPE=Release'], cmake_target=None, cmake_target_skip_unavailable=False, cmake_clean_cache=False, cmake_clean_first=False, cmake_force_configure=False, ament_cmake_args=None, catkin_cmake_args=None, catkin_skip_building_tests=False, verb_parser=<colcon_defaults.argument_parser.defaults.DefaultArgumentsDecorator object at 0xffff9d0224a0>, verb_extension=<colcon_core.verb.build.BuildVerb object at 0xffff9d355000>, main=<bound method BuildVerb.main of <colcon_core.verb.build.BuildVerb object at 0xffff9d355000>>)
[5.054s] Level 1:colcon.colcon_core.package_discovery:discover_packages(colcon_meta) check parameters
[5.055s] Level 1:colcon.colcon_core.package_discovery:discover_packages(recursive) check parameters
[5.055s] Level 1:colcon.colcon_core.package_discovery:discover_packages(ignore) check parameters
[5.055s] Level 1:colcon.colcon_core.package_discovery:discover_packages(path) check parameters
[5.055s] Level 1:colcon.colcon_core.package_discovery:discover_packages(colcon_meta) discover
[5.055s] Level 1:colcon.colcon_core.package_discovery:discover_packages(recursive) discover
[5.055s] INFO:colcon.colcon_core.package_discovery:Crawling recursively for packages in '/home/jongo/ros2_ws'
[5.056s] Level 1:colcon.colcon_core.package_identification:_identify(.) by extensions ['ignore', 'ignore_ament_install']
[5.056s] Level 1:colcon.colcon_core.package_identification:_identify(.) by extension 'ignore'
[5.056s] Level 1:colcon.colcon_core.package_identification:_identify(.) by extension 'ignore_ament_install'
[5.056s] Level 1:colcon.colcon_core.package_identification:_identify(.) by extensions ['colcon_pkg']
[5.057s] Level 1:colcon.colcon_core.package_identification:_identify(.) by extension 'colcon_pkg'
[5.057s] Level 1:colcon.colcon_core.package_identification:_identify(.) by extensions ['colcon_meta']
[5.057s] Level 1:colcon.colcon_core.package_identification:_identify(.) by extension 'colcon_meta'
[5.057s] Level 1:colcon.colcon_core.package_identification:_identify(.) by extensions ['ros']
[5.057s] Level 1:colcon.colcon_core.package_identification:_identify(.) by extension 'ros'
[5.123s] Level 1:colcon.colcon_core.package_identification:_identify(.) by extensions ['cmake', 'python']
[5.124s] Level 1:colcon.colcon_core.package_identification:_identify(.) by extension 'cmake'
[5.124s] Level 1:colcon.colcon_core.package_identification:_identify(.) by extension 'python'
[5.124s] Level 1:colcon.colcon_core.package_identification:_identify(.) by extensions ['python_setup_py']
[5.124s] Level 1:colcon.colcon_core.package_identification:_identify(.) by extension 'python_setup_py'
[5.125s] Level 1:colcon.colcon_core.package_identification:_identify(build) by extensions ['ignore', 'ignore_ament_install']
[5.125s] Level 1:colcon.colcon_core.package_identification:_identify(build) by extension 'ignore'
[5.125s] Level 1:colcon.colcon_core.package_identification:_identify(build) ignored
[5.126s] Level 1:colcon.colcon_core.package_identification:_identify(install) by extensions ['ignore', 'ignore_ament_install']
[5.126s] Level 1:colcon.colcon_core.package_identification:_identify(install) by extension 'ignore'
[5.127s] Level 1:colcon.colcon_core.package_identification:_identify(install) ignored
[5.128s] Level 1:colcon.colcon_core.package_identification:_identify(log) by extensions ['ignore', 'ignore_ament_install']
[5.128s] Level 1:colcon.colcon_core.package_identification:_identify(log) by extension 'ignore'
[5.128s] Level 1:colcon.colcon_core.package_identification:_identify(log) ignored
[5.129s] Level 1:colcon.colcon_core.package_identification:_identify(src) by extensions ['ignore', 'ignore_ament_install']
[5.129s] Level 1:colcon.colcon_core.package_identification:_identify(src) by extension 'ignore'
[5.129s] Level 1:colcon.colcon_core.package_identification:_identify(src) by extension 'ignore_ament_install'
[5.129s] Level 1:colcon.colcon_core.package_identification:_identify(src) by extensions ['colcon_pkg']
[5.130s] Level 1:colcon.colcon_core.package_identification:_identify(src) by extension 'colcon_pkg'
[5.130s] Level 1:colcon.colcon_core.package_identification:_identify(src) by extensions ['colcon_meta']
[5.130s] Level 1:colcon.colcon_core.package_identification:_identify(src) by extension 'colcon_meta'
[5.130s] Level 1:colcon.colcon_core.package_identification:_identify(src) by extensions ['ros']
[5.130s] Level 1:colcon.colcon_core.package_identification:_identify(src) by extension 'ros'
[5.130s] Level 1:colcon.colcon_core.package_identification:_identify(src) by extensions ['cmake', 'python']
[5.131s] Level 1:colcon.colcon_core.package_identification:_identify(src) by extension 'cmake'
[5.131s] Level 1:colcon.colcon_core.package_identification:_identify(src) by extension 'python'
[5.131s] Level 1:colcon.colcon_core.package_identification:_identify(src) by extensions ['python_setup_py']
[5.131s] Level 1:colcon.colcon_core.package_identification:_identify(src) by extension 'python_setup_py'
[5.132s] Level 1:colcon.colcon_core.package_identification:_identify(src/OrbbecSDK_ROS2) by extensions ['ignore', 'ignore_ament_install']
[5.132s] Level 1:colcon.colcon_core.package_identification:_identify(src/OrbbecSDK_ROS2) by extension 'ignore'
[5.132s] Level 1:colcon.colcon_core.package_identification:_identify(src/OrbbecSDK_ROS2) by extension 'ignore_ament_install'
[5.132s] Level 1:colcon.colcon_core.package_identification:_identify(src/OrbbecSDK_ROS2) by extensions ['colcon_pkg']
[5.132s] Level 1:colcon.colcon_core.package_identification:_identify(src/OrbbecSDK_ROS2) by extension 'colcon_pkg'
[5.133s] Level 1:colcon.colcon_core.package_identification:_identify(src/OrbbecSDK_ROS2) by extensions ['colcon_meta']
[5.133s] Level 1:colcon.colcon_core.package_identification:_identify(src/OrbbecSDK_ROS2) by extension 'colcon_meta'
[5.133s] Level 1:colcon.colcon_core.package_identification:_identify(src/OrbbecSDK_ROS2) by extensions ['ros']
[5.133s] Level 1:colcon.colcon_core.package_identification:_identify(src/OrbbecSDK_ROS2) by extension 'ros'
[5.133s] Level 1:colcon.colcon_core.package_identification:_identify(src/OrbbecSDK_ROS2) by extensions ['cmake', 'python']
[5.133s] Level 1:colcon.colcon_core.package_identification:_identify(src/OrbbecSDK_ROS2) by extension 'cmake'
[5.134s] Level 1:colcon.colcon_core.package_identification:_identify(src/OrbbecSDK_ROS2) by extension 'python'
[5.134s] Level 1:colcon.colcon_core.package_identification:_identify(src/OrbbecSDK_ROS2) by extensions ['python_setup_py']
[5.134s] Level 1:colcon.colcon_core.package_identification:_identify(src/OrbbecSDK_ROS2) by extension 'python_setup_py'
[5.135s] Level 1:colcon.colcon_core.package_identification:_identify(src/OrbbecSDK_ROS2/orbbec_camera) by extensions ['ignore', 'ignore_ament_install']
[5.136s] Level 1:colcon.colcon_core.package_identification:_identify(src/OrbbecSDK_ROS2/orbbec_camera) by extension 'ignore'
[5.136s] Level 1:colcon.colcon_core.package_identification:_identify(src/OrbbecSDK_ROS2/orbbec_camera) by extension 'ignore_ament_install'
[5.136s] Level 1:colcon.colcon_core.package_identification:_identify(src/OrbbecSDK_ROS2/orbbec_camera) by extensions ['colcon_pkg']
[5.136s] Level 1:colcon.colcon_core.package_identification:_identify(src/OrbbecSDK_ROS2/orbbec_camera) by extension 'colcon_pkg'
[5.136s] Level 1:colcon.colcon_core.package_identification:_identify(src/OrbbecSDK_ROS2/orbbec_camera) by extensions ['colcon_meta']
[5.136s] Level 1:colcon.colcon_core.package_identification:_identify(src/OrbbecSDK_ROS2/orbbec_camera) by extension 'colcon_meta'
[5.137s] Level 1:colcon.colcon_core.package_identification:_identify(src/OrbbecSDK_ROS2/orbbec_camera) by extensions ['ros']
[5.137s] Level 1:colcon.colcon_core.package_identification:_identify(src/OrbbecSDK_ROS2/orbbec_camera) by extension 'ros'
[5.154s] DEBUG:colcon.colcon_core.package_identification:Package 'src/OrbbecSDK_ROS2/orbbec_camera' with type 'ros.ament_cmake' and name 'orbbec_camera'
[5.155s] Level 1:colcon.colcon_core.package_identification:_identify(src/OrbbecSDK_ROS2/orbbec_camera_msgs) by extensions ['ignore', 'ignore_ament_install']
[5.155s] Level 1:colcon.colcon_core.package_identification:_identify(src/OrbbecSDK_ROS2/orbbec_camera_msgs) by extension 'ignore'
[5.155s] Level 1:colcon.colcon_core.package_identification:_identify(src/OrbbecSDK_ROS2/orbbec_camera_msgs) by extension 'ignore_ament_install'
[5.156s] Level 1:colcon.colcon_core.package_identification:_identify(src/OrbbecSDK_ROS2/orbbec_camera_msgs) by extensions ['colcon_pkg']
[5.156s] Level 1:colcon.colcon_core.package_identification:_identify(src/OrbbecSDK_ROS2/orbbec_camera_msgs) by extension 'colcon_pkg'
[5.156s] Level 1:colcon.colcon_core.package_identification:_identify(src/OrbbecSDK_ROS2/orbbec_camera_msgs) by extensions ['colcon_meta']
[5.156s] Level 1:colcon.colcon_core.package_identification:_identify(src/OrbbecSDK_ROS2/orbbec_camera_msgs) by extension 'colcon_meta'
[5.156s] Level 1:colcon.colcon_core.package_identification:_identify(src/OrbbecSDK_ROS2/orbbec_camera_msgs) by extensions ['ros']
[5.157s] Level 1:colcon.colcon_core.package_identification:_identify(src/OrbbecSDK_ROS2/orbbec_camera_msgs) by extension 'ros'
[5.159s] DEBUG:colcon.colcon_core.package_identification:Package 'src/OrbbecSDK_ROS2/orbbec_camera_msgs' with type 'ros.ament_cmake' and name 'orbbec_camera_msgs'
[5.160s] Level 1:colcon.colcon_core.package_identification:_identify(src/OrbbecSDK_ROS2/orbbec_description) by extensions ['ignore', 'ignore_ament_install']
[5.161s] Level 1:colcon.colcon_core.package_identification:_identify(src/OrbbecSDK_ROS2/orbbec_description) by extension 'ignore'
[5.161s] Level 1:colcon.colcon_core.package_identification:_identify(src/OrbbecSDK_ROS2/orbbec_description) by extension 'ignore_ament_install'
[5.161s] Level 1:colcon.colcon_core.package_identification:_identify(src/OrbbecSDK_ROS2/orbbec_description) by extensions ['colcon_pkg']
[5.161s] Level 1:colcon.colcon_core.package_identification:_identify(src/OrbbecSDK_ROS2/orbbec_description) by extension 'colcon_pkg'
[5.162s] Level 1:colcon.colcon_core.package_identification:_identify(src/OrbbecSDK_ROS2/orbbec_description) by extensions ['colcon_meta']
[5.162s] Level 1:colcon.colcon_core.package_identification:_identify(src/OrbbecSDK_ROS2/orbbec_description) by extension 'colcon_meta'
[5.162s] Level 1:colcon.colcon_core.package_identification:_identify(src/OrbbecSDK_ROS2/orbbec_description) by extensions ['ros']
[5.162s] Level 1:colcon.colcon_core.package_identification:_identify(src/OrbbecSDK_ROS2/orbbec_description) by extension 'ros'
[5.165s] DEBUG:colcon.colcon_core.package_identification:Package 'src/OrbbecSDK_ROS2/orbbec_description' with type 'ros.ament_cmake' and name 'orbbec_description'
[5.166s] Level 1:colcon.colcon_core.package_identification:_identify(src/RPi_Ubuntu2204_3D_Depth_Camera) by extensions ['ignore', 'ignore_ament_install']
[5.166s] Level 1:colcon.colcon_core.package_identification:_identify(src/RPi_Ubuntu2204_3D_Depth_Camera) by extension 'ignore'
[5.166s] Level 1:colcon.colcon_core.package_identification:_identify(src/RPi_Ubuntu2204_3D_Depth_Camera) by extension 'ignore_ament_install'
[5.167s] Level 1:colcon.colcon_core.package_identification:_identify(src/RPi_Ubuntu2204_3D_Depth_Camera) by extensions ['colcon_pkg']
[5.167s] Level 1:colcon.colcon_core.package_identification:_identify(src/RPi_Ubuntu2204_3D_Depth_Camera) by extension 'colcon_pkg'
[5.167s] Level 1:colcon.colcon_core.package_identification:_identify(src/RPi_Ubuntu2204_3D_Depth_Camera) by extensions ['colcon_meta']
[5.167s] Level 1:colcon.colcon_core.package_identification:_identify(src/RPi_Ubuntu2204_3D_Depth_Camera) by extension 'colcon_meta'
[5.167s] Level 1:colcon.colcon_core.package_identification:_identify(src/RPi_Ubuntu2204_3D_Depth_Camera) by extensions ['ros']
[5.167s] Level 1:colcon.colcon_core.package_identification:_identify(src/RPi_Ubuntu2204_3D_Depth_Camera) by extension 'ros'
[5.168s] Level 1:colcon.colcon_core.package_identification:_identify(src/RPi_Ubuntu2204_3D_Depth_Camera) by extensions ['cmake', 'python']
[5.168s] Level 1:colcon.colcon_core.package_identification:_identify(src/RPi_Ubuntu2204_3D_Depth_Camera) by extension 'cmake'
[5.168s] Level 1:colcon.colcon_core.package_identification:_identify(src/RPi_Ubuntu2204_3D_Depth_Camera) by extension 'python'
[5.168s] Level 1:colcon.colcon_core.package_identification:_identify(src/RPi_Ubuntu2204_3D_Depth_Camera) by extensions ['python_setup_py']
[5.168s] Level 1:colcon.colcon_core.package_identification:_identify(src/RPi_Ubuntu2204_3D_Depth_Camera) by extension 'python_setup_py'
[5.169s] Level 1:colcon.colcon_core.package_identification:_identify(src/damin_robot1) by extensions ['ignore', 'ignore_ament_install']
[5.170s] Level 1:colcon.colcon_core.package_identification:_identify(src/damin_robot1) by extension 'ignore'
[5.170s] Level 1:colcon.colcon_core.package_identification:_identify(src/damin_robot1) by extension 'ignore_ament_install'
[5.170s] Level 1:colcon.colcon_core.package_identification:_identify(src/damin_robot1) by extensions ['colcon_pkg']
[5.171s] Level 1:colcon.colcon_core.package_identification:_identify(src/damin_robot1) by extension 'colcon_pkg'
[5.171s] Level 1:colcon.colcon_core.package_identification:_identify(src/damin_robot1) by extensions ['colcon_meta']
[5.171s] Level 1:colcon.colcon_core.package_identification:_identify(src/damin_robot1) by extension 'colcon_meta'
[5.171s] Level 1:colcon.colcon_core.package_identification:_identify(src/damin_robot1) by extensions ['ros']
[5.171s] Level 1:colcon.colcon_core.package_identification:_identify(src/damin_robot1) by extension 'ros'
[5.174s] DEBUG:colcon.colcon_core.package_identification:Package 'src/damin_robot1' with type 'ros.ament_python' and name 'damin_robot1'
[5.175s] Level 1:colcon.colcon_core.package_identification:_identify(src/ld06lidar_pkg) by extensions ['ignore', 'ignore_ament_install']
[5.176s] Level 1:colcon.colcon_core.package_identification:_identify(src/ld06lidar_pkg) by extension 'ignore'
[5.176s] Level 1:colcon.colcon_core.package_identification:_identify(src/ld06lidar_pkg) by extension 'ignore_ament_install'
[5.176s] Level 1:colcon.colcon_core.package_identification:_identify(src/ld06lidar_pkg) by extensions ['colcon_pkg']
[5.176s] Level 1:colcon.colcon_core.package_identification:_identify(src/ld06lidar_pkg) by extension 'colcon_pkg'
[5.177s] Level 1:colcon.colcon_core.package_identification:_identify(src/ld06lidar_pkg) by extensions ['colcon_meta']
[5.177s] Level 1:colcon.colcon_core.package_identification:_identify(src/ld06lidar_pkg) by extension 'colcon_meta'
[5.177s] Level 1:colcon.colcon_core.package_identification:_identify(src/ld06lidar_pkg) by extensions ['ros']
[5.177s] Level 1:colcon.colcon_core.package_identification:_identify(src/ld06lidar_pkg) by extension 'ros'
[5.180s] DEBUG:colcon.colcon_core.package_identification:Package 'src/ld06lidar_pkg' with type 'ros.ament_python' and name 'ld06lidar_pkg'
[5.180s] Level 1:colcon.colcon_core.package_discovery:discover_packages(recursive) using defaults
[5.180s] Level 1:colcon.colcon_core.package_discovery:discover_packages(ignore) discover
[5.180s] Level 1:colcon.colcon_core.package_discovery:discover_packages(ignore) using defaults
[5.181s] Level 1:colcon.colcon_core.package_discovery:discover_packages(path) discover
[5.181s] Level 1:colcon.colcon_core.package_discovery:discover_packages(path) using defaults
[5.591s] Level 1:colcon.colcon_core.package_discovery:discover_packages(prefix_path) check parameters
[5.591s] Level 1:colcon.colcon_core.package_discovery:discover_packages(prefix_path) discover
[5.724s] DEBUG:colcon.colcon_installed_package_information.package_discovery:Found 4 installed packages in /home/jongo/ros2_ws/install
[5.785s] DEBUG:colcon.colcon_installed_package_information.package_discovery:Found 1 installed packages in /home/jongo/lidar_depthcam_ws/install
[5.850s] DEBUG:colcon.colcon_installed_package_information.package_discovery:Found 276 installed packages in /opt/ros/humble
[5.856s] Level 1:colcon.colcon_core.package_discovery:discover_packages(prefix_path) using defaults
[6.259s] Level 5:colcon.colcon_core.verb:set package 'damin_robot1' build argument 'cmake_args' from command line to '['-DCMAKE_BUILD_TYPE=Release']'
[6.259s] Level 5:colcon.colcon_core.verb:set package 'damin_robot1' build argument 'cmake_target' from command line to 'None'
[6.259s] Level 5:colcon.colcon_core.verb:set package 'damin_robot1' build argument 'cmake_target_skip_unavailable' from command line to 'False'
[6.259s] Level 5:colcon.colcon_core.verb:set package 'damin_robot1' build argument 'cmake_clean_cache' from command line to 'False'
[6.259s] Level 5:colcon.colcon_core.verb:set package 'damin_robot1' build argument 'cmake_clean_first' from command line to 'False'
[6.259s] Level 5:colcon.colcon_core.verb:set package 'damin_robot1' build argument 'cmake_force_configure' from command line to 'False'
[6.260s] Level 5:colcon.colcon_core.verb:set package 'damin_robot1' build argument 'ament_cmake_args' from command line to 'None'
[6.260s] Level 5:colcon.colcon_core.verb:set package 'damin_robot1' build argument 'catkin_cmake_args' from command line to 'None'
[6.260s] Level 5:colcon.colcon_core.verb:set package 'damin_robot1' build argument 'catkin_skip_building_tests' from command line to 'False'
[6.260s] DEBUG:colcon.colcon_core.verb:Building package 'damin_robot1' with the following arguments: {'ament_cmake_args': None, 'build_base': '/home/jongo/ros2_ws/build/damin_robot1', 'catkin_cmake_args': None, 'catkin_skip_building_tests': False, 'cmake_args': ['-DCMAKE_BUILD_TYPE=Release'], 'cmake_clean_cache': False, 'cmake_clean_first': False, 'cmake_force_configure': False, 'cmake_target': None, 'cmake_target_skip_unavailable': False, 'install_base': '/home/jongo/ros2_ws/install/damin_robot1', 'merge_install': False, 'path': '/home/jongo/ros2_ws/src/damin_robot1', 'symlink_install': False, 'test_result_base': None}
[6.319s] Level 5:colcon.colcon_core.verb:set package 'ld06lidar_pkg' build argument 'cmake_args' from command line to '['-DCMAKE_BUILD_TYPE=Release']'
[6.319s] Level 5:colcon.colcon_core.verb:set package 'ld06lidar_pkg' build argument 'cmake_target' from command line to 'None'
[6.319s] Level 5:colcon.colcon_core.verb:set package 'ld06lidar_pkg' build argument 'cmake_target_skip_unavailable' from command line to 'False'
[6.319s] Level 5:colcon.colcon_core.verb:set package 'ld06lidar_pkg' build argument 'cmake_clean_cache' from command line to 'False'
[6.319s] Level 5:colcon.colcon_core.verb:set package 'ld06lidar_pkg' build argument 'cmake_clean_first' from command line to 'False'
[6.319s] Level 5:colcon.colcon_core.verb:set package 'ld06lidar_pkg' build argument 'cmake_force_configure' from command line to 'False'
[6.319s] Level 5:colcon.colcon_core.verb:set package 'ld06lidar_pkg' build argument 'ament_cmake_args' from command line to 'None'
[6.320s] Level 5:colcon.colcon_core.verb:set package 'ld06lidar_pkg' build argument 'catkin_cmake_args' from command line to 'None'
[6.320s] Level 5:colcon.colcon_core.verb:set package 'ld06lidar_pkg' build argument 'catkin_skip_building_tests' from command line to 'False'
[6.320s] DEBUG:colcon.colcon_core.verb:Building package 'ld06lidar_pkg' with the following arguments: {'ament_cmake_args': None, 'build_base': '/home/jongo/ros2_ws/build/ld06lidar_pkg', 'catkin_cmake_args': None, 'catkin_skip_building_tests': False, 'cmake_args': ['-DCMAKE_BUILD_TYPE=Release'], 'cmake_clean_cache': False, 'cmake_clean_first': False, 'cmake_force_configure': False, 'cmake_target': None, 'cmake_target_skip_unavailable': False, 'install_base': '/home/jongo/ros2_ws/install/ld06lidar_pkg', 'merge_install': False, 'path': '/home/jongo/ros2_ws/src/ld06lidar_pkg', 'symlink_install': False, 'test_result_base': None}
[6.382s] Level 5:colcon.colcon_core.verb:set package 'orbbec_camera_msgs' build argument 'cmake_args' from command line to '['-DCMAKE_BUILD_TYPE=Release']'
[6.382s] Level 5:colcon.colcon_core.verb:set package 'orbbec_camera_msgs' build argument 'cmake_target' from command line to 'None'
[6.382s] Level 5:colcon.colcon_core.verb:set package 'orbbec_camera_msgs' build argument 'cmake_target_skip_unavailable' from command line to 'False'
[6.382s] Level 5:colcon.colcon_core.verb:set package 'orbbec_camera_msgs' build argument 'cmake_clean_cache' from command line to 'False'
[6.382s] Level 5:colcon.colcon_core.verb:set package 'orbbec_camera_msgs' build argument 'cmake_clean_first' from command line to 'False'
[6.383s] Level 5:colcon.colcon_core.verb:set package 'orbbec_camera_msgs' build argument 'cmake_force_configure' from command line to 'False'
[6.383s] Level 5:colcon.colcon_core.verb:set package 'orbbec_camera_msgs' build argument 'ament_cmake_args' from command line to 'None'
[6.383s] Level 5:colcon.colcon_core.verb:set package 'orbbec_camera_msgs' build argument 'catkin_cmake_args' from command line to 'None'
[6.383s] Level 5:colcon.colcon_core.verb:set package 'orbbec_camera_msgs' build argument 'catkin_skip_building_tests' from command line to 'False'
[6.383s] DEBUG:colcon.colcon_core.verb:Building package 'orbbec_camera_msgs' with the following arguments: {'ament_cmake_args': None, 'build_base': '/home/jongo/ros2_ws/build/orbbec_camera_msgs', 'catkin_cmake_args': None, 'catkin_skip_building_tests': False, 'cmake_args': ['-DCMAKE_BUILD_TYPE=Release'], 'cmake_clean_cache': False, 'cmake_clean_first': False, 'cmake_force_configure': False, 'cmake_target': None, 'cmake_target_skip_unavailable': False, 'install_base': '/home/jongo/ros2_ws/install/orbbec_camera_msgs', 'merge_install': False, 'path': '/home/jongo/ros2_ws/src/OrbbecSDK_ROS2/orbbec_camera_msgs', 'symlink_install': False, 'test_result_base': None}
[6.445s] Level 5:colcon.colcon_core.verb:set package 'orbbec_description' build argument 'cmake_args' from command line to '['-DCMAKE_BUILD_TYPE=Release']'
[6.445s] Level 5:colcon.colcon_core.verb:set package 'orbbec_description' build argument 'cmake_target' from command line to 'None'
[6.445s] Level 5:colcon.colcon_core.verb:set package 'orbbec_description' build argument 'cmake_target_skip_unavailable' from command line to 'False'
[6.445s] Level 5:colcon.colcon_core.verb:set package 'orbbec_description' build argument 'cmake_clean_cache' from command line to 'False'
[6.445s] Level 5:colcon.colcon_core.verb:set package 'orbbec_description' build argument 'cmake_clean_first' from command line to 'False'
[6.445s] Level 5:colcon.colcon_core.verb:set package 'orbbec_description' build argument 'cmake_force_configure' from command line to 'False'
[6.445s] Level 5:colcon.colcon_core.verb:set package 'orbbec_description' build argument 'ament_cmake_args' from command line to 'None'
[6.446s] Level 5:colcon.colcon_core.verb:set package 'orbbec_description' build argument 'catkin_cmake_args' from command line to 'None'
[6.446s] Level 5:colcon.colcon_core.verb:set package 'orbbec_description' build argument 'catkin_skip_building_tests' from command line to 'False'
[6.446s] DEBUG:colcon.colcon_core.verb:Building package 'orbbec_description' with the following arguments: {'ament_cmake_args': None, 'build_base': '/home/jongo/ros2_ws/build/orbbec_description', 'catkin_cmake_args': None, 'catkin_skip_building_tests': False, 'cmake_args': ['-DCMAKE_BUILD_TYPE=Release'], 'cmake_clean_cache': False, 'cmake_clean_first': False, 'cmake_force_configure': False, 'cmake_target': None, 'cmake_target_skip_unavailable': False, 'install_base': '/home/jongo/ros2_ws/install/orbbec_description', 'merge_install': False, 'path': '/home/jongo/ros2_ws/src/OrbbecSDK_ROS2/orbbec_description', 'symlink_install': False, 'test_result_base': None}
[6.505s] Level 5:colcon.colcon_core.verb:set package 'orbbec_camera' build argument 'cmake_args' from command line to '['-DCMAKE_BUILD_TYPE=Release']'
[6.505s] Level 5:colcon.colcon_core.verb:set package 'orbbec_camera' build argument 'cmake_target' from command line to 'None'
[6.505s] Level 5:colcon.colcon_core.verb:set package 'orbbec_camera' build argument 'cmake_target_skip_unavailable' from command line to 'False'
[6.505s] Level 5:colcon.colcon_core.verb:set package 'orbbec_camera' build argument 'cmake_clean_cache' from command line to 'False'
[6.505s] Level 5:colcon.colcon_core.verb:set package 'orbbec_camera' build argument 'cmake_clean_first' from command line to 'False'
[6.505s] Level 5:colcon.colcon_core.verb:set package 'orbbec_camera' build argument 'cmake_force_configure' from command line to 'False'
[6.505s] Level 5:colcon.colcon_core.verb:set package 'orbbec_camera' build argument 'ament_cmake_args' from command line to 'None'
[6.505s] Level 5:colcon.colcon_core.verb:set package 'orbbec_camera' build argument 'catkin_cmake_args' from command line to 'None'
[6.505s] Level 5:colcon.colcon_core.verb:set package 'orbbec_camera' build argument 'catkin_skip_building_tests' from command line to 'False'
[6.506s] DEBUG:colcon.colcon_core.verb:Building package 'orbbec_camera' with the following arguments: {'ament_cmake_args': None, 'build_base': '/home/jongo/ros2_ws/build/orbbec_camera', 'catkin_cmake_args': None, 'catkin_skip_building_tests': False, 'cmake_args': ['-DCMAKE_BUILD_TYPE=Release'], 'cmake_clean_cache': False, 'cmake_clean_first': False, 'cmake_force_configure': False, 'cmake_target': None, 'cmake_target_skip_unavailable': False, 'install_base': '/home/jongo/ros2_ws/install/orbbec_camera', 'merge_install': False, 'path': '/home/jongo/ros2_ws/src/OrbbecSDK_ROS2/orbbec_camera', 'symlink_install': False, 'test_result_base': None}
[6.563s] INFO:colcon.colcon_core.executor:Executing jobs using 'parallel' executor
[6.623s] DEBUG:colcon.colcon_parallel_executor.executor.parallel:run_until_complete
[6.624s] INFO:colcon.colcon_ros.task.ament_cmake.build:Building ROS package in '/home/jongo/ros2_ws/src/OrbbecSDK_ROS2/orbbec_camera_msgs' with build type 'ament_cmake'
[6.625s] INFO:colcon.colcon_cmake.task.cmake.build:Building CMake package in '/home/jongo/ros2_ws/src/OrbbecSDK_ROS2/orbbec_camera_msgs'
[6.702s] INFO:colcon.colcon_core.plugin_system:Skipping extension 'colcon_core.shell.bat': Not used on non-Windows systems
[6.703s] INFO:colcon.colcon_core.shell:Skip shell extension 'powershell' for command environment: Not usable outside of PowerShell
[6.704s] DEBUG:colcon.colcon_core.shell:Skip shell extension 'dsv' for command environment
[6.968s] INFO:colcon.colcon_ros.task.ament_python.build:Building ROS package in '/home/jongo/ros2_ws/src/damin_robot1' with build type 'ament_python'
[6.969s] Level 1:colcon.colcon_core.shell:create_environment_hook('damin_robot1', 'ament_prefix_path')
[7.035s] INFO:colcon.colcon_core.shell:Creating environment hook '/home/jongo/ros2_ws/install/damin_robot1/share/damin_robot1/hook/ament_prefix_path.ps1'
[7.039s] INFO:colcon.colcon_core.shell:Creating environment descriptor '/home/jongo/ros2_ws/install/damin_robot1/share/damin_robot1/hook/ament_prefix_path.dsv'
[7.042s] INFO:colcon.colcon_core.shell:Creating environment hook '/home/jongo/ros2_ws/install/damin_robot1/share/damin_robot1/hook/ament_prefix_path.sh'
[7.110s] INFO:colcon.colcon_core.shell:Skip shell extension 'powershell' for command environment: Not usable outside of PowerShell
[7.111s] DEBUG:colcon.colcon_core.shell:Skip shell extension 'dsv' for command environment
[7.368s] INFO:colcon.colcon_ros.task.ament_python.build:Building ROS package in '/home/jongo/ros2_ws/src/ld06lidar_pkg' with build type 'ament_python'
[7.383s] Level 1:colcon.colcon_core.shell:create_environment_hook('ld06lidar_pkg', 'ament_prefix_path')
[7.487s] INFO:colcon.colcon_core.shell:Creating environment hook '/home/jongo/ros2_ws/install/ld06lidar_pkg/share/ld06lidar_pkg/hook/ament_prefix_path.ps1'
[7.489s] INFO:colcon.colcon_core.shell:Creating environment descriptor '/home/jongo/ros2_ws/install/ld06lidar_pkg/share/ld06lidar_pkg/hook/ament_prefix_path.dsv'
[7.491s] INFO:colcon.colcon_core.shell:Creating environment hook '/home/jongo/ros2_ws/install/ld06lidar_pkg/share/ld06lidar_pkg/hook/ament_prefix_path.sh'
[7.554s] INFO:colcon.colcon_core.shell:Skip shell extension 'powershell' for command environment: Not usable outside of PowerShell
[7.554s] DEBUG:colcon.colcon_core.shell:Skip shell extension 'dsv' for command environment
[7.821s] INFO:colcon.colcon_ros.task.ament_cmake.build:Building ROS package in '/home/jongo/ros2_ws/src/OrbbecSDK_ROS2/orbbec_description' with build type 'ament_cmake'
[7.822s] INFO:colcon.colcon_cmake.task.cmake.build:Building CMake package in '/home/jongo/ros2_ws/src/OrbbecSDK_ROS2/orbbec_description'
[7.888s] INFO:colcon.colcon_core.shell:Skip shell extension 'powershell' for command environment: Not usable outside of PowerShell
[7.889s] DEBUG:colcon.colcon_core.shell:Skip shell extension 'dsv' for command environment
[8.164s] DEBUG:colcon.colcon_core.event_handler.log_command:Invoking command in '/home/jongo/ros2_ws/build/orbbec_camera_msgs': CMAKE_PREFIX_PATH=${CMAKE_PREFIX_PATH}:/home/jongo/ros2_ws/install/ld06lidar_pkg:/home/jongo/ros2_ws/install/damin_robot1:/home/jongo/lidar_depthcam_ws/install/depth_camera:/opt/ros/humble /usr/bin/cmake --build /home/jongo/ros2_ws/build/orbbec_camera_msgs -- -j4 -l4
[9.832s] INFO:colcon.colcon_core.task.python.build:Building Python package in '/home/jongo/ros2_ws/src/damin_robot1'
[9.902s] INFO:colcon.colcon_core.shell:Skip shell extension 'powershell' for command environment: Not usable outside of PowerShell
[9.903s] DEBUG:colcon.colcon_core.shell:Skip shell extension 'dsv' for command environment
[11.526s] INFO:colcon.colcon_core.task.python.build:Building Python package in '/home/jongo/ros2_ws/src/ld06lidar_pkg'
[11.587s] INFO:colcon.colcon_core.shell:Skip shell extension 'powershell' for command environment: Not usable outside of PowerShell
[11.587s] DEBUG:colcon.colcon_core.shell:Skip shell extension 'dsv' for command environment
[11.882s] DEBUG:colcon.colcon_core.event_handler.log_command:Invoked command in '/home/jongo/ros2_ws/build/orbbec_camera_msgs' returned '0': CMAKE_PREFIX_PATH=${CMAKE_PREFIX_PATH}:/home/jongo/ros2_ws/install/ld06lidar_pkg:/home/jongo/ros2_ws/install/damin_robot1:/home/jongo/lidar_depthcam_ws/install/depth_camera:/opt/ros/humble /usr/bin/cmake --build /home/jongo/ros2_ws/build/orbbec_camera_msgs -- -j4 -l4
[11.892s] DEBUG:colcon.colcon_core.event_handler.log_command:Invoking command in '/home/jongo/ros2_ws/build/orbbec_description': CMAKE_PREFIX_PATH=${CMAKE_PREFIX_PATH}:/home/jongo/ros2_ws/install/ld06lidar_pkg:/home/jongo/ros2_ws/install/damin_robot1:/home/jongo/lidar_depthcam_ws/install/depth_camera:/opt/ros/humble /usr/bin/cmake --build /home/jongo/ros2_ws/build/orbbec_description -- -j4 -l4
[12.093s] DEBUG:colcon.colcon_core.event_handler.log_command:Invoked command in '/home/jongo/ros2_ws/build/orbbec_description' returned '0': CMAKE_PREFIX_PATH=${CMAKE_PREFIX_PATH}:/home/jongo/ros2_ws/install/ld06lidar_pkg:/home/jongo/ros2_ws/install/damin_robot1:/home/jongo/lidar_depthcam_ws/install/depth_camera:/opt/ros/humble /usr/bin/cmake --build /home/jongo/ros2_ws/build/orbbec_description -- -j4 -l4
[12.287s] DEBUG:colcon.colcon_core.event_handler.log_command:Invoking command in '/home/jongo/ros2_ws/build/orbbec_description': CMAKE_PREFIX_PATH=${CMAKE_PREFIX_PATH}:/home/jongo/ros2_ws/install/ld06lidar_pkg:/home/jongo/ros2_ws/install/damin_robot1:/home/jongo/lidar_depthcam_ws/install/depth_camera:/opt/ros/humble /usr/bin/cmake --install /home/jongo/ros2_ws/build/orbbec_description
[12.353s] Level 1:colcon.colcon_core.environment:create_environment_scripts_only(orbbec_description)
[12.362s] DEBUG:colcon.colcon_core.event_handler.log_command:Invoked command in '/home/jongo/ros2_ws/build/orbbec_description' returned '0': CMAKE_PREFIX_PATH=${CMAKE_PREFIX_PATH}:/home/jongo/ros2_ws/install/ld06lidar_pkg:/home/jongo/ros2_ws/install/damin_robot1:/home/jongo/lidar_depthcam_ws/install/depth_camera:/opt/ros/humble /usr/bin/cmake --install /home/jongo/ros2_ws/build/orbbec_description
[12.507s] Level 1:colcon.colcon_core.environment:checking '/home/jongo/ros2_ws/install/orbbec_description' for CMake module files
[12.510s] Level 1:colcon.colcon_core.environment:checking '/home/jongo/ros2_ws/install/orbbec_description' for CMake config files
[12.512s] Level 1:colcon.colcon_core.shell:create_environment_hook('orbbec_description', 'cmake_prefix_path')
[12.619s] INFO:colcon.colcon_core.shell:Creating environment hook '/home/jongo/ros2_ws/install/orbbec_description/share/orbbec_description/hook/cmake_prefix_path.ps1'
[12.622s] INFO:colcon.colcon_core.shell:Creating environment descriptor '/home/jongo/ros2_ws/install/orbbec_description/share/orbbec_description/hook/cmake_prefix_path.dsv'
[12.624s] INFO:colcon.colcon_core.shell:Creating environment hook '/home/jongo/ros2_ws/install/orbbec_description/share/orbbec_description/hook/cmake_prefix_path.sh'
[12.629s] Level 1:colcon.colcon_core.environment:checking '/home/jongo/ros2_ws/install/orbbec_description/bin'
[12.630s] Level 1:colcon.colcon_core.environment:checking '/home/jongo/ros2_ws/install/orbbec_description/lib/pkgconfig/orbbec_description.pc'
[12.632s] Level 1:colcon.colcon_core.environment:checking '/home/jongo/ros2_ws/install/orbbec_description/lib/python3.10/site-packages'
[12.633s] Level 1:colcon.colcon_core.environment:checking '/home/jongo/ros2_ws/install/orbbec_description/bin'
[12.760s] INFO:colcon.colcon_core.shell:Creating package script '/home/jongo/ros2_ws/install/orbbec_description/share/orbbec_description/package.ps1'
[12.766s] INFO:colcon.colcon_core.shell:Creating package descriptor '/home/jongo/ros2_ws/install/orbbec_description/share/orbbec_description/package.dsv'
[12.771s] INFO:colcon.colcon_core.shell:Creating package script '/home/jongo/ros2_ws/install/orbbec_description/share/orbbec_description/package.sh'
[12.776s] INFO:colcon.colcon_core.shell:Creating package script '/home/jongo/ros2_ws/install/orbbec_description/share/orbbec_description/package.bash'
[12.780s] INFO:colcon.colcon_core.shell:Creating package script '/home/jongo/ros2_ws/install/orbbec_description/share/orbbec_description/package.zsh'
[12.785s] Level 1:colcon.colcon_core.environment:create_file_with_runtime_dependencies(/home/jongo/ros2_ws/install/orbbec_description/share/colcon-core/packages/orbbec_description)
[13.024s] Level 1:colcon.colcon_core.environment:create_environment_scripts_only(orbbec_description)
[13.143s] Level 1:colcon.colcon_core.environment:checking '/home/jongo/ros2_ws/install/orbbec_description' for CMake module files
[13.146s] Level 1:colcon.colcon_core.environment:checking '/home/jongo/ros2_ws/install/orbbec_description' for CMake config files
[13.147s] Level 1:colcon.colcon_core.shell:create_environment_hook('orbbec_description', 'cmake_prefix_path')
[13.277s] INFO:colcon.colcon_core.shell:Creating environment hook '/home/jongo/ros2_ws/install/orbbec_description/share/orbbec_description/hook/cmake_prefix_path.ps1'
[13.280s] INFO:colcon.colcon_core.shell:Creating environment descriptor '/home/jongo/ros2_ws/install/orbbec_description/share/orbbec_description/hook/cmake_prefix_path.dsv'
[13.282s] INFO:colcon.colcon_core.shell:Creating environment hook '/home/jongo/ros2_ws/install/orbbec_description/share/orbbec_description/hook/cmake_prefix_path.sh'
[13.285s] Level 1:colcon.colcon_core.environment:checking '/home/jongo/ros2_ws/install/orbbec_description/bin'
[13.286s] Level 1:colcon.colcon_core.environment:checking '/home/jongo/ros2_ws/install/orbbec_description/lib/pkgconfig/orbbec_description.pc'
[13.287s] Level 1:colcon.colcon_core.environment:checking '/home/jongo/ros2_ws/install/orbbec_description/lib/python3.10/site-packages'
[13.289s] Level 1:colcon.colcon_core.environment:checking '/home/jongo/ros2_ws/install/orbbec_description/bin'
[13.394s] INFO:colcon.colcon_core.shell:Creating package script '/home/jongo/ros2_ws/install/orbbec_description/share/orbbec_description/package.ps1'
[13.396s] INFO:colcon.colcon_core.shell:Creating package descriptor '/home/jongo/ros2_ws/install/orbbec_description/share/orbbec_description/package.dsv'
[13.399s] INFO:colcon.colcon_core.shell:Creating package script '/home/jongo/ros2_ws/install/orbbec_description/share/orbbec_description/package.sh'
[13.402s] INFO:colcon.colcon_core.shell:Creating package script '/home/jongo/ros2_ws/install/orbbec_description/share/orbbec_description/package.bash'
[13.405s] INFO:colcon.colcon_core.shell:Creating package script '/home/jongo/ros2_ws/install/orbbec_description/share/orbbec_description/package.zsh'
[13.407s] Level 1:colcon.colcon_core.environment:create_file_with_runtime_dependencies(/home/jongo/ros2_ws/install/orbbec_description/share/colcon-core/packages/orbbec_description)
[13.557s] DEBUG:colcon.colcon_core.event_handler.log_command:Invoking command in '/home/jongo/ros2_ws/build/orbbec_camera_msgs': CMAKE_PREFIX_PATH=${CMAKE_PREFIX_PATH}:/home/jongo/ros2_ws/install/ld06lidar_pkg:/home/jongo/ros2_ws/install/damin_robot1:/home/jongo/lidar_depthcam_ws/install/depth_camera:/opt/ros/humble /usr/bin/cmake --install /home/jongo/ros2_ws/build/orbbec_camera_msgs
[14.109s] Level 1:colcon.colcon_core.environment:create_environment_scripts_only(orbbec_camera_msgs)
[14.111s] DEBUG:colcon.colcon_core.event_handler.log_command:Invoked command in '/home/jongo/ros2_ws/build/orbbec_camera_msgs' returned '0': CMAKE_PREFIX_PATH=${CMAKE_PREFIX_PATH}:/home/jongo/ros2_ws/install/ld06lidar_pkg:/home/jongo/ros2_ws/install/damin_robot1:/home/jongo/lidar_depthcam_ws/install/depth_camera:/opt/ros/humble /usr/bin/cmake --install /home/jongo/ros2_ws/build/orbbec_camera_msgs
[14.195s] Level 1:colcon.colcon_core.environment:checking '/home/jongo/ros2_ws/install/orbbec_camera_msgs' for CMake module files
[14.199s] Level 1:colcon.colcon_core.environment:checking '/home/jongo/ros2_ws/install/orbbec_camera_msgs' for CMake config files
[14.207s] Level 1:colcon.colcon_core.shell:create_environment_hook('orbbec_camera_msgs', 'cmake_prefix_path')
[14.306s] INFO:colcon.colcon_core.shell:Creating environment hook '/home/jongo/ros2_ws/install/orbbec_camera_msgs/share/orbbec_camera_msgs/hook/cmake_prefix_path.ps1'
[14.309s] INFO:colcon.colcon_core.shell:Creating environment descriptor '/home/jongo/ros2_ws/install/orbbec_camera_msgs/share/orbbec_camera_msgs/hook/cmake_prefix_path.dsv'
[14.311s] INFO:colcon.colcon_core.shell:Creating environment hook '/home/jongo/ros2_ws/install/orbbec_camera_msgs/share/orbbec_camera_msgs/hook/cmake_prefix_path.sh'
[14.314s] Level 1:colcon.colcon_core.environment:checking '/home/jongo/ros2_ws/install/orbbec_camera_msgs/lib'
[14.315s] Level 1:colcon.colcon_core.shell:create_environment_hook('orbbec_camera_msgs', 'ld_library_path_lib')
[14.405s] INFO:colcon.colcon_core.shell:Creating environment hook '/home/jongo/ros2_ws/install/orbbec_camera_msgs/share/orbbec_camera_msgs/hook/ld_library_path_lib.ps1'
[14.407s] INFO:colcon.colcon_core.shell:Creating environment descriptor '/home/jongo/ros2_ws/install/orbbec_camera_msgs/share/orbbec_camera_msgs/hook/ld_library_path_lib.dsv'
[14.409s] INFO:colcon.colcon_core.shell:Creating environment hook '/home/jongo/ros2_ws/install/orbbec_camera_msgs/share/orbbec_camera_msgs/hook/ld_library_path_lib.sh'
[14.412s] Level 1:colcon.colcon_core.environment:checking '/home/jongo/ros2_ws/install/orbbec_camera_msgs/bin'
[14.414s] Level 1:colcon.colcon_core.environment:checking '/home/jongo/ros2_ws/install/orbbec_camera_msgs/lib/pkgconfig/orbbec_camera_msgs.pc'
[14.416s] Level 1:colcon.colcon_core.environment:checking '/home/jongo/ros2_ws/install/orbbec_camera_msgs/lib/python3.10/site-packages'
[14.419s] Level 1:colcon.colcon_core.environment:checking '/home/jongo/ros2_ws/install/orbbec_camera_msgs/bin'
[14.680s] INFO:colcon.colcon_core.shell:Creating package script '/home/jongo/ros2_ws/install/orbbec_camera_msgs/share/orbbec_camera_msgs/package.ps1'
[14.682s] INFO:colcon.colcon_core.shell:Creating package descriptor '/home/jongo/ros2_ws/install/orbbec_camera_msgs/share/orbbec_camera_msgs/package.dsv'
[14.685s] INFO:colcon.colcon_core.shell:Creating package script '/home/jongo/ros2_ws/install/orbbec_camera_msgs/share/orbbec_camera_msgs/package.sh'
[14.687s] INFO:colcon.colcon_core.shell:Creating package script '/home/jongo/ros2_ws/install/orbbec_camera_msgs/share/orbbec_camera_msgs/package.bash'
[14.688s] INFO:colcon.colcon_core.shell:Creating package script '/home/jongo/ros2_ws/install/orbbec_camera_msgs/share/orbbec_camera_msgs/package.zsh'
[14.690s] Level 1:colcon.colcon_core.environment:create_file_with_runtime_dependencies(/home/jongo/ros2_ws/install/orbbec_camera_msgs/share/colcon-core/packages/orbbec_camera_msgs)
[14.710s] DEBUG:colcon.colcon_core.event_handler.log_command:Invoking command in '/home/jongo/ros2_ws/src/ld06lidar_pkg': PYTHONPATH=/home/jongo/ros2_ws/build/ld06lidar_pkg/prefix_override:/home/jongo/ros2_ws/install/ld06lidar_pkg/lib/python3.10/site-packages:${PYTHONPATH} /usr/bin/python3 setup.py egg_info --egg-base ../../build/ld06lidar_pkg build --build-base /home/jongo/ros2_ws/build/ld06lidar_pkg/build install --record /home/jongo/ros2_ws/build/ld06lidar_pkg/install.log --single-version-externally-managed
[14.721s] DEBUG:colcon.colcon_core.event_handler.log_command:Invoking command in '/home/jongo/ros2_ws/src/damin_robot1': PYTHONPATH=/home/jongo/ros2_ws/build/damin_robot1/prefix_override:/home/jongo/ros2_ws/install/damin_robot1/lib/python3.10/site-packages:${PYTHONPATH} /usr/bin/python3 setup.py egg_info --egg-base ../../build/damin_robot1 build --build-base /home/jongo/ros2_ws/build/damin_robot1/build install --record /home/jongo/ros2_ws/build/damin_robot1/install.log --single-version-externally-managed
[16.478s] Level 1:colcon.colcon_core.environment:create_environment_scripts_only(orbbec_camera_msgs)
[16.569s] Level 1:colcon.colcon_core.environment:checking '/home/jongo/ros2_ws/install/orbbec_camera_msgs' for CMake module files
[16.573s] Level 1:colcon.colcon_core.environment:checking '/home/jongo/ros2_ws/install/orbbec_camera_msgs' for CMake config files
[16.580s] Level 1:colcon.colcon_core.shell:create_environment_hook('orbbec_camera_msgs', 'cmake_prefix_path')
[16.639s] INFO:colcon.colcon_core.shell:Creating environment hook '/home/jongo/ros2_ws/install/orbbec_camera_msgs/share/orbbec_camera_msgs/hook/cmake_prefix_path.ps1'
[16.641s] INFO:colcon.colcon_core.shell:Creating environment descriptor '/home/jongo/ros2_ws/install/orbbec_camera_msgs/share/orbbec_camera_msgs/hook/cmake_prefix_path.dsv'
[16.642s] INFO:colcon.colcon_core.shell:Creating environment hook '/home/jongo/ros2_ws/install/orbbec_camera_msgs/share/orbbec_camera_msgs/hook/cmake_prefix_path.sh'
[16.645s] Level 1:colcon.colcon_core.environment:checking '/home/jongo/ros2_ws/install/orbbec_camera_msgs/lib'
[16.645s] Level 1:colcon.colcon_core.shell:create_environment_hook('orbbec_camera_msgs', 'ld_library_path_lib')
[16.705s] INFO:colcon.colcon_core.shell:Creating environment hook '/home/jongo/ros2_ws/install/orbbec_camera_msgs/share/orbbec_camera_msgs/hook/ld_library_path_lib.ps1'
[16.707s] INFO:colcon.colcon_core.shell:Creating environment descriptor '/home/jongo/ros2_ws/install/orbbec_camera_msgs/share/orbbec_camera_msgs/hook/ld_library_path_lib.dsv'
[16.708s] INFO:colcon.colcon_core.shell:Creating environment hook '/home/jongo/ros2_ws/install/orbbec_camera_msgs/share/orbbec_camera_msgs/hook/ld_library_path_lib.sh'
[16.710s] Level 1:colcon.colcon_core.environment:checking '/home/jongo/ros2_ws/install/orbbec_camera_msgs/bin'
[16.710s] Level 1:colcon.colcon_core.environment:checking '/home/jongo/ros2_ws/install/orbbec_camera_msgs/lib/pkgconfig/orbbec_camera_msgs.pc'
[16.711s] Level 1:colcon.colcon_core.environment:checking '/home/jongo/ros2_ws/install/orbbec_camera_msgs/lib/python3.10/site-packages'
[16.712s] Level 1:colcon.colcon_core.environment:checking '/home/jongo/ros2_ws/install/orbbec_camera_msgs/bin'
[16.772s] INFO:colcon.colcon_core.shell:Creating package script '/home/jongo/ros2_ws/install/orbbec_camera_msgs/share/orbbec_camera_msgs/package.ps1'
[16.774s] INFO:colcon.colcon_core.shell:Creating package descriptor '/home/jongo/ros2_ws/install/orbbec_camera_msgs/share/orbbec_camera_msgs/package.dsv'
[16.776s] INFO:colcon.colcon_core.shell:Creating package script '/home/jongo/ros2_ws/install/orbbec_camera_msgs/share/orbbec_camera_msgs/package.sh'
[16.779s] INFO:colcon.colcon_core.shell:Creating package script '/home/jongo/ros2_ws/install/orbbec_camera_msgs/share/orbbec_camera_msgs/package.bash'
[16.780s] INFO:colcon.colcon_core.shell:Creating package script '/home/jongo/ros2_ws/install/orbbec_camera_msgs/share/orbbec_camera_msgs/package.zsh'
[16.782s] Level 1:colcon.colcon_core.environment:create_file_with_runtime_dependencies(/home/jongo/ros2_ws/install/orbbec_camera_msgs/share/colcon-core/packages/orbbec_camera_msgs)
[16.784s] INFO:colcon.colcon_ros.task.ament_cmake.build:Building ROS package in '/home/jongo/ros2_ws/src/OrbbecSDK_ROS2/orbbec_camera' with build type 'ament_cmake'
[16.785s] INFO:colcon.colcon_cmake.task.cmake.build:Building CMake package in '/home/jongo/ros2_ws/src/OrbbecSDK_ROS2/orbbec_camera'
[16.848s] INFO:colcon.colcon_core.shell:Skip shell extension 'powershell' for command environment: Not usable outside of PowerShell
[16.848s] DEBUG:colcon.colcon_core.shell:Skip shell extension 'dsv' for command environment
[17.108s] DEBUG:colcon.colcon_core.event_handler.log_command:Invoked command in '/home/jongo/ros2_ws/src/damin_robot1' returned '0': PYTHONPATH=/home/jongo/ros2_ws/build/damin_robot1/prefix_override:/home/jongo/ros2_ws/install/damin_robot1/lib/python3.10/site-packages:${PYTHONPATH} /usr/bin/python3 setup.py egg_info --egg-base ../../build/damin_robot1 build --build-base /home/jongo/ros2_ws/build/damin_robot1/build install --record /home/jongo/ros2_ws/build/damin_robot1/install.log --single-version-externally-managed
[17.172s] Level 1:colcon.colcon_core.environment:checking '/home/jongo/ros2_ws/install/damin_robot1' for CMake module files
[17.175s] Level 1:colcon.colcon_core.environment:checking '/home/jongo/ros2_ws/install/damin_robot1' for CMake config files
[17.178s] Level 1:colcon.colcon_core.environment:checking '/home/jongo/ros2_ws/install/damin_robot1/lib'
[17.179s] Level 1:colcon.colcon_core.environment:checking '/home/jongo/ros2_ws/install/damin_robot1/bin'
[17.179s] Level 1:colcon.colcon_core.environment:checking '/home/jongo/ros2_ws/install/damin_robot1/lib/pkgconfig/damin_robot1.pc'
[17.180s] Level 1:colcon.colcon_core.environment:checking '/home/jongo/ros2_ws/install/damin_robot1/lib/python3.10/site-packages'
[17.180s] Level 1:colcon.colcon_core.shell:create_environment_hook('damin_robot1', 'pythonpath')
[17.240s] INFO:colcon.colcon_core.shell:Creating environment hook '/home/jongo/ros2_ws/install/damin_robot1/share/damin_robot1/hook/pythonpath.ps1'
[17.242s] INFO:colcon.colcon_core.shell:Creating environment descriptor '/home/jongo/ros2_ws/install/damin_robot1/share/damin_robot1/hook/pythonpath.dsv'
[17.243s] INFO:colcon.colcon_core.shell:Creating environment hook '/home/jongo/ros2_ws/install/damin_robot1/share/damin_robot1/hook/pythonpath.sh'
[17.246s] Level 1:colcon.colcon_core.environment:checking '/home/jongo/ros2_ws/install/damin_robot1/bin'
[17.246s] Level 1:colcon.colcon_core.environment:create_environment_scripts_only(damin_robot1)
[17.306s] INFO:colcon.colcon_core.shell:Creating package script '/home/jongo/ros2_ws/install/damin_robot1/share/damin_robot1/package.ps1'
[17.308s] INFO:colcon.colcon_core.shell:Creating package descriptor '/home/jongo/ros2_ws/install/damin_robot1/share/damin_robot1/package.dsv'
[17.310s] INFO:colcon.colcon_core.shell:Creating package script '/home/jongo/ros2_ws/install/damin_robot1/share/damin_robot1/package.sh'
[17.312s] INFO:colcon.colcon_core.shell:Creating package script '/home/jongo/ros2_ws/install/damin_robot1/share/damin_robot1/package.bash'
[17.314s] INFO:colcon.colcon_core.shell:Creating package script '/home/jongo/ros2_ws/install/damin_robot1/share/damin_robot1/package.zsh'
[17.316s] Level 1:colcon.colcon_core.environment:create_file_with_runtime_dependencies(/home/jongo/ros2_ws/install/damin_robot1/share/colcon-core/packages/damin_robot1)
[17.321s] DEBUG:colcon.colcon_core.event_handler.log_command:Invoked command in '/home/jongo/ros2_ws/src/ld06lidar_pkg' returned '0': PYTHONPATH=/home/jongo/ros2_ws/build/ld06lidar_pkg/prefix_override:/home/jongo/ros2_ws/install/ld06lidar_pkg/lib/python3.10/site-packages:${PYTHONPATH} /usr/bin/python3 setup.py egg_info --egg-base ../../build/ld06lidar_pkg build --build-base /home/jongo/ros2_ws/build/ld06lidar_pkg/build install --record /home/jongo/ros2_ws/build/ld06lidar_pkg/install.log --single-version-externally-managed
[17.382s] Level 1:colcon.colcon_core.environment:checking '/home/jongo/ros2_ws/install/ld06lidar_pkg' for CMake module files
[17.385s] Level 1:colcon.colcon_core.environment:checking '/home/jongo/ros2_ws/install/ld06lidar_pkg' for CMake config files
[17.388s] Level 1:colcon.colcon_core.environment:checking '/home/jongo/ros2_ws/install/ld06lidar_pkg/lib'
[17.389s] Level 1:colcon.colcon_core.environment:checking '/home/jongo/ros2_ws/install/ld06lidar_pkg/bin'
[17.389s] Level 1:colcon.colcon_core.environment:checking '/home/jongo/ros2_ws/install/ld06lidar_pkg/lib/pkgconfig/ld06lidar_pkg.pc'
[17.390s] Level 1:colcon.colcon_core.environment:checking '/home/jongo/ros2_ws/install/ld06lidar_pkg/lib/python3.10/site-packages'
[17.390s] Level 1:colcon.colcon_core.shell:create_environment_hook('ld06lidar_pkg', 'pythonpath')
[17.450s] INFO:colcon.colcon_core.shell:Creating environment hook '/home/jongo/ros2_ws/install/ld06lidar_pkg/share/ld06lidar_pkg/hook/pythonpath.ps1'
[17.468s] INFO:colcon.colcon_core.shell:Creating environment descriptor '/home/jongo/ros2_ws/install/ld06lidar_pkg/share/ld06lidar_pkg/hook/pythonpath.dsv'
[17.471s] INFO:colcon.colcon_core.shell:Creating environment hook '/home/jongo/ros2_ws/install/ld06lidar_pkg/share/ld06lidar_pkg/hook/pythonpath.sh'
[17.476s] Level 1:colcon.colcon_core.environment:checking '/home/jongo/ros2_ws/install/ld06lidar_pkg/bin'
[17.477s] Level 1:colcon.colcon_core.environment:create_environment_scripts_only(ld06lidar_pkg)
[17.540s] INFO:colcon.colcon_core.shell:Creating package script '/home/jongo/ros2_ws/install/ld06lidar_pkg/share/ld06lidar_pkg/package.ps1'
[17.542s] INFO:colcon.colcon_core.shell:Creating package descriptor '/home/jongo/ros2_ws/install/ld06lidar_pkg/share/ld06lidar_pkg/package.dsv'
[17.544s] INFO:colcon.colcon_core.shell:Creating package script '/home/jongo/ros2_ws/install/ld06lidar_pkg/share/ld06lidar_pkg/package.sh'
[17.545s] INFO:colcon.colcon_core.shell:Creating package script '/home/jongo/ros2_ws/install/ld06lidar_pkg/share/ld06lidar_pkg/package.bash'
[17.547s] INFO:colcon.colcon_core.shell:Creating package script '/home/jongo/ros2_ws/install/ld06lidar_pkg/share/ld06lidar_pkg/package.zsh'
[17.549s] Level 1:colcon.colcon_core.environment:create_file_with_runtime_dependencies(/home/jongo/ros2_ws/install/ld06lidar_pkg/share/colcon-core/packages/ld06lidar_pkg)
[17.570s] DEBUG:colcon.colcon_core.event_handler.log_command:Invoking command in '/home/jongo/ros2_ws/build/orbbec_camera': CMAKE_PREFIX_PATH=/home/jongo/ros2_ws/install/orbbec_camera_msgs:/home/jongo/ros2_ws/install/orbbec_description:/home/jongo/ros2_ws/install/ld06lidar_pkg:/home/jongo/ros2_ws/install/damin_robot1:/home/jongo/lidar_depthcam_ws/install/depth_camera:/opt/ros/humble /usr/bin/cmake --build /home/jongo/ros2_ws/build/orbbec_camera -- -j4 -l4
