running egg_info
writing ../../build/ld06lidar_pkg/ld06lidar_pkg.egg-info/PKG-INFO
writing dependency_links to ../../build/ld06lidar_pkg/ld06lidar_pkg.egg-info/dependency_links.txt
writing entry points to ../../build/ld06lidar_pkg/ld06lidar_pkg.egg-info/entry_points.txt
writing requirements to ../../build/ld06lidar_pkg/ld06lidar_pkg.egg-info/requires.txt
writing top-level names to ../../build/ld06lidar_pkg/ld06lidar_pkg.egg-info/top_level.txt
reading manifest file '../../build/ld06lidar_pkg/ld06lidar_pkg.egg-info/SOURCES.txt'
writing manifest file '../../build/ld06lidar_pkg/ld06lidar_pkg.egg-info/SOURCES.txt'
running build
running build_py
running install
running install_lib
running install_data
running install_egg_info
removing '/home/jongo/ros2_ws/install/ld06lidar_pkg/lib/python3.10/site-packages/ld06lidar_pkg-0.0.0-py3.10.egg-info' (and everything under it)
Copying ../../build/ld06lidar_pkg/ld06lidar_pkg.egg-info to /home/jongo/ros2_ws/install/ld06lidar_pkg/lib/python3.10/site-packages/ld06lidar_pkg-0.0.0-py3.10.egg-info
running install_scripts
Installing lidar_pub_node script to /home/jongo/ros2_ws/install/ld06lidar_pkg/lib/ld06lidar_pkg
Installing lidar_subs_node script to /home/jongo/ros2_ws/install/ld06lidar_pkg/lib/ld06lidar_pkg
writing list of installed files to '/home/jongo/ros2_ws/build/ld06lidar_pkg/install.log'
