[0.286s] Invoking command in '/home/jongo/ros2_ws/build/orbbec_camera': AMENT_PREFIX_PATH=/home/jongo/ros2_ws/install/orbbec_camera_msgs:${AMENT_PREFIX_PATH} CMAKE_PREFIX_PATH=/home/jongo/ros2_ws/install/orbbec_camera_msgs:/home/jongo/ros2_ws/install/damin_robot1:/opt/ros/humble LD_LIBRARY_PATH=/home/jongo/ros2_ws/install/orbbec_camera_msgs/lib:${LD_LIBRARY_PATH} PYTHONPATH=/home/jongo/ros2_ws/install/orbbec_camera_msgs/local/lib/python3.10/dist-packages:${PYTHONPATH} /usr/bin/cmake /home/jongo/ros2_ws/src/OrbbecSDK_ROS2/orbbec_camera -DCMAKE_BUILD_TYPE=Release -DCMAKE_INSTALL_PREFIX=/home/jongo/ros2_ws/install/orbbec_camera
[0.535s] -- The C compiler identification is GNU 11.4.0
[0.781s] -- The CXX compiler identification is GNU 11.4.0
[0.811s] -- Detecting C compiler ABI info
[1.121s] -- Detecting C compiler ABI info - done
[1.147s] -- Check for working C compiler: /usr/bin/cc - skipped
[1.147s] -- Detecting C compile features
[1.149s] -- Detecting C compile features - done
[1.160s] -- Detecting CXX compiler ABI info
[1.497s] -- Detecting CXX compiler ABI info - done
[1.525s] -- Check for working CXX compiler: /usr/bin/c++ - skipped
[1.526s] -- Detecting CXX compile features
[1.528s] -- Detecting CXX compile features - done
[1.554s] -- Found ament_cmake: 1.3.8 (/opt/ros/humble/share/ament_cmake/cmake)
[2.287s] -- Found Python3: /usr/bin/python3 (found version "3.10.12") found components: Interpreter 
[2.851s] -- Found ament_index_cpp: 1.4.0 (/opt/ros/humble/share/ament_index_cpp/cmake)
[2.958s] -- Found builtin_interfaces: 1.2.1 (/opt/ros/humble/share/builtin_interfaces/cmake)
[3.226s] -- Found rosidl_generator_c: 3.1.5 (/opt/ros/humble/share/rosidl_generator_c/cmake)
[3.272s] -- Found rosidl_adapter: 3.1.5 (/opt/ros/humble/share/rosidl_adapter/cmake)
[3.333s] -- Found rosidl_generator_cpp: 3.1.5 (/opt/ros/humble/share/rosidl_generator_cpp/cmake)
[3.414s] -- Using all available rosidl_typesupport_c: rosidl_typesupport_fastrtps_c;rosidl_typesupport_introspection_c
[3.531s] -- Using all available rosidl_typesupport_cpp: rosidl_typesupport_fastrtps_cpp;rosidl_typesupport_introspection_cpp
[3.645s] -- Found cv_bridge: 3.2.1 (/opt/ros/humble/share/cv_bridge/cmake)
[4.525s] -- Found camera_info_manager: 3.1.8 (/opt/ros/humble/share/camera_info_manager/cmake)
[4.962s] -- Found rmw_implementation_cmake: 6.1.1 (/opt/ros/humble/share/rmw_implementation_cmake/cmake)
[4.992s] -- Found rmw_fastrtps_cpp: 6.2.6 (/opt/ros/humble/share/rmw_fastrtps_cpp/cmake)
[5.626s] -- Found OpenSSL: /usr/lib/aarch64-linux-gnu/libcrypto.so (found version "3.0.2")  
[5.846s] -- Found FastRTPS: /opt/ros/humble/include  
[6.219s] -- Using RMW implementation 'rmw_fastrtps_cpp' as default
[6.314s] -- Looking for pthread.h
[6.646s] -- Looking for pthread.h - found
[6.647s] -- Performing Test CMAKE_HAVE_LIBC_PTHREAD
[6.978s] -- Performing Test CMAKE_HAVE_LIBC_PTHREAD - Success
[6.983s] -- Found Threads: TRUE  
[7.860s] -- Found image_transport: 3.1.8 (/opt/ros/humble/share/image_transport/cmake)
[8.284s] -- Found image_publisher: 3.0.4 (/opt/ros/humble/share/image_publisher/cmake)
[8.623s] -- Found OpenCV: /usr (found version "4.5.4") 
[8.626s] -- Found orbbec_camera_msgs: 1.2.2 (/home/jongo/ros2_ws/install/orbbec_camera_msgs/share/orbbec_camera_msgs/cmake)
[8.935s] -- Found std_srvs: 4.2.3 (/opt/ros/humble/share/std_srvs/cmake)
[9.062s] -- Found tf2: 0.25.6 (/opt/ros/humble/share/tf2/cmake)
[9.133s] -- Found tf2_eigen: 0.25.6 (/opt/ros/humble/share/tf2_eigen/cmake)
[10.305s] -- Found tf2_sensor_msgs: 0.25.6 (/opt/ros/humble/share/tf2_sensor_msgs/cmake)
[10.420s] -- Found PkgConfig: /usr/bin/pkg-config (found version "0.29.2") 
[10.423s] -- Checking for one of the modules 'libglog'
[10.662s] -- ORRBEC Machine : aarch64
[10.663s] 
[10.663s] -- ORRBEC Machine Bits : 64
[10.664s] 
[12.079s] -- Found ament_lint_auto: 0.12.10 (/opt/ros/humble/share/ament_lint_auto/cmake)
[12.391s] -- Configuring done
[12.899s] -- Generating done
[12.909s] -- Build files have been written to: /home/jongo/ros2_ws/build/orbbec_camera
[12.958s] Invoked command in '/home/jongo/ros2_ws/build/orbbec_camera' returned '0': AMENT_PREFIX_PATH=/home/jongo/ros2_ws/install/orbbec_camera_msgs:${AMENT_PREFIX_PATH} CMAKE_PREFIX_PATH=/home/jongo/ros2_ws/install/orbbec_camera_msgs:/home/jongo/ros2_ws/install/damin_robot1:/opt/ros/humble LD_LIBRARY_PATH=/home/jongo/ros2_ws/install/orbbec_camera_msgs/lib:${LD_LIBRARY_PATH} PYTHONPATH=/home/jongo/ros2_ws/install/orbbec_camera_msgs/local/lib/python3.10/dist-packages:${PYTHONPATH} /usr/bin/cmake /home/jongo/ros2_ws/src/OrbbecSDK_ROS2/orbbec_camera -DCMAKE_BUILD_TYPE=Release -DCMAKE_INSTALL_PREFIX=/home/jongo/ros2_ws/install/orbbec_camera
[12.968s] Invoking command in '/home/jongo/ros2_ws/build/orbbec_camera': AMENT_PREFIX_PATH=/home/jongo/ros2_ws/install/orbbec_camera_msgs:${AMENT_PREFIX_PATH} CMAKE_PREFIX_PATH=/home/jongo/ros2_ws/install/orbbec_camera_msgs:/home/jongo/ros2_ws/install/damin_robot1:/opt/ros/humble LD_LIBRARY_PATH=/home/jongo/ros2_ws/install/orbbec_camera_msgs/lib:${LD_LIBRARY_PATH} PYTHONPATH=/home/jongo/ros2_ws/install/orbbec_camera_msgs/local/lib/python3.10/dist-packages:${PYTHONPATH} /usr/bin/cmake --build /home/jongo/ros2_ws/build/orbbec_camera -- -j4 -l4
[13.191s] [ 11%] [32mBuilding CXX object CMakeFiles/orbbec_camera.dir/src/d2c_viewer.cpp.o[0m
[13.192s] [ 11%] [32mBuilding CXX object CMakeFiles/orbbec_camera_node.dir/rclcpp_components/node_main_orbbec_camera_node.cpp.o[0m
[13.197s] [ 16%] [32mBuilding CXX object CMakeFiles/orbbec_camera.dir/src/dynamic_params.cpp.o[0m
[13.199s] [ 22%] [32mBuilding CXX object CMakeFiles/orbbec_camera.dir/src/ob_camera_node_driver.cpp.o[0m
[35.506s] [ 27%] [32m[1mLinking CXX executable orbbec_camera_node[0m
[36.284s] [ 27%] Built target orbbec_camera_node
[36.336s] [ 33%] [32mBuilding CXX object CMakeFiles/orbbec_camera.dir/src/ob_camera_node.cpp.o[0m
[42.099s] [ 38%] [32mBuilding CXX object CMakeFiles/orbbec_camera.dir/src/ros_param_backend.cpp.o[0m
[60.575s] [ 44%] [32mBuilding CXX object CMakeFiles/orbbec_camera.dir/src/ros_service.cpp.o[0m
[73.745s] [ 50%] [32mBuilding CXX object CMakeFiles/orbbec_camera.dir/src/synced_imu_publisher.cpp.o[0m
