running develop
running egg_info
creating ld06lidar_pkg.egg-info
writing ld06lidar_pkg.egg-info/PKG-INFO
writing dependency_links to ld06lidar_pkg.egg-info/dependency_links.txt
writing entry points to ld06lidar_pkg.egg-info/entry_points.txt
writing requirements to ld06lidar_pkg.egg-info/requires.txt
writing top-level names to ld06lidar_pkg.egg-info/top_level.txt
writing manifest file 'ld06lidar_pkg.egg-info/SOURCES.txt'
reading manifest file 'ld06lidar_pkg.egg-info/SOURCES.txt'
writing manifest file 'ld06lidar_pkg.egg-info/SOURCES.txt'
running build_ext
Creating /home/jongo/ros2_ws/install/ld06lidar_pkg/lib/python3.10/site-packages/ld06lidar-pkg.egg-link (link to .)
Installing lidar_pub_node script to /home/jongo/ros2_ws/install/ld06lidar_pkg/lib/ld06lidar_pkg
Installing lidar_subs_node script to /home/jongo/ros2_ws/install/ld06lidar_pkg/lib/ld06lidar_pkg

Installed /home/jongo/ros2_ws/build/ld06lidar_pkg
running install_data
creating /home/jongo/ros2_ws/install/ld06lidar_pkg/share/ament_index
creating /home/jongo/ros2_ws/install/ld06lidar_pkg/share/ament_index/resource_index
creating /home/jongo/ros2_ws/install/ld06lidar_pkg/share/ament_index/resource_index/packages
copying resource/ld06lidar_pkg -> /home/jongo/ros2_ws/install/ld06lidar_pkg/share/ament_index/resource_index/packages
copying package.xml -> /home/jongo/ros2_ws/install/ld06lidar_pkg/share/ld06lidar_pkg
