[0.171s] Invoking command in '/home/jongo/ros2_ws/build/orbbec_camera_msgs': CMAKE_PREFIX_PATH=${CMAKE_PREFIX_PATH}:/home/jongo/ros2_ws/install/ld06lidar_pkg:/home/jongo/ros2_ws/install/damin_robot1:/home/jongo/lidar_depthcam_ws/install/nav2_simple_commander:/home/jongo/lidar_depthcam_ws/install/depth_camera:/opt/ros/humble /usr/bin/cmake /home/jongo/ros2_ws/src/OrbbecSDK_ROS2/orbbec_camera_msgs -DCMAKE_INSTALL_PREFIX=/home/jongo/ros2_ws/install/orbbec_camera_msgs
[3.580s] -- Found ament_cmake: 1.3.8 (/opt/ros/humble/share/ament_cmake/cmake)
[3.582s] -- Override CMake install command with custom implementation using symlinks instead of copying resources
[3.582s] -- Found rosidl_default_generators: 1.2.0 (/opt/ros/humble/share/rosidl_default_generators/cmake)
[3.583s] -- Using all available rosidl_typesupport_c: rosidl_typesupport_fastrtps_c;rosidl_typesupport_introspection_c
[3.584s] -- Found rosidl_adapter: 3.1.5 (/opt/ros/humble/share/rosidl_adapter/cmake)
[3.584s] -- Using all available rosidl_typesupport_cpp: rosidl_typesupport_fastrtps_cpp;rosidl_typesupport_introspection_cpp
[3.585s] -- Found sensor_msgs: 4.2.3 (/opt/ros/humble/share/sensor_msgs/cmake)
[4.988s] -- Found ament_cmake_ros: 0.10.0 (/opt/ros/humble/share/ament_cmake_ros/cmake)
[7.265s] -- Using all available rosidl_typesupport_c: rosidl_typesupport_fastrtps_c;rosidl_typesupport_introspection_c
[9.815s] -- Using all available rosidl_typesupport_cpp: rosidl_typesupport_fastrtps_cpp;rosidl_typesupport_introspection_cpp
[10.222s] -- Found python_cmake_module: 0.10.0 (/opt/ros/humble/share/python_cmake_module/cmake)
[10.518s] -- Using PYTHON_EXECUTABLE: /usr/bin/python3
[10.519s] -- Using PYTHON_INCLUDE_DIRS: /usr/include/python3.10
[10.521s] -- Using PYTHON_LIBRARIES: /usr/lib/aarch64-linux-gnu/libpython3.10.so
[10.970s] -- Found ament_lint_auto: 0.12.10 (/opt/ros/humble/share/ament_lint_auto/cmake)
[11.081s] -- Added test 'copyright' to check source files copyright and LICENSE
[11.109s] -- Added test 'lint_cmake' to check CMake code style
[11.122s] -- Added test 'xmllint' to check XML markup files
[11.149s] -- Configuring done
[11.951s] -- Generating done
[12.030s] -- Build files have been written to: /home/jongo/ros2_ws/build/orbbec_camera_msgs
[12.092s] Invoked command in '/home/jongo/ros2_ws/build/orbbec_camera_msgs' returned '0': CMAKE_PREFIX_PATH=${CMAKE_PREFIX_PATH}:/home/jongo/ros2_ws/install/ld06lidar_pkg:/home/jongo/ros2_ws/install/damin_robot1:/home/jongo/lidar_depthcam_ws/install/nav2_simple_commander:/home/jongo/lidar_depthcam_ws/install/depth_camera:/opt/ros/humble /usr/bin/cmake /home/jongo/ros2_ws/src/OrbbecSDK_ROS2/orbbec_camera_msgs -DCMAKE_INSTALL_PREFIX=/home/jongo/ros2_ws/install/orbbec_camera_msgs
[12.106s] Invoking command in '/home/jongo/ros2_ws/build/orbbec_camera_msgs': CMAKE_PREFIX_PATH=${CMAKE_PREFIX_PATH}:/home/jongo/ros2_ws/install/ld06lidar_pkg:/home/jongo/ros2_ws/install/damin_robot1:/home/jongo/lidar_depthcam_ws/install/nav2_simple_commander:/home/jongo/lidar_depthcam_ws/install/depth_camera:/opt/ros/humble /usr/bin/cmake --build /home/jongo/ros2_ws/build/orbbec_camera_msgs -- -j4 -l4
[12.681s] [35m[1mConsolidate compiler generated dependencies of target orbbec_camera_msgs__rosidl_generator_c[0m
[12.858s] failed to create symbolic link '/home/jongo/ros2_ws/build/orbbec_camera_msgs/ament_cmake_python/orbbec_camera_msgs/orbbec_camera_msgs' because existing path cannot be removed: Is a directory
[12.924s] gmake[2]: *** [CMakeFiles/ament_cmake_python_symlink_orbbec_camera_msgs.dir/build.make:70: CMakeFiles/ament_cmake_python_symlink_orbbec_camera_msgs] Error 1
[12.924s] gmake[1]: *** [CMakeFiles/Makefile2:421: CMakeFiles/ament_cmake_python_symlink_orbbec_camera_msgs.dir/all] Error 2
[12.925s] gmake[1]: *** Waiting for unfinished jobs....
[13.024s] [  0%] Built target orbbec_camera_msgs__cpp
[13.033s] [ 12%] Built target orbbec_camera_msgs__rosidl_generator_c
[13.040s] gmake: *** [Makefile:146: all] Error 2
[13.062s] Invoked command in '/home/jongo/ros2_ws/build/orbbec_camera_msgs' returned '2': CMAKE_PREFIX_PATH=${CMAKE_PREFIX_PATH}:/home/jongo/ros2_ws/install/ld06lidar_pkg:/home/jongo/ros2_ws/install/damin_robot1:/home/jongo/lidar_depthcam_ws/install/nav2_simple_commander:/home/jongo/lidar_depthcam_ws/install/depth_camera:/opt/ros/humble /usr/bin/cmake --build /home/jongo/ros2_ws/build/orbbec_camera_msgs -- -j4 -l4
