[0.528s] DEBUG:colcon:Command line arguments: ['/usr/bin/colcon', 'build', '--symlink-install']
[0.529s] DEBUG:colcon:Parsed command line arguments: Namespace(log_base=None, log_level=None, verb_name='build', build_base='build', install_base='install', merge_install=False, symlink_install=True, test_result_base=None, continue_on_error=False, executor='parallel', parallel_workers=4, event_handlers=None, ignore_user_meta=False, metas=['./colcon.meta'], base_paths=['.'], packages_ignore=None, packages_ignore_regex=None, paths=None, packages_up_to=None, packages_up_to_regex=None, packages_above=None, packages_above_and_dependencies=None, packages_above_depth=None, packages_select_by_dep=None, packages_skip_by_dep=None, packages_skip_up_to=None, packages_select_build_failed=False, packages_skip_build_finished=False, packages_select_test_failures=False, packages_skip_test_passed=False, packages_select=None, packages_skip=None, packages_select_regex=None, packages_skip_regex=None, packages_start=None, packages_end=None, allow_overriding=[], cmake_args=None, cmake_target=None, cmake_target_skip_unavailable=False, cmake_clean_cache=False, cmake_clean_first=False, cmake_force_configure=False, ament_cmake_args=None, catkin_cmake_args=None, catkin_skip_building_tests=False, verb_parser=<colcon_defaults.argument_parser.defaults.DefaultArgumentsDecorator object at 0xffff7e6fde70>, verb_extension=<colcon_core.verb.build.BuildVerb object at 0xffff7e6fd990>, main=<bound method BuildVerb.main of <colcon_core.verb.build.BuildVerb object at 0xffff7e6fd990>>)
[1.520s] Level 1:colcon.colcon_core.package_discovery:discover_packages(colcon_meta) check parameters
[1.521s] Level 1:colcon.colcon_core.package_discovery:discover_packages(recursive) check parameters
[1.521s] Level 1:colcon.colcon_core.package_discovery:discover_packages(ignore) check parameters
[1.521s] Level 1:colcon.colcon_core.package_discovery:discover_packages(path) check parameters
[1.521s] Level 1:colcon.colcon_core.package_discovery:discover_packages(colcon_meta) discover
[1.522s] Level 1:colcon.colcon_core.package_discovery:discover_packages(recursive) discover
[1.522s] INFO:colcon.colcon_core.package_discovery:Crawling recursively for packages in '/home/jongo/ros2_ws'
[1.522s] Level 1:colcon.colcon_core.package_identification:_identify(.) by extensions ['ignore', 'ignore_ament_install']
[1.523s] Level 1:colcon.colcon_core.package_identification:_identify(.) by extension 'ignore'
[1.523s] Level 1:colcon.colcon_core.package_identification:_identify(.) by extension 'ignore_ament_install'
[1.523s] Level 1:colcon.colcon_core.package_identification:_identify(.) by extensions ['colcon_pkg']
[1.523s] Level 1:colcon.colcon_core.package_identification:_identify(.) by extension 'colcon_pkg'
[1.524s] Level 1:colcon.colcon_core.package_identification:_identify(.) by extensions ['colcon_meta']
[1.524s] Level 1:colcon.colcon_core.package_identification:_identify(.) by extension 'colcon_meta'
[1.524s] Level 1:colcon.colcon_core.package_identification:_identify(.) by extensions ['ros']
[1.524s] Level 1:colcon.colcon_core.package_identification:_identify(.) by extension 'ros'
[1.602s] Level 1:colcon.colcon_core.package_identification:_identify(.) by extensions ['cmake', 'python']
[1.602s] Level 1:colcon.colcon_core.package_identification:_identify(.) by extension 'cmake'
[1.602s] Level 1:colcon.colcon_core.package_identification:_identify(.) by extension 'python'
[1.603s] Level 1:colcon.colcon_core.package_identification:_identify(.) by extensions ['python_setup_py']
[1.603s] Level 1:colcon.colcon_core.package_identification:_identify(.) by extension 'python_setup_py'
[1.603s] Level 1:colcon.colcon_core.package_identification:_identify(build) by extensions ['ignore', 'ignore_ament_install']
[1.604s] Level 1:colcon.colcon_core.package_identification:_identify(build) by extension 'ignore'
[1.604s] Level 1:colcon.colcon_core.package_identification:_identify(build) ignored
[1.604s] Level 1:colcon.colcon_core.package_identification:_identify(install) by extensions ['ignore', 'ignore_ament_install']
[1.605s] Level 1:colcon.colcon_core.package_identification:_identify(install) by extension 'ignore'
[1.605s] Level 1:colcon.colcon_core.package_identification:_identify(install) ignored
[1.606s] Level 1:colcon.colcon_core.package_identification:_identify(log) by extensions ['ignore', 'ignore_ament_install']
[1.606s] Level 1:colcon.colcon_core.package_identification:_identify(log) by extension 'ignore'
[1.607s] Level 1:colcon.colcon_core.package_identification:_identify(log) ignored
[1.607s] Level 1:colcon.colcon_core.package_identification:_identify(src) by extensions ['ignore', 'ignore_ament_install']
[1.607s] Level 1:colcon.colcon_core.package_identification:_identify(src) by extension 'ignore'
[1.608s] Level 1:colcon.colcon_core.package_identification:_identify(src) by extension 'ignore_ament_install'
[1.608s] Level 1:colcon.colcon_core.package_identification:_identify(src) by extensions ['colcon_pkg']
[1.608s] Level 1:colcon.colcon_core.package_identification:_identify(src) by extension 'colcon_pkg'
[1.608s] Level 1:colcon.colcon_core.package_identification:_identify(src) by extensions ['colcon_meta']
[1.608s] Level 1:colcon.colcon_core.package_identification:_identify(src) by extension 'colcon_meta'
[1.609s] Level 1:colcon.colcon_core.package_identification:_identify(src) by extensions ['ros']
[1.609s] Level 1:colcon.colcon_core.package_identification:_identify(src) by extension 'ros'
[1.609s] Level 1:colcon.colcon_core.package_identification:_identify(src) by extensions ['cmake', 'python']
[1.609s] Level 1:colcon.colcon_core.package_identification:_identify(src) by extension 'cmake'
[1.609s] Level 1:colcon.colcon_core.package_identification:_identify(src) by extension 'python'
[1.610s] Level 1:colcon.colcon_core.package_identification:_identify(src) by extensions ['python_setup_py']
[1.610s] Level 1:colcon.colcon_core.package_identification:_identify(src) by extension 'python_setup_py'
[1.610s] Level 1:colcon.colcon_core.package_identification:_identify(src/OrbbecSDK_ROS2) by extensions ['ignore', 'ignore_ament_install']
[1.611s] Level 1:colcon.colcon_core.package_identification:_identify(src/OrbbecSDK_ROS2) by extension 'ignore'
[1.611s] Level 1:colcon.colcon_core.package_identification:_identify(src/OrbbecSDK_ROS2) by extension 'ignore_ament_install'
[1.611s] Level 1:colcon.colcon_core.package_identification:_identify(src/OrbbecSDK_ROS2) by extensions ['colcon_pkg']
[1.611s] Level 1:colcon.colcon_core.package_identification:_identify(src/OrbbecSDK_ROS2) by extension 'colcon_pkg'
[1.611s] Level 1:colcon.colcon_core.package_identification:_identify(src/OrbbecSDK_ROS2) by extensions ['colcon_meta']
[1.611s] Level 1:colcon.colcon_core.package_identification:_identify(src/OrbbecSDK_ROS2) by extension 'colcon_meta'
[1.612s] Level 1:colcon.colcon_core.package_identification:_identify(src/OrbbecSDK_ROS2) by extensions ['ros']
[1.612s] Level 1:colcon.colcon_core.package_identification:_identify(src/OrbbecSDK_ROS2) by extension 'ros'
[1.612s] Level 1:colcon.colcon_core.package_identification:_identify(src/OrbbecSDK_ROS2) by extensions ['cmake', 'python']
[1.612s] Level 1:colcon.colcon_core.package_identification:_identify(src/OrbbecSDK_ROS2) by extension 'cmake'
[1.612s] Level 1:colcon.colcon_core.package_identification:_identify(src/OrbbecSDK_ROS2) by extension 'python'
[1.613s] Level 1:colcon.colcon_core.package_identification:_identify(src/OrbbecSDK_ROS2) by extensions ['python_setup_py']
[1.613s] Level 1:colcon.colcon_core.package_identification:_identify(src/OrbbecSDK_ROS2) by extension 'python_setup_py'
[1.613s] Level 1:colcon.colcon_core.package_identification:_identify(src/OrbbecSDK_ROS2/orbbec_camera) by extensions ['ignore', 'ignore_ament_install']
[1.614s] Level 1:colcon.colcon_core.package_identification:_identify(src/OrbbecSDK_ROS2/orbbec_camera) by extension 'ignore'
[1.614s] Level 1:colcon.colcon_core.package_identification:_identify(src/OrbbecSDK_ROS2/orbbec_camera) by extension 'ignore_ament_install'
[1.614s] Level 1:colcon.colcon_core.package_identification:_identify(src/OrbbecSDK_ROS2/orbbec_camera) by extensions ['colcon_pkg']
[1.614s] Level 1:colcon.colcon_core.package_identification:_identify(src/OrbbecSDK_ROS2/orbbec_camera) by extension 'colcon_pkg'
[1.615s] Level 1:colcon.colcon_core.package_identification:_identify(src/OrbbecSDK_ROS2/orbbec_camera) by extensions ['colcon_meta']
[1.615s] Level 1:colcon.colcon_core.package_identification:_identify(src/OrbbecSDK_ROS2/orbbec_camera) by extension 'colcon_meta'
[1.615s] Level 1:colcon.colcon_core.package_identification:_identify(src/OrbbecSDK_ROS2/orbbec_camera) by extensions ['ros']
[1.615s] Level 1:colcon.colcon_core.package_identification:_identify(src/OrbbecSDK_ROS2/orbbec_camera) by extension 'ros'
[1.630s] DEBUG:colcon.colcon_core.package_identification:Package 'src/OrbbecSDK_ROS2/orbbec_camera' with type 'ros.ament_cmake' and name 'orbbec_camera'
[1.630s] Level 1:colcon.colcon_core.package_identification:_identify(src/OrbbecSDK_ROS2/orbbec_camera_msgs) by extensions ['ignore', 'ignore_ament_install']
[1.631s] Level 1:colcon.colcon_core.package_identification:_identify(src/OrbbecSDK_ROS2/orbbec_camera_msgs) by extension 'ignore'
[1.631s] Level 1:colcon.colcon_core.package_identification:_identify(src/OrbbecSDK_ROS2/orbbec_camera_msgs) by extension 'ignore_ament_install'
[1.631s] Level 1:colcon.colcon_core.package_identification:_identify(src/OrbbecSDK_ROS2/orbbec_camera_msgs) by extensions ['colcon_pkg']
[1.631s] Level 1:colcon.colcon_core.package_identification:_identify(src/OrbbecSDK_ROS2/orbbec_camera_msgs) by extension 'colcon_pkg'
[1.632s] Level 1:colcon.colcon_core.package_identification:_identify(src/OrbbecSDK_ROS2/orbbec_camera_msgs) by extensions ['colcon_meta']
[1.632s] Level 1:colcon.colcon_core.package_identification:_identify(src/OrbbecSDK_ROS2/orbbec_camera_msgs) by extension 'colcon_meta'
[1.632s] Level 1:colcon.colcon_core.package_identification:_identify(src/OrbbecSDK_ROS2/orbbec_camera_msgs) by extensions ['ros']
[1.632s] Level 1:colcon.colcon_core.package_identification:_identify(src/OrbbecSDK_ROS2/orbbec_camera_msgs) by extension 'ros'
[1.634s] DEBUG:colcon.colcon_core.package_identification:Package 'src/OrbbecSDK_ROS2/orbbec_camera_msgs' with type 'ros.ament_cmake' and name 'orbbec_camera_msgs'
[1.635s] Level 1:colcon.colcon_core.package_identification:_identify(src/OrbbecSDK_ROS2/orbbec_description) by extensions ['ignore', 'ignore_ament_install']
[1.635s] Level 1:colcon.colcon_core.package_identification:_identify(src/OrbbecSDK_ROS2/orbbec_description) by extension 'ignore'
[1.635s] Level 1:colcon.colcon_core.package_identification:_identify(src/OrbbecSDK_ROS2/orbbec_description) by extension 'ignore_ament_install'
[1.636s] Level 1:colcon.colcon_core.package_identification:_identify(src/OrbbecSDK_ROS2/orbbec_description) by extensions ['colcon_pkg']
[1.636s] Level 1:colcon.colcon_core.package_identification:_identify(src/OrbbecSDK_ROS2/orbbec_description) by extension 'colcon_pkg'
[1.636s] Level 1:colcon.colcon_core.package_identification:_identify(src/OrbbecSDK_ROS2/orbbec_description) by extensions ['colcon_meta']
[1.636s] Level 1:colcon.colcon_core.package_identification:_identify(src/OrbbecSDK_ROS2/orbbec_description) by extension 'colcon_meta'
[1.636s] Level 1:colcon.colcon_core.package_identification:_identify(src/OrbbecSDK_ROS2/orbbec_description) by extensions ['ros']
[1.637s] Level 1:colcon.colcon_core.package_identification:_identify(src/OrbbecSDK_ROS2/orbbec_description) by extension 'ros'
[1.638s] DEBUG:colcon.colcon_core.package_identification:Package 'src/OrbbecSDK_ROS2/orbbec_description' with type 'ros.ament_cmake' and name 'orbbec_description'
[1.639s] Level 1:colcon.colcon_core.package_identification:_identify(src/RPi_Ubuntu2204_3D_Depth_Camera) by extensions ['ignore', 'ignore_ament_install']
[1.639s] Level 1:colcon.colcon_core.package_identification:_identify(src/RPi_Ubuntu2204_3D_Depth_Camera) by extension 'ignore'
[1.640s] Level 1:colcon.colcon_core.package_identification:_identify(src/RPi_Ubuntu2204_3D_Depth_Camera) by extension 'ignore_ament_install'
[1.640s] Level 1:colcon.colcon_core.package_identification:_identify(src/RPi_Ubuntu2204_3D_Depth_Camera) by extensions ['colcon_pkg']
[1.640s] Level 1:colcon.colcon_core.package_identification:_identify(src/RPi_Ubuntu2204_3D_Depth_Camera) by extension 'colcon_pkg'
[1.640s] Level 1:colcon.colcon_core.package_identification:_identify(src/RPi_Ubuntu2204_3D_Depth_Camera) by extensions ['colcon_meta']
[1.640s] Level 1:colcon.colcon_core.package_identification:_identify(src/RPi_Ubuntu2204_3D_Depth_Camera) by extension 'colcon_meta'
[1.641s] Level 1:colcon.colcon_core.package_identification:_identify(src/RPi_Ubuntu2204_3D_Depth_Camera) by extensions ['ros']
[1.641s] Level 1:colcon.colcon_core.package_identification:_identify(src/RPi_Ubuntu2204_3D_Depth_Camera) by extension 'ros'
[1.641s] Level 1:colcon.colcon_core.package_identification:_identify(src/RPi_Ubuntu2204_3D_Depth_Camera) by extensions ['cmake', 'python']
[1.641s] Level 1:colcon.colcon_core.package_identification:_identify(src/RPi_Ubuntu2204_3D_Depth_Camera) by extension 'cmake'
[1.642s] Level 1:colcon.colcon_core.package_identification:_identify(src/RPi_Ubuntu2204_3D_Depth_Camera) by extension 'python'
[1.642s] Level 1:colcon.colcon_core.package_identification:_identify(src/RPi_Ubuntu2204_3D_Depth_Camera) by extensions ['python_setup_py']
[1.642s] Level 1:colcon.colcon_core.package_identification:_identify(src/RPi_Ubuntu2204_3D_Depth_Camera) by extension 'python_setup_py'
[1.642s] Level 1:colcon.colcon_core.package_identification:_identify(src/damin_robot1) by extensions ['ignore', 'ignore_ament_install']
[1.643s] Level 1:colcon.colcon_core.package_identification:_identify(src/damin_robot1) by extension 'ignore'
[1.643s] Level 1:colcon.colcon_core.package_identification:_identify(src/damin_robot1) by extension 'ignore_ament_install'
[1.643s] Level 1:colcon.colcon_core.package_identification:_identify(src/damin_robot1) by extensions ['colcon_pkg']
[1.643s] Level 1:colcon.colcon_core.package_identification:_identify(src/damin_robot1) by extension 'colcon_pkg'
[1.644s] Level 1:colcon.colcon_core.package_identification:_identify(src/damin_robot1) by extensions ['colcon_meta']
[1.644s] Level 1:colcon.colcon_core.package_identification:_identify(src/damin_robot1) by extension 'colcon_meta'
[1.644s] Level 1:colcon.colcon_core.package_identification:_identify(src/damin_robot1) by extensions ['ros']
[1.644s] Level 1:colcon.colcon_core.package_identification:_identify(src/damin_robot1) by extension 'ros'
[1.647s] DEBUG:colcon.colcon_core.package_identification:Package 'src/damin_robot1' with type 'ros.ament_python' and name 'damin_robot1'
[1.647s] Level 1:colcon.colcon_core.package_identification:_identify(src/ld06lidar_pkg) by extensions ['ignore', 'ignore_ament_install']
[1.648s] Level 1:colcon.colcon_core.package_identification:_identify(src/ld06lidar_pkg) by extension 'ignore'
[1.648s] Level 1:colcon.colcon_core.package_identification:_identify(src/ld06lidar_pkg) by extension 'ignore_ament_install'
[1.648s] Level 1:colcon.colcon_core.package_identification:_identify(src/ld06lidar_pkg) by extensions ['colcon_pkg']
[1.648s] Level 1:colcon.colcon_core.package_identification:_identify(src/ld06lidar_pkg) by extension 'colcon_pkg'
[1.649s] Level 1:colcon.colcon_core.package_identification:_identify(src/ld06lidar_pkg) by extensions ['colcon_meta']
[1.649s] Level 1:colcon.colcon_core.package_identification:_identify(src/ld06lidar_pkg) by extension 'colcon_meta'
[1.649s] Level 1:colcon.colcon_core.package_identification:_identify(src/ld06lidar_pkg) by extensions ['ros']
[1.649s] Level 1:colcon.colcon_core.package_identification:_identify(src/ld06lidar_pkg) by extension 'ros'
[1.651s] DEBUG:colcon.colcon_core.package_identification:Package 'src/ld06lidar_pkg' with type 'ros.ament_python' and name 'ld06lidar_pkg'
[1.651s] Level 1:colcon.colcon_core.package_discovery:discover_packages(recursive) using defaults
[1.652s] Level 1:colcon.colcon_core.package_discovery:discover_packages(ignore) discover
[1.652s] Level 1:colcon.colcon_core.package_discovery:discover_packages(ignore) using defaults
[1.652s] Level 1:colcon.colcon_core.package_discovery:discover_packages(path) discover
[1.652s] Level 1:colcon.colcon_core.package_discovery:discover_packages(path) using defaults
[1.739s] Level 1:colcon.colcon_core.package_discovery:discover_packages(prefix_path) check parameters
[1.739s] Level 1:colcon.colcon_core.package_discovery:discover_packages(prefix_path) discover
[1.755s] DEBUG:colcon.colcon_installed_package_information.package_discovery:Found 4 installed packages in /home/jongo/ros2_ws/install
[1.758s] DEBUG:colcon.colcon_installed_package_information.package_discovery:Found 8 installed packages in /home/jongo/lidar_depthcam_ws/install
[1.770s] DEBUG:colcon.colcon_installed_package_information.package_discovery:Found 345 installed packages in /opt/ros/humble
[1.780s] Level 1:colcon.colcon_core.package_discovery:discover_packages(prefix_path) using defaults
[2.019s] Level 5:colcon.colcon_core.verb:set package 'damin_robot1' build argument 'cmake_args' from command line to 'None'
[2.019s] Level 5:colcon.colcon_core.verb:set package 'damin_robot1' build argument 'cmake_target' from command line to 'None'
[2.019s] Level 5:colcon.colcon_core.verb:set package 'damin_robot1' build argument 'cmake_target_skip_unavailable' from command line to 'False'
[2.020s] Level 5:colcon.colcon_core.verb:set package 'damin_robot1' build argument 'cmake_clean_cache' from command line to 'False'
[2.020s] Level 5:colcon.colcon_core.verb:set package 'damin_robot1' build argument 'cmake_clean_first' from command line to 'False'
[2.020s] Level 5:colcon.colcon_core.verb:set package 'damin_robot1' build argument 'cmake_force_configure' from command line to 'False'
[2.020s] Level 5:colcon.colcon_core.verb:set package 'damin_robot1' build argument 'ament_cmake_args' from command line to 'None'
[2.020s] Level 5:colcon.colcon_core.verb:set package 'damin_robot1' build argument 'catkin_cmake_args' from command line to 'None'
[2.020s] Level 5:colcon.colcon_core.verb:set package 'damin_robot1' build argument 'catkin_skip_building_tests' from command line to 'False'
[2.020s] DEBUG:colcon.colcon_core.verb:Building package 'damin_robot1' with the following arguments: {'ament_cmake_args': None, 'build_base': '/home/jongo/ros2_ws/build/damin_robot1', 'catkin_cmake_args': None, 'catkin_skip_building_tests': False, 'cmake_args': None, 'cmake_clean_cache': False, 'cmake_clean_first': False, 'cmake_force_configure': False, 'cmake_target': None, 'cmake_target_skip_unavailable': False, 'install_base': '/home/jongo/ros2_ws/install/damin_robot1', 'merge_install': False, 'path': '/home/jongo/ros2_ws/src/damin_robot1', 'symlink_install': True, 'test_result_base': None}
[2.022s] Level 5:colcon.colcon_core.verb:set package 'ld06lidar_pkg' build argument 'cmake_args' from command line to 'None'
[2.022s] Level 5:colcon.colcon_core.verb:set package 'ld06lidar_pkg' build argument 'cmake_target' from command line to 'None'
[2.022s] Level 5:colcon.colcon_core.verb:set package 'ld06lidar_pkg' build argument 'cmake_target_skip_unavailable' from command line to 'False'
[2.022s] Level 5:colcon.colcon_core.verb:set package 'ld06lidar_pkg' build argument 'cmake_clean_cache' from command line to 'False'
[2.022s] Level 5:colcon.colcon_core.verb:set package 'ld06lidar_pkg' build argument 'cmake_clean_first' from command line to 'False'
[2.022s] Level 5:colcon.colcon_core.verb:set package 'ld06lidar_pkg' build argument 'cmake_force_configure' from command line to 'False'
[2.023s] Level 5:colcon.colcon_core.verb:set package 'ld06lidar_pkg' build argument 'ament_cmake_args' from command line to 'None'
[2.023s] Level 5:colcon.colcon_core.verb:set package 'ld06lidar_pkg' build argument 'catkin_cmake_args' from command line to 'None'
[2.023s] Level 5:colcon.colcon_core.verb:set package 'ld06lidar_pkg' build argument 'catkin_skip_building_tests' from command line to 'False'
[2.023s] DEBUG:colcon.colcon_core.verb:Building package 'ld06lidar_pkg' with the following arguments: {'ament_cmake_args': None, 'build_base': '/home/jongo/ros2_ws/build/ld06lidar_pkg', 'catkin_cmake_args': None, 'catkin_skip_building_tests': False, 'cmake_args': None, 'cmake_clean_cache': False, 'cmake_clean_first': False, 'cmake_force_configure': False, 'cmake_target': None, 'cmake_target_skip_unavailable': False, 'install_base': '/home/jongo/ros2_ws/install/ld06lidar_pkg', 'merge_install': False, 'path': '/home/jongo/ros2_ws/src/ld06lidar_pkg', 'symlink_install': True, 'test_result_base': None}
[2.024s] Level 5:colcon.colcon_core.verb:set package 'orbbec_camera_msgs' build argument 'cmake_args' from command line to 'None'
[2.025s] Level 5:colcon.colcon_core.verb:set package 'orbbec_camera_msgs' build argument 'cmake_target' from command line to 'None'
[2.025s] Level 5:colcon.colcon_core.verb:set package 'orbbec_camera_msgs' build argument 'cmake_target_skip_unavailable' from command line to 'False'
[2.025s] Level 5:colcon.colcon_core.verb:set package 'orbbec_camera_msgs' build argument 'cmake_clean_cache' from command line to 'False'
[2.025s] Level 5:colcon.colcon_core.verb:set package 'orbbec_camera_msgs' build argument 'cmake_clean_first' from command line to 'False'
[2.025s] Level 5:colcon.colcon_core.verb:set package 'orbbec_camera_msgs' build argument 'cmake_force_configure' from command line to 'False'
[2.025s] Level 5:colcon.colcon_core.verb:set package 'orbbec_camera_msgs' build argument 'ament_cmake_args' from command line to 'None'
[2.025s] Level 5:colcon.colcon_core.verb:set package 'orbbec_camera_msgs' build argument 'catkin_cmake_args' from command line to 'None'
[2.025s] Level 5:colcon.colcon_core.verb:set package 'orbbec_camera_msgs' build argument 'catkin_skip_building_tests' from command line to 'False'
[2.025s] DEBUG:colcon.colcon_core.verb:Building package 'orbbec_camera_msgs' with the following arguments: {'ament_cmake_args': None, 'build_base': '/home/jongo/ros2_ws/build/orbbec_camera_msgs', 'catkin_cmake_args': None, 'catkin_skip_building_tests': False, 'cmake_args': None, 'cmake_clean_cache': False, 'cmake_clean_first': False, 'cmake_force_configure': False, 'cmake_target': None, 'cmake_target_skip_unavailable': False, 'install_base': '/home/jongo/ros2_ws/install/orbbec_camera_msgs', 'merge_install': False, 'path': '/home/jongo/ros2_ws/src/OrbbecSDK_ROS2/orbbec_camera_msgs', 'symlink_install': True, 'test_result_base': None}
[2.027s] Level 5:colcon.colcon_core.verb:set package 'orbbec_description' build argument 'cmake_args' from command line to 'None'
[2.027s] Level 5:colcon.colcon_core.verb:set package 'orbbec_description' build argument 'cmake_target' from command line to 'None'
[2.027s] Level 5:colcon.colcon_core.verb:set package 'orbbec_description' build argument 'cmake_target_skip_unavailable' from command line to 'False'
[2.027s] Level 5:colcon.colcon_core.verb:set package 'orbbec_description' build argument 'cmake_clean_cache' from command line to 'False'
[2.027s] Level 5:colcon.colcon_core.verb:set package 'orbbec_description' build argument 'cmake_clean_first' from command line to 'False'
[2.028s] Level 5:colcon.colcon_core.verb:set package 'orbbec_description' build argument 'cmake_force_configure' from command line to 'False'
[2.028s] Level 5:colcon.colcon_core.verb:set package 'orbbec_description' build argument 'ament_cmake_args' from command line to 'None'
[2.028s] Level 5:colcon.colcon_core.verb:set package 'orbbec_description' build argument 'catkin_cmake_args' from command line to 'None'
[2.028s] Level 5:colcon.colcon_core.verb:set package 'orbbec_description' build argument 'catkin_skip_building_tests' from command line to 'False'
[2.028s] DEBUG:colcon.colcon_core.verb:Building package 'orbbec_description' with the following arguments: {'ament_cmake_args': None, 'build_base': '/home/jongo/ros2_ws/build/orbbec_description', 'catkin_cmake_args': None, 'catkin_skip_building_tests': False, 'cmake_args': None, 'cmake_clean_cache': False, 'cmake_clean_first': False, 'cmake_force_configure': False, 'cmake_target': None, 'cmake_target_skip_unavailable': False, 'install_base': '/home/jongo/ros2_ws/install/orbbec_description', 'merge_install': False, 'path': '/home/jongo/ros2_ws/src/OrbbecSDK_ROS2/orbbec_description', 'symlink_install': True, 'test_result_base': None}
[2.030s] Level 5:colcon.colcon_core.verb:set package 'orbbec_camera' build argument 'cmake_args' from command line to 'None'
[2.030s] Level 5:colcon.colcon_core.verb:set package 'orbbec_camera' build argument 'cmake_target' from command line to 'None'
[2.030s] Level 5:colcon.colcon_core.verb:set package 'orbbec_camera' build argument 'cmake_target_skip_unavailable' from command line to 'False'
[2.030s] Level 5:colcon.colcon_core.verb:set package 'orbbec_camera' build argument 'cmake_clean_cache' from command line to 'False'
[2.031s] Level 5:colcon.colcon_core.verb:set package 'orbbec_camera' build argument 'cmake_clean_first' from command line to 'False'
[2.031s] Level 5:colcon.colcon_core.verb:set package 'orbbec_camera' build argument 'cmake_force_configure' from command line to 'False'
[2.031s] Level 5:colcon.colcon_core.verb:set package 'orbbec_camera' build argument 'ament_cmake_args' from command line to 'None'
[2.031s] Level 5:colcon.colcon_core.verb:set package 'orbbec_camera' build argument 'catkin_cmake_args' from command line to 'None'
[2.031s] Level 5:colcon.colcon_core.verb:set package 'orbbec_camera' build argument 'catkin_skip_building_tests' from command line to 'False'
[2.031s] DEBUG:colcon.colcon_core.verb:Building package 'orbbec_camera' with the following arguments: {'ament_cmake_args': None, 'build_base': '/home/jongo/ros2_ws/build/orbbec_camera', 'catkin_cmake_args': None, 'catkin_skip_building_tests': False, 'cmake_args': None, 'cmake_clean_cache': False, 'cmake_clean_first': False, 'cmake_force_configure': False, 'cmake_target': None, 'cmake_target_skip_unavailable': False, 'install_base': '/home/jongo/ros2_ws/install/orbbec_camera', 'merge_install': False, 'path': '/home/jongo/ros2_ws/src/OrbbecSDK_ROS2/orbbec_camera', 'symlink_install': True, 'test_result_base': None}
[2.032s] INFO:colcon.colcon_core.executor:Executing jobs using 'parallel' executor
[2.036s] DEBUG:colcon.colcon_parallel_executor.executor.parallel:run_until_complete
[2.037s] INFO:colcon.colcon_ros.task.ament_cmake.build:Building ROS package in '/home/jongo/ros2_ws/src/OrbbecSDK_ROS2/orbbec_camera_msgs' with build type 'ament_cmake'
[2.038s] INFO:colcon.colcon_cmake.task.cmake.build:Building CMake package in '/home/jongo/ros2_ws/src/OrbbecSDK_ROS2/orbbec_camera_msgs'
[2.053s] INFO:colcon.colcon_core.plugin_system:Skipping extension 'colcon_core.shell.bat': Not used on non-Windows systems
[2.054s] INFO:colcon.colcon_core.shell:Skip shell extension 'powershell' for command environment: Not usable outside of PowerShell
[2.054s] DEBUG:colcon.colcon_core.shell:Skip shell extension 'dsv' for command environment
[2.082s] INFO:colcon.colcon_ros.task.ament_python.build:Building ROS package in '/home/jongo/ros2_ws/src/damin_robot1' with build type 'ament_python'
[2.082s] Level 1:colcon.colcon_core.shell:create_environment_hook('damin_robot1', 'ament_prefix_path')
[2.083s] INFO:colcon.colcon_core.shell:Creating environment hook '/home/jongo/ros2_ws/install/damin_robot1/share/damin_robot1/hook/ament_prefix_path.ps1'
[2.087s] INFO:colcon.colcon_core.shell:Creating environment descriptor '/home/jongo/ros2_ws/install/damin_robot1/share/damin_robot1/hook/ament_prefix_path.dsv'
[2.091s] INFO:colcon.colcon_core.shell:Creating environment hook '/home/jongo/ros2_ws/install/damin_robot1/share/damin_robot1/hook/ament_prefix_path.sh'
[2.097s] INFO:colcon.colcon_core.shell:Skip shell extension 'powershell' for command environment: Not usable outside of PowerShell
[2.097s] DEBUG:colcon.colcon_core.shell:Skip shell extension 'dsv' for command environment
[2.124s] INFO:colcon.colcon_ros.task.ament_python.build:Building ROS package in '/home/jongo/ros2_ws/src/ld06lidar_pkg' with build type 'ament_python'
[2.125s] Level 1:colcon.colcon_core.shell:create_environment_hook('ld06lidar_pkg', 'ament_prefix_path')
[2.126s] INFO:colcon.colcon_core.shell:Creating environment hook '/home/jongo/ros2_ws/install/ld06lidar_pkg/share/ld06lidar_pkg/hook/ament_prefix_path.ps1'
[2.128s] INFO:colcon.colcon_core.shell:Creating environment descriptor '/home/jongo/ros2_ws/install/ld06lidar_pkg/share/ld06lidar_pkg/hook/ament_prefix_path.dsv'
[2.131s] INFO:colcon.colcon_core.shell:Creating environment hook '/home/jongo/ros2_ws/install/ld06lidar_pkg/share/ld06lidar_pkg/hook/ament_prefix_path.sh'
[2.134s] INFO:colcon.colcon_core.shell:Skip shell extension 'powershell' for command environment: Not usable outside of PowerShell
[2.135s] DEBUG:colcon.colcon_core.shell:Skip shell extension 'dsv' for command environment
[2.161s] INFO:colcon.colcon_ros.task.ament_cmake.build:Building ROS package in '/home/jongo/ros2_ws/src/OrbbecSDK_ROS2/orbbec_description' with build type 'ament_cmake'
[2.162s] INFO:colcon.colcon_cmake.task.cmake.build:Building CMake package in '/home/jongo/ros2_ws/src/OrbbecSDK_ROS2/orbbec_description'
[2.163s] INFO:colcon.colcon_core.shell:Skip shell extension 'powershell' for command environment: Not usable outside of PowerShell
[2.163s] DEBUG:colcon.colcon_core.shell:Skip shell extension 'dsv' for command environment
[2.207s] DEBUG:colcon.colcon_core.event_handler.log_command:Invoking command in '/home/jongo/ros2_ws/build/orbbec_camera_msgs': CMAKE_PREFIX_PATH=${CMAKE_PREFIX_PATH}:/home/jongo/ros2_ws/install/ld06lidar_pkg:/home/jongo/ros2_ws/install/damin_robot1:/home/jongo/lidar_depthcam_ws/install/nav2_simple_commander:/home/jongo/lidar_depthcam_ws/install/depth_camera:/opt/ros/humble /usr/bin/cmake /home/jongo/ros2_ws/src/OrbbecSDK_ROS2/orbbec_camera_msgs -DAMENT_CMAKE_SYMLINK_INSTALL=1 -DCMAKE_INSTALL_PREFIX=/home/jongo/ros2_ws/install/orbbec_camera_msgs
[3.852s] INFO:colcon.colcon_core.task.python.build:Building Python package in '/home/jongo/ros2_ws/src/damin_robot1'
[3.853s] INFO:colcon.colcon_core.shell:Skip shell extension 'powershell' for command environment: Not usable outside of PowerShell
[3.854s] DEBUG:colcon.colcon_core.shell:Skip shell extension 'dsv' for command environment
[5.504s] INFO:colcon.colcon_core.task.python.build:Building Python package in '/home/jongo/ros2_ws/src/ld06lidar_pkg'
[5.505s] INFO:colcon.colcon_core.shell:Skip shell extension 'powershell' for command environment: Not usable outside of PowerShell
[5.505s] DEBUG:colcon.colcon_core.shell:Skip shell extension 'dsv' for command environment
[5.573s] DEBUG:colcon.colcon_core.event_handler.log_command:Invoking command in '/home/jongo/ros2_ws/build/orbbec_description': CMAKE_PREFIX_PATH=${CMAKE_PREFIX_PATH}:/home/jongo/ros2_ws/install/ld06lidar_pkg:/home/jongo/ros2_ws/install/damin_robot1:/home/jongo/lidar_depthcam_ws/install/nav2_simple_commander:/home/jongo/lidar_depthcam_ws/install/depth_camera:/opt/ros/humble /usr/bin/cmake /home/jongo/ros2_ws/src/OrbbecSDK_ROS2/orbbec_description -DAMENT_CMAKE_SYMLINK_INSTALL=1 -DCMAKE_INSTALL_PREFIX=/home/jongo/ros2_ws/install/orbbec_description
[7.495s] DEBUG:colcon.colcon_core.event_handler.log_command:Invoked command in '/home/jongo/ros2_ws/build/orbbec_description' returned '0': CMAKE_PREFIX_PATH=${CMAKE_PREFIX_PATH}:/home/jongo/ros2_ws/install/ld06lidar_pkg:/home/jongo/ros2_ws/install/damin_robot1:/home/jongo/lidar_depthcam_ws/install/nav2_simple_commander:/home/jongo/lidar_depthcam_ws/install/depth_camera:/opt/ros/humble /usr/bin/cmake /home/jongo/ros2_ws/src/OrbbecSDK_ROS2/orbbec_description -DAMENT_CMAKE_SYMLINK_INSTALL=1 -DCMAKE_INSTALL_PREFIX=/home/jongo/ros2_ws/install/orbbec_description
[7.498s] DEBUG:colcon.colcon_core.event_handler.log_command:Invoking command in '/home/jongo/ros2_ws/build/orbbec_description': CMAKE_PREFIX_PATH=${CMAKE_PREFIX_PATH}:/home/jongo/ros2_ws/install/ld06lidar_pkg:/home/jongo/ros2_ws/install/damin_robot1:/home/jongo/lidar_depthcam_ws/install/nav2_simple_commander:/home/jongo/lidar_depthcam_ws/install/depth_camera:/opt/ros/humble /usr/bin/cmake --build /home/jongo/ros2_ws/build/orbbec_description -- -j4 -l4
[7.748s] DEBUG:colcon.colcon_core.event_handler.log_command:Invoked command in '/home/jongo/ros2_ws/build/orbbec_description' returned '0': CMAKE_PREFIX_PATH=${CMAKE_PREFIX_PATH}:/home/jongo/ros2_ws/install/ld06lidar_pkg:/home/jongo/ros2_ws/install/damin_robot1:/home/jongo/lidar_depthcam_ws/install/nav2_simple_commander:/home/jongo/lidar_depthcam_ws/install/depth_camera:/opt/ros/humble /usr/bin/cmake --build /home/jongo/ros2_ws/build/orbbec_description -- -j4 -l4
[7.991s] DEBUG:colcon.colcon_core.event_handler.log_command:Invoking command in '/home/jongo/ros2_ws/build/orbbec_description': CMAKE_PREFIX_PATH=${CMAKE_PREFIX_PATH}:/home/jongo/ros2_ws/install/ld06lidar_pkg:/home/jongo/ros2_ws/install/damin_robot1:/home/jongo/lidar_depthcam_ws/install/nav2_simple_commander:/home/jongo/lidar_depthcam_ws/install/depth_camera:/opt/ros/humble /usr/bin/cmake --install /home/jongo/ros2_ws/build/orbbec_description
[8.799s] Level 1:colcon.colcon_core.environment:create_environment_scripts_only(orbbec_description)
[8.802s] DEBUG:colcon.colcon_core.event_handler.log_command:Invoked command in '/home/jongo/ros2_ws/build/orbbec_description' returned '0': CMAKE_PREFIX_PATH=${CMAKE_PREFIX_PATH}:/home/jongo/ros2_ws/install/ld06lidar_pkg:/home/jongo/ros2_ws/install/damin_robot1:/home/jongo/lidar_depthcam_ws/install/nav2_simple_commander:/home/jongo/lidar_depthcam_ws/install/depth_camera:/opt/ros/humble /usr/bin/cmake --install /home/jongo/ros2_ws/build/orbbec_description
[8.836s] Level 1:colcon.colcon_core.environment:checking '/home/jongo/ros2_ws/install/orbbec_description' for CMake module files
[8.841s] Level 1:colcon.colcon_core.environment:checking '/home/jongo/ros2_ws/install/orbbec_description' for CMake config files
[8.843s] Level 1:colcon.colcon_core.shell:create_environment_hook('orbbec_description', 'cmake_prefix_path')
[8.844s] INFO:colcon.colcon_core.shell:Creating environment hook '/home/jongo/ros2_ws/install/orbbec_description/share/orbbec_description/hook/cmake_prefix_path.ps1'
[8.847s] INFO:colcon.colcon_core.shell:Creating environment descriptor '/home/jongo/ros2_ws/install/orbbec_description/share/orbbec_description/hook/cmake_prefix_path.dsv'
[8.851s] INFO:colcon.colcon_core.shell:Creating environment hook '/home/jongo/ros2_ws/install/orbbec_description/share/orbbec_description/hook/cmake_prefix_path.sh'
[8.855s] Level 1:colcon.colcon_core.environment:checking '/home/jongo/ros2_ws/install/orbbec_description/bin'
[8.856s] Level 1:colcon.colcon_core.environment:checking '/home/jongo/ros2_ws/install/orbbec_description/lib/pkgconfig/orbbec_description.pc'
[8.857s] Level 1:colcon.colcon_core.environment:checking '/home/jongo/ros2_ws/install/orbbec_description/lib/python3.10/site-packages'
[8.859s] Level 1:colcon.colcon_core.environment:checking '/home/jongo/ros2_ws/install/orbbec_description/bin'
[8.860s] INFO:colcon.colcon_core.shell:Creating package script '/home/jongo/ros2_ws/install/orbbec_description/share/orbbec_description/package.ps1'
[8.879s] INFO:colcon.colcon_core.shell:Creating package descriptor '/home/jongo/ros2_ws/install/orbbec_description/share/orbbec_description/package.dsv'
[8.892s] INFO:colcon.colcon_core.shell:Creating package script '/home/jongo/ros2_ws/install/orbbec_description/share/orbbec_description/package.sh'
[8.905s] INFO:colcon.colcon_core.shell:Creating package script '/home/jongo/ros2_ws/install/orbbec_description/share/orbbec_description/package.bash'
[8.920s] INFO:colcon.colcon_core.shell:Creating package script '/home/jongo/ros2_ws/install/orbbec_description/share/orbbec_description/package.zsh'
[8.938s] Level 1:colcon.colcon_core.environment:create_file_with_runtime_dependencies(/home/jongo/ros2_ws/install/orbbec_description/share/colcon-core/packages/orbbec_description)
[9.167s] DEBUG:colcon.colcon_core.task.python.build:While undoing a previous installation files outside the Python library path are being ignored: /home/jongo/ros2_ws/install/ld06lidar_pkg/share/ament_index/resource_index/packages/ld06lidar_pkg
[9.168s] DEBUG:colcon.colcon_core.task.python.build:While undoing a previous installation files outside the Python library path are being ignored: /home/jongo/ros2_ws/install/ld06lidar_pkg/share/ld06lidar_pkg/package.xml
[9.170s] DEBUG:colcon.colcon_core.task.python.build:While undoing a previous installation files outside the Python library path are being ignored: /home/jongo/ros2_ws/install/ld06lidar_pkg/lib/ld06lidar_pkg/lidar_pub_node
[9.170s] DEBUG:colcon.colcon_core.task.python.build:While undoing a previous installation files outside the Python library path are being ignored: /home/jongo/ros2_ws/install/ld06lidar_pkg/lib/ld06lidar_pkg/lidar_subs_node
[9.191s] DEBUG:colcon.colcon_core.event_handler.log_command:Invoking command in '/home/jongo/ros2_ws/build/ld06lidar_pkg': PYTHONPATH=/home/jongo/ros2_ws/build/ld06lidar_pkg/prefix_override:/home/jongo/ros2_ws/install/ld06lidar_pkg/lib/python3.10/site-packages:${PYTHONPATH} /usr/bin/python3 -W ignore:setup.py install is deprecated setup.py develop --editable --build-directory /home/jongo/ros2_ws/build/ld06lidar_pkg/build --no-deps symlink_data --force
[9.204s] DEBUG:colcon.colcon_core.task.python.build:While undoing a previous installation files outside the Python library path are being ignored: /home/jongo/ros2_ws/install/damin_robot1/share/ament_index/resource_index/packages/damin_robot1
[9.204s] DEBUG:colcon.colcon_core.task.python.build:While undoing a previous installation files outside the Python library path are being ignored: /home/jongo/ros2_ws/install/damin_robot1/share/damin_robot1/package.xml
[9.206s] DEBUG:colcon.colcon_core.task.python.build:While undoing a previous installation files outside the Python library path are being ignored: /home/jongo/ros2_ws/install/damin_robot1/lib/damin_robot1/jongo_drawshape
[9.206s] DEBUG:colcon.colcon_core.task.python.build:While undoing a previous installation files outside the Python library path are being ignored: /home/jongo/ros2_ws/install/damin_robot1/lib/damin_robot1/jongo_node1
[9.207s] DEBUG:colcon.colcon_core.task.python.build:While undoing a previous installation files outside the Python library path are being ignored: /home/jongo/ros2_ws/install/damin_robot1/lib/damin_robot1/jongo_node2
[9.207s] DEBUG:colcon.colcon_core.task.python.build:While undoing a previous installation files outside the Python library path are being ignored: /home/jongo/ros2_ws/install/damin_robot1/lib/damin_robot1/jongo_posesubs
[9.207s] DEBUG:colcon.colcon_core.task.python.build:While undoing a previous installation files outside the Python library path are being ignored: /home/jongo/ros2_ws/install/damin_robot1/lib/damin_robot1/jongo_sudong
[9.221s] DEBUG:colcon.colcon_core.event_handler.log_command:Invoking command in '/home/jongo/ros2_ws/build/damin_robot1': PYTHONPATH=/home/jongo/ros2_ws/build/damin_robot1/prefix_override:/home/jongo/ros2_ws/install/damin_robot1/lib/python3.10/site-packages:${PYTHONPATH} /usr/bin/python3 -W ignore:setup.py install is deprecated setup.py develop --editable --build-directory /home/jongo/ros2_ws/build/damin_robot1/build --no-deps symlink_data --force
[9.251s] Level 1:colcon.colcon_core.environment:create_environment_scripts_only(orbbec_description)
[9.252s] Level 1:colcon.colcon_core.environment:checking '/home/jongo/ros2_ws/install/orbbec_description' for CMake module files
[9.256s] Level 1:colcon.colcon_core.environment:checking '/home/jongo/ros2_ws/install/orbbec_description' for CMake config files
[9.258s] Level 1:colcon.colcon_core.shell:create_environment_hook('orbbec_description', 'cmake_prefix_path')
[9.259s] INFO:colcon.colcon_core.shell:Creating environment hook '/home/jongo/ros2_ws/install/orbbec_description/share/orbbec_description/hook/cmake_prefix_path.ps1'
[9.273s] INFO:colcon.colcon_core.shell:Creating environment descriptor '/home/jongo/ros2_ws/install/orbbec_description/share/orbbec_description/hook/cmake_prefix_path.dsv'
[9.277s] INFO:colcon.colcon_core.shell:Creating environment hook '/home/jongo/ros2_ws/install/orbbec_description/share/orbbec_description/hook/cmake_prefix_path.sh'
[9.285s] Level 1:colcon.colcon_core.environment:checking '/home/jongo/ros2_ws/install/orbbec_description/bin'
[9.286s] Level 1:colcon.colcon_core.environment:checking '/home/jongo/ros2_ws/install/orbbec_description/lib/pkgconfig/orbbec_description.pc'
[9.287s] Level 1:colcon.colcon_core.environment:checking '/home/jongo/ros2_ws/install/orbbec_description/lib/python3.10/site-packages'
[9.288s] Level 1:colcon.colcon_core.environment:checking '/home/jongo/ros2_ws/install/orbbec_description/bin'
[9.290s] INFO:colcon.colcon_core.shell:Creating package script '/home/jongo/ros2_ws/install/orbbec_description/share/orbbec_description/package.ps1'
[9.306s] INFO:colcon.colcon_core.shell:Creating package descriptor '/home/jongo/ros2_ws/install/orbbec_description/share/orbbec_description/package.dsv'
[9.310s] INFO:colcon.colcon_core.shell:Creating package script '/home/jongo/ros2_ws/install/orbbec_description/share/orbbec_description/package.sh'
[9.314s] INFO:colcon.colcon_core.shell:Creating package script '/home/jongo/ros2_ws/install/orbbec_description/share/orbbec_description/package.bash'
[9.318s] INFO:colcon.colcon_core.shell:Creating package script '/home/jongo/ros2_ws/install/orbbec_description/share/orbbec_description/package.zsh'
[9.322s] Level 1:colcon.colcon_core.environment:create_file_with_runtime_dependencies(/home/jongo/ros2_ws/install/orbbec_description/share/colcon-core/packages/orbbec_description)
[12.805s] Level 1:colcon.colcon_core.shell:create_environment_hook('damin_robot1', 'pythonpath_develop')
[12.807s] INFO:colcon.colcon_core.shell:Creating environment hook '/home/jongo/ros2_ws/build/damin_robot1/share/damin_robot1/hook/pythonpath_develop.ps1'
[12.811s] DEBUG:colcon.colcon_core.event_handler.log_command:Invoked command in '/home/jongo/ros2_ws/build/damin_robot1' returned '0': PYTHONPATH=/home/jongo/ros2_ws/build/damin_robot1/prefix_override:/home/jongo/ros2_ws/install/damin_robot1/lib/python3.10/site-packages:${PYTHONPATH} /usr/bin/python3 -W ignore:setup.py install is deprecated setup.py develop --editable --build-directory /home/jongo/ros2_ws/build/damin_robot1/build --no-deps symlink_data --force
[12.813s] INFO:colcon.colcon_core.shell:Creating environment descriptor '/home/jongo/ros2_ws/build/damin_robot1/share/damin_robot1/hook/pythonpath_develop.dsv'
[12.815s] INFO:colcon.colcon_core.shell:Creating environment hook '/home/jongo/ros2_ws/build/damin_robot1/share/damin_robot1/hook/pythonpath_develop.sh'
[12.825s] Level 1:colcon.colcon_core.environment:checking '/home/jongo/ros2_ws/install/damin_robot1' for CMake module files
[12.829s] Level 1:colcon.colcon_core.environment:checking '/home/jongo/ros2_ws/install/damin_robot1' for CMake config files
[12.835s] Level 1:colcon.colcon_core.environment:checking '/home/jongo/ros2_ws/install/damin_robot1/lib'
[12.837s] Level 1:colcon.colcon_core.environment:checking '/home/jongo/ros2_ws/install/damin_robot1/bin'
[12.838s] Level 1:colcon.colcon_core.environment:checking '/home/jongo/ros2_ws/install/damin_robot1/lib/pkgconfig/damin_robot1.pc'
[12.840s] Level 1:colcon.colcon_core.environment:checking '/home/jongo/ros2_ws/install/damin_robot1/lib/python3.10/site-packages'
[12.840s] Level 1:colcon.colcon_core.shell:create_environment_hook('damin_robot1', 'pythonpath')
[12.842s] INFO:colcon.colcon_core.shell:Creating environment hook '/home/jongo/ros2_ws/install/damin_robot1/share/damin_robot1/hook/pythonpath.ps1'
[12.846s] INFO:colcon.colcon_core.shell:Creating environment descriptor '/home/jongo/ros2_ws/install/damin_robot1/share/damin_robot1/hook/pythonpath.dsv'
[12.850s] INFO:colcon.colcon_core.shell:Creating environment hook '/home/jongo/ros2_ws/install/damin_robot1/share/damin_robot1/hook/pythonpath.sh'
[12.856s] Level 1:colcon.colcon_core.environment:checking '/home/jongo/ros2_ws/install/damin_robot1/bin'
[12.857s] Level 1:colcon.colcon_core.environment:create_environment_scripts_only(damin_robot1)
[12.860s] INFO:colcon.colcon_core.shell:Creating package script '/home/jongo/ros2_ws/install/damin_robot1/share/damin_robot1/package.ps1'
[12.864s] INFO:colcon.colcon_core.shell:Creating package descriptor '/home/jongo/ros2_ws/install/damin_robot1/share/damin_robot1/package.dsv'
[12.868s] INFO:colcon.colcon_core.shell:Creating package script '/home/jongo/ros2_ws/install/damin_robot1/share/damin_robot1/package.sh'
[12.872s] INFO:colcon.colcon_core.shell:Creating package script '/home/jongo/ros2_ws/install/damin_robot1/share/damin_robot1/package.bash'
[12.876s] INFO:colcon.colcon_core.shell:Creating package script '/home/jongo/ros2_ws/install/damin_robot1/share/damin_robot1/package.zsh'
[12.880s] Level 1:colcon.colcon_core.environment:create_file_with_runtime_dependencies(/home/jongo/ros2_ws/install/damin_robot1/share/colcon-core/packages/damin_robot1)
[12.984s] Level 1:colcon.colcon_core.shell:create_environment_hook('ld06lidar_pkg', 'pythonpath_develop')
[12.986s] INFO:colcon.colcon_core.shell:Creating environment hook '/home/jongo/ros2_ws/build/ld06lidar_pkg/share/ld06lidar_pkg/hook/pythonpath_develop.ps1'
[12.988s] DEBUG:colcon.colcon_core.event_handler.log_command:Invoked command in '/home/jongo/ros2_ws/build/ld06lidar_pkg' returned '0': PYTHONPATH=/home/jongo/ros2_ws/build/ld06lidar_pkg/prefix_override:/home/jongo/ros2_ws/install/ld06lidar_pkg/lib/python3.10/site-packages:${PYTHONPATH} /usr/bin/python3 -W ignore:setup.py install is deprecated setup.py develop --editable --build-directory /home/jongo/ros2_ws/build/ld06lidar_pkg/build --no-deps symlink_data --force
[12.991s] INFO:colcon.colcon_core.shell:Creating environment descriptor '/home/jongo/ros2_ws/build/ld06lidar_pkg/share/ld06lidar_pkg/hook/pythonpath_develop.dsv'
[12.994s] INFO:colcon.colcon_core.shell:Creating environment hook '/home/jongo/ros2_ws/build/ld06lidar_pkg/share/ld06lidar_pkg/hook/pythonpath_develop.sh'
[13.000s] Level 1:colcon.colcon_core.environment:checking '/home/jongo/ros2_ws/install/ld06lidar_pkg' for CMake module files
[13.004s] Level 1:colcon.colcon_core.environment:checking '/home/jongo/ros2_ws/install/ld06lidar_pkg' for CMake config files
[13.009s] Level 1:colcon.colcon_core.environment:checking '/home/jongo/ros2_ws/install/ld06lidar_pkg/lib'
[13.010s] Level 1:colcon.colcon_core.environment:checking '/home/jongo/ros2_ws/install/ld06lidar_pkg/bin'
[13.011s] Level 1:colcon.colcon_core.environment:checking '/home/jongo/ros2_ws/install/ld06lidar_pkg/lib/pkgconfig/ld06lidar_pkg.pc'
[13.012s] Level 1:colcon.colcon_core.environment:checking '/home/jongo/ros2_ws/install/ld06lidar_pkg/lib/python3.10/site-packages'
[13.013s] Level 1:colcon.colcon_core.shell:create_environment_hook('ld06lidar_pkg', 'pythonpath')
[13.015s] INFO:colcon.colcon_core.shell:Creating environment hook '/home/jongo/ros2_ws/install/ld06lidar_pkg/share/ld06lidar_pkg/hook/pythonpath.ps1'
[13.018s] INFO:colcon.colcon_core.shell:Creating environment descriptor '/home/jongo/ros2_ws/install/ld06lidar_pkg/share/ld06lidar_pkg/hook/pythonpath.dsv'
[13.021s] INFO:colcon.colcon_core.shell:Creating environment hook '/home/jongo/ros2_ws/install/ld06lidar_pkg/share/ld06lidar_pkg/hook/pythonpath.sh'
[13.026s] Level 1:colcon.colcon_core.environment:checking '/home/jongo/ros2_ws/install/ld06lidar_pkg/bin'
[13.027s] Level 1:colcon.colcon_core.environment:create_environment_scripts_only(ld06lidar_pkg)
[13.029s] INFO:colcon.colcon_core.shell:Creating package script '/home/jongo/ros2_ws/install/ld06lidar_pkg/share/ld06lidar_pkg/package.ps1'
[13.033s] INFO:colcon.colcon_core.shell:Creating package descriptor '/home/jongo/ros2_ws/install/ld06lidar_pkg/share/ld06lidar_pkg/package.dsv'
[13.036s] INFO:colcon.colcon_core.shell:Creating package script '/home/jongo/ros2_ws/install/ld06lidar_pkg/share/ld06lidar_pkg/package.sh'
[13.040s] INFO:colcon.colcon_core.shell:Creating package script '/home/jongo/ros2_ws/install/ld06lidar_pkg/share/ld06lidar_pkg/package.bash'
[13.043s] INFO:colcon.colcon_core.shell:Creating package script '/home/jongo/ros2_ws/install/ld06lidar_pkg/share/ld06lidar_pkg/package.zsh'
[13.046s] Level 1:colcon.colcon_core.environment:create_file_with_runtime_dependencies(/home/jongo/ros2_ws/install/ld06lidar_pkg/share/colcon-core/packages/ld06lidar_pkg)
[13.054s] DEBUG:colcon.colcon_core.event_handler.log_command:Invoked command in '/home/jongo/ros2_ws/build/orbbec_camera_msgs' returned '0': CMAKE_PREFIX_PATH=${CMAKE_PREFIX_PATH}:/home/jongo/ros2_ws/install/ld06lidar_pkg:/home/jongo/ros2_ws/install/damin_robot1:/home/jongo/lidar_depthcam_ws/install/nav2_simple_commander:/home/jongo/lidar_depthcam_ws/install/depth_camera:/opt/ros/humble /usr/bin/cmake /home/jongo/ros2_ws/src/OrbbecSDK_ROS2/orbbec_camera_msgs -DAMENT_CMAKE_SYMLINK_INSTALL=1 -DCMAKE_INSTALL_PREFIX=/home/jongo/ros2_ws/install/orbbec_camera_msgs
[13.060s] DEBUG:colcon.colcon_core.event_handler.log_command:Invoking command in '/home/jongo/ros2_ws/build/orbbec_camera_msgs': CMAKE_PREFIX_PATH=${CMAKE_PREFIX_PATH}:/home/jongo/ros2_ws/install/ld06lidar_pkg:/home/jongo/ros2_ws/install/damin_robot1:/home/jongo/lidar_depthcam_ws/install/nav2_simple_commander:/home/jongo/lidar_depthcam_ws/install/depth_camera:/opt/ros/humble /usr/bin/cmake --build /home/jongo/ros2_ws/build/orbbec_camera_msgs -- -j4 -l4
[13.444s] DEBUG:colcon.colcon_core.event_handler.log_command:Invoked command in '/home/jongo/ros2_ws/build/orbbec_camera_msgs' returned '2': CMAKE_PREFIX_PATH=${CMAKE_PREFIX_PATH}:/home/jongo/ros2_ws/install/ld06lidar_pkg:/home/jongo/ros2_ws/install/damin_robot1:/home/jongo/lidar_depthcam_ws/install/nav2_simple_commander:/home/jongo/lidar_depthcam_ws/install/depth_camera:/opt/ros/humble /usr/bin/cmake --build /home/jongo/ros2_ws/build/orbbec_camera_msgs -- -j4 -l4
[15.349s] Level 1:colcon.colcon_core.environment:create_environment_scripts_only(orbbec_camera_msgs)
[15.350s] Level 1:colcon.colcon_core.environment:checking '/home/jongo/ros2_ws/install/orbbec_camera_msgs' for CMake module files
[15.356s] Level 1:colcon.colcon_core.environment:checking '/home/jongo/ros2_ws/install/orbbec_camera_msgs' for CMake config files
[15.365s] Level 1:colcon.colcon_core.shell:create_environment_hook('orbbec_camera_msgs', 'cmake_prefix_path')
[15.366s] INFO:colcon.colcon_core.shell:Creating environment hook '/home/jongo/ros2_ws/install/orbbec_camera_msgs/share/orbbec_camera_msgs/hook/cmake_prefix_path.ps1'
[15.368s] INFO:colcon.colcon_core.shell:Creating environment descriptor '/home/jongo/ros2_ws/install/orbbec_camera_msgs/share/orbbec_camera_msgs/hook/cmake_prefix_path.dsv'
[15.370s] INFO:colcon.colcon_core.shell:Creating environment hook '/home/jongo/ros2_ws/install/orbbec_camera_msgs/share/orbbec_camera_msgs/hook/cmake_prefix_path.sh'
[15.372s] Level 1:colcon.colcon_core.environment:checking '/home/jongo/ros2_ws/install/orbbec_camera_msgs/lib'
[15.373s] Level 1:colcon.colcon_core.shell:create_environment_hook('orbbec_camera_msgs', 'ld_library_path_lib')
[15.374s] INFO:colcon.colcon_core.shell:Creating environment hook '/home/jongo/ros2_ws/install/orbbec_camera_msgs/share/orbbec_camera_msgs/hook/ld_library_path_lib.ps1'
[15.376s] INFO:colcon.colcon_core.shell:Creating environment descriptor '/home/jongo/ros2_ws/install/orbbec_camera_msgs/share/orbbec_camera_msgs/hook/ld_library_path_lib.dsv'
[15.378s] INFO:colcon.colcon_core.shell:Creating environment hook '/home/jongo/ros2_ws/install/orbbec_camera_msgs/share/orbbec_camera_msgs/hook/ld_library_path_lib.sh'
[15.380s] Level 1:colcon.colcon_core.environment:checking '/home/jongo/ros2_ws/install/orbbec_camera_msgs/bin'
[15.381s] Level 1:colcon.colcon_core.environment:checking '/home/jongo/ros2_ws/install/orbbec_camera_msgs/lib/pkgconfig/orbbec_camera_msgs.pc'
[15.382s] Level 1:colcon.colcon_core.environment:checking '/home/jongo/ros2_ws/install/orbbec_camera_msgs/lib/python3.10/site-packages'
[15.383s] Level 1:colcon.colcon_core.environment:checking '/home/jongo/ros2_ws/install/orbbec_camera_msgs/bin'
[15.384s] INFO:colcon.colcon_core.shell:Creating package script '/home/jongo/ros2_ws/install/orbbec_camera_msgs/share/orbbec_camera_msgs/package.ps1'
[15.387s] INFO:colcon.colcon_core.shell:Creating package descriptor '/home/jongo/ros2_ws/install/orbbec_camera_msgs/share/orbbec_camera_msgs/package.dsv'
[15.390s] INFO:colcon.colcon_core.shell:Creating package script '/home/jongo/ros2_ws/install/orbbec_camera_msgs/share/orbbec_camera_msgs/package.sh'
[15.392s] INFO:colcon.colcon_core.shell:Creating package script '/home/jongo/ros2_ws/install/orbbec_camera_msgs/share/orbbec_camera_msgs/package.bash'
[15.395s] INFO:colcon.colcon_core.shell:Creating package script '/home/jongo/ros2_ws/install/orbbec_camera_msgs/share/orbbec_camera_msgs/package.zsh'
[15.397s] Level 1:colcon.colcon_core.environment:create_file_with_runtime_dependencies(/home/jongo/ros2_ws/install/orbbec_camera_msgs/share/colcon-core/packages/orbbec_camera_msgs)
[15.409s] DEBUG:colcon.colcon_parallel_executor.executor.parallel:closing loop
[15.410s] DEBUG:colcon.colcon_parallel_executor.executor.parallel:loop closed
[15.410s] DEBUG:colcon.colcon_parallel_executor.executor.parallel:run_until_complete finished with '2'
[15.411s] DEBUG:colcon.colcon_core.event_reactor:joining thread
[15.448s] INFO:colcon.colcon_core.plugin_system:Skipping extension 'colcon_notification.desktop_notification.notify_send': Could not find 'notify-send'
[15.449s] INFO:colcon.colcon_core.plugin_system:Skipping extension 'colcon_notification.desktop_notification.terminal_notifier': Not used on non-Darwin systems
[15.449s] INFO:colcon.colcon_core.plugin_system:Skipping extension 'colcon_notification.desktop_notification.win32': Not used on non-Windows systems
[15.449s] INFO:colcon.colcon_notification.desktop_notification:Sending desktop notification using 'notify2'
[15.452s] DEBUG:colcon.colcon_notification.desktop_notification.notify2:Failed to initialize notify2: org.freedesktop.DBus.Error.ServiceUnknown: The name org.freedesktop.Notifications was not provided by any .service files
[15.453s] DEBUG:colcon.colcon_core.event_reactor:joined thread
[15.454s] INFO:colcon.colcon_core.shell:Creating prefix script '/home/jongo/ros2_ws/install/local_setup.ps1'
[15.458s] INFO:colcon.colcon_core.shell:Creating prefix util module '/home/jongo/ros2_ws/install/_local_setup_util_ps1.py'
[15.466s] INFO:colcon.colcon_core.shell:Creating prefix chain script '/home/jongo/ros2_ws/install/setup.ps1'
[15.475s] INFO:colcon.colcon_core.shell:Creating prefix script '/home/jongo/ros2_ws/install/local_setup.sh'
[15.480s] INFO:colcon.colcon_core.shell:Creating prefix util module '/home/jongo/ros2_ws/install/_local_setup_util_sh.py'
[15.482s] INFO:colcon.colcon_core.shell:Creating prefix chain script '/home/jongo/ros2_ws/install/setup.sh'
[15.491s] INFO:colcon.colcon_core.shell:Creating prefix script '/home/jongo/ros2_ws/install/local_setup.bash'
[15.495s] INFO:colcon.colcon_core.shell:Creating prefix chain script '/home/jongo/ros2_ws/install/setup.bash'
[15.531s] INFO:colcon.colcon_core.shell:Creating prefix script '/home/jongo/ros2_ws/install/local_setup.zsh'
[15.538s] INFO:colcon.colcon_core.shell:Creating prefix chain script '/home/jongo/ros2_ws/install/setup.zsh'
