[3.663s] Invoking command in '/home/jongo/ros2_ws/build/damin_robot1': PYTHONPATH=/home/jongo/ros2_ws/build/damin_robot1/prefix_override:/home/jongo/ros2_ws/install/damin_robot1/lib/python3.10/site-packages:${PYTHONPATH} /usr/bin/python3 setup.py develop --editable --build-directory /home/jongo/ros2_ws/build/damin_robot1/build --no-deps install_data
[4.867s] running develop
[5.620s] running egg_info
[5.621s] writing damin_robot1.egg-info/PKG-INFO
[5.622s] writing dependency_links to damin_robot1.egg-info/dependency_links.txt
[5.623s] writing entry points to damin_robot1.egg-info/entry_points.txt
[5.624s] writing requirements to damin_robot1.egg-info/requires.txt
[5.624s] writing top-level names to damin_robot1.egg-info/top_level.txt
[5.632s] reading manifest file 'damin_robot1.egg-info/SOURCES.txt'
[5.636s] writing manifest file 'damin_robot1.egg-info/SOURCES.txt'
[5.641s] running build_ext
[5.642s] Creating /home/jongo/ros2_ws/install/damin_robot1/lib/python3.10/site-packages/damin-robot1.egg-link (link to .)
[5.646s] Installing jongo_drawshape script to /home/jongo/ros2_ws/install/damin_robot1/lib/damin_robot1
[5.647s] Installing jongo_node1 script to /home/jongo/ros2_ws/install/damin_robot1/lib/damin_robot1
[5.647s] Installing jongo_node2 script to /home/jongo/ros2_ws/install/damin_robot1/lib/damin_robot1
[5.648s] Installing jongo_posesubs script to /home/jongo/ros2_ws/install/damin_robot1/lib/damin_robot1
[5.649s] Installing jongo_sudong script to /home/jongo/ros2_ws/install/damin_robot1/lib/damin_robot1
[5.650s] 
[5.651s] Installed /home/jongo/ros2_ws/build/damin_robot1
[5.651s] running install_data
[5.801s] Invoked command in '/home/jongo/ros2_ws/build/damin_robot1' returned '0': PYTHONPATH=/home/jongo/ros2_ws/build/damin_robot1/prefix_override:/home/jongo/ros2_ws/install/damin_robot1/lib/python3.10/site-packages:${PYTHONPATH} /usr/bin/python3 setup.py develop --editable --build-directory /home/jongo/ros2_ws/build/damin_robot1/build --no-deps install_data
