[4.808s] DEBUG:colcon:Command line arguments: ['/usr/bin/colcon', 'build']
[4.809s] DEBUG:colcon:Parsed command line arguments: Namespace(log_base=None, log_level=None, verb_name='build', build_base='build', install_base='install', merge_install=False, symlink_install=False, test_result_base=None, continue_on_error=False, executor='parallel', parallel_workers=4, event_handlers=None, ignore_user_meta=False, metas=['./colcon.meta'], base_paths=['.'], packages_ignore=None, packages_ignore_regex=None, paths=None, packages_up_to=None, packages_up_to_regex=None, packages_above=None, packages_above_and_dependencies=None, packages_above_depth=None, packages_select_by_dep=None, packages_skip_by_dep=None, packages_skip_up_to=None, packages_select_build_failed=False, packages_skip_build_finished=False, packages_select_test_failures=False, packages_skip_test_passed=False, packages_select=None, packages_skip=None, packages_select_regex=None, packages_skip_regex=None, packages_start=None, packages_end=None, allow_overriding=[], cmake_args=None, cmake_target=None, cmake_target_skip_unavailable=False, cmake_clean_cache=False, cmake_clean_first=False, cmake_force_configure=False, ament_cmake_args=None, catkin_cmake_args=None, catkin_skip_building_tests=False, verb_parser=<colcon_defaults.argument_parser.defaults.DefaultArgumentsDecorator object at 0xffffb8765810>, verb_extension=<colcon_core.verb.build.BuildVerb object at 0xffffb8a88a00>, main=<bound method BuildVerb.main of <colcon_core.verb.build.BuildVerb object at 0xffffb8a88a00>>)
[5.086s] Level 1:colcon.colcon_core.package_discovery:discover_packages(colcon_meta) check parameters
[5.087s] Level 1:colcon.colcon_core.package_discovery:discover_packages(recursive) check parameters
[5.087s] Level 1:colcon.colcon_core.package_discovery:discover_packages(ignore) check parameters
[5.087s] Level 1:colcon.colcon_core.package_discovery:discover_packages(path) check parameters
[5.087s] Level 1:colcon.colcon_core.package_discovery:discover_packages(colcon_meta) discover
[5.088s] Level 1:colcon.colcon_core.package_discovery:discover_packages(recursive) discover
[5.088s] INFO:colcon.colcon_core.package_discovery:Crawling recursively for packages in '/home/jongo/ros2_ws'
[5.088s] Level 1:colcon.colcon_core.package_identification:_identify(.) by extensions ['ignore', 'ignore_ament_install']
[5.089s] Level 1:colcon.colcon_core.package_identification:_identify(.) by extension 'ignore'
[5.089s] Level 1:colcon.colcon_core.package_identification:_identify(.) by extension 'ignore_ament_install'
[5.089s] Level 1:colcon.colcon_core.package_identification:_identify(.) by extensions ['colcon_pkg']
[5.089s] Level 1:colcon.colcon_core.package_identification:_identify(.) by extension 'colcon_pkg'
[5.089s] Level 1:colcon.colcon_core.package_identification:_identify(.) by extensions ['colcon_meta']
[5.090s] Level 1:colcon.colcon_core.package_identification:_identify(.) by extension 'colcon_meta'
[5.090s] Level 1:colcon.colcon_core.package_identification:_identify(.) by extensions ['ros']
[5.090s] Level 1:colcon.colcon_core.package_identification:_identify(.) by extension 'ros'
[5.162s] Level 1:colcon.colcon_core.package_identification:_identify(.) by extensions ['cmake', 'python']
[5.162s] Level 1:colcon.colcon_core.package_identification:_identify(.) by extension 'cmake'
[5.162s] Level 1:colcon.colcon_core.package_identification:_identify(.) by extension 'python'
[5.163s] Level 1:colcon.colcon_core.package_identification:_identify(.) by extensions ['python_setup_py']
[5.163s] Level 1:colcon.colcon_core.package_identification:_identify(.) by extension 'python_setup_py'
[5.163s] Level 1:colcon.colcon_core.package_identification:_identify(build) by extensions ['ignore', 'ignore_ament_install']
[5.164s] Level 1:colcon.colcon_core.package_identification:_identify(build) by extension 'ignore'
[5.164s] Level 1:colcon.colcon_core.package_identification:_identify(build) ignored
[5.164s] Level 1:colcon.colcon_core.package_identification:_identify(install) by extensions ['ignore', 'ignore_ament_install']
[5.165s] Level 1:colcon.colcon_core.package_identification:_identify(install) by extension 'ignore'
[5.165s] Level 1:colcon.colcon_core.package_identification:_identify(install) ignored
[5.166s] Level 1:colcon.colcon_core.package_identification:_identify(log) by extensions ['ignore', 'ignore_ament_install']
[5.166s] Level 1:colcon.colcon_core.package_identification:_identify(log) by extension 'ignore'
[5.166s] Level 1:colcon.colcon_core.package_identification:_identify(log) ignored
[5.166s] Level 1:colcon.colcon_core.package_identification:_identify(src) by extensions ['ignore', 'ignore_ament_install']
[5.167s] Level 1:colcon.colcon_core.package_identification:_identify(src) by extension 'ignore'
[5.167s] Level 1:colcon.colcon_core.package_identification:_identify(src) by extension 'ignore_ament_install'
[5.167s] Level 1:colcon.colcon_core.package_identification:_identify(src) by extensions ['colcon_pkg']
[5.167s] Level 1:colcon.colcon_core.package_identification:_identify(src) by extension 'colcon_pkg'
[5.167s] Level 1:colcon.colcon_core.package_identification:_identify(src) by extensions ['colcon_meta']
[5.168s] Level 1:colcon.colcon_core.package_identification:_identify(src) by extension 'colcon_meta'
[5.168s] Level 1:colcon.colcon_core.package_identification:_identify(src) by extensions ['ros']
[5.168s] Level 1:colcon.colcon_core.package_identification:_identify(src) by extension 'ros'
[5.168s] Level 1:colcon.colcon_core.package_identification:_identify(src) by extensions ['cmake', 'python']
[5.168s] Level 1:colcon.colcon_core.package_identification:_identify(src) by extension 'cmake'
[5.169s] Level 1:colcon.colcon_core.package_identification:_identify(src) by extension 'python'
[5.169s] Level 1:colcon.colcon_core.package_identification:_identify(src) by extensions ['python_setup_py']
[5.169s] Level 1:colcon.colcon_core.package_identification:_identify(src) by extension 'python_setup_py'
[5.169s] Level 1:colcon.colcon_core.package_identification:_identify(src/damin_robot1) by extensions ['ignore', 'ignore_ament_install']
[5.170s] Level 1:colcon.colcon_core.package_identification:_identify(src/damin_robot1) by extension 'ignore'
[5.170s] Level 1:colcon.colcon_core.package_identification:_identify(src/damin_robot1) by extension 'ignore_ament_install'
[5.170s] Level 1:colcon.colcon_core.package_identification:_identify(src/damin_robot1) by extensions ['colcon_pkg']
[5.170s] Level 1:colcon.colcon_core.package_identification:_identify(src/damin_robot1) by extension 'colcon_pkg'
[5.170s] Level 1:colcon.colcon_core.package_identification:_identify(src/damin_robot1) by extensions ['colcon_meta']
[5.171s] Level 1:colcon.colcon_core.package_identification:_identify(src/damin_robot1) by extension 'colcon_meta'
[5.171s] Level 1:colcon.colcon_core.package_identification:_identify(src/damin_robot1) by extensions ['ros']
[5.171s] Level 1:colcon.colcon_core.package_identification:_identify(src/damin_robot1) by extension 'ros'
[5.183s] DEBUG:colcon.colcon_core.package_identification:Package 'src/damin_robot1' with type 'ros.ament_python' and name 'damin_robot1'
[5.183s] Level 1:colcon.colcon_core.package_discovery:discover_packages(recursive) using defaults
[5.184s] Level 1:colcon.colcon_core.package_discovery:discover_packages(ignore) discover
[5.184s] Level 1:colcon.colcon_core.package_discovery:discover_packages(ignore) using defaults
[5.184s] Level 1:colcon.colcon_core.package_discovery:discover_packages(path) discover
[5.184s] Level 1:colcon.colcon_core.package_discovery:discover_packages(path) using defaults
[5.581s] Level 1:colcon.colcon_core.package_discovery:discover_packages(prefix_path) check parameters
[5.581s] Level 1:colcon.colcon_core.package_discovery:discover_packages(prefix_path) discover
[5.709s] DEBUG:colcon.colcon_installed_package_information.package_discovery:Found 1 installed packages in /home/jongo/ros2_ws/install
[5.775s] DEBUG:colcon.colcon_installed_package_information.package_discovery:Found 270 installed packages in /opt/ros/humble
[5.782s] Level 1:colcon.colcon_core.package_discovery:discover_packages(prefix_path) using defaults
[6.169s] Level 5:colcon.colcon_core.verb:set package 'damin_robot1' build argument 'cmake_args' from command line to 'None'
[6.169s] Level 5:colcon.colcon_core.verb:set package 'damin_robot1' build argument 'cmake_target' from command line to 'None'
[6.169s] Level 5:colcon.colcon_core.verb:set package 'damin_robot1' build argument 'cmake_target_skip_unavailable' from command line to 'False'
[6.169s] Level 5:colcon.colcon_core.verb:set package 'damin_robot1' build argument 'cmake_clean_cache' from command line to 'False'
[6.169s] Level 5:colcon.colcon_core.verb:set package 'damin_robot1' build argument 'cmake_clean_first' from command line to 'False'
[6.169s] Level 5:colcon.colcon_core.verb:set package 'damin_robot1' build argument 'cmake_force_configure' from command line to 'False'
[6.170s] Level 5:colcon.colcon_core.verb:set package 'damin_robot1' build argument 'ament_cmake_args' from command line to 'None'
[6.170s] Level 5:colcon.colcon_core.verb:set package 'damin_robot1' build argument 'catkin_cmake_args' from command line to 'None'
[6.170s] Level 5:colcon.colcon_core.verb:set package 'damin_robot1' build argument 'catkin_skip_building_tests' from command line to 'False'
[6.170s] DEBUG:colcon.colcon_core.verb:Building package 'damin_robot1' with the following arguments: {'ament_cmake_args': None, 'build_base': '/home/jongo/ros2_ws/build/damin_robot1', 'catkin_cmake_args': None, 'catkin_skip_building_tests': False, 'cmake_args': None, 'cmake_clean_cache': False, 'cmake_clean_first': False, 'cmake_force_configure': False, 'cmake_target': None, 'cmake_target_skip_unavailable': False, 'install_base': '/home/jongo/ros2_ws/install/damin_robot1', 'merge_install': False, 'path': '/home/jongo/ros2_ws/src/damin_robot1', 'symlink_install': False, 'test_result_base': None}
[6.227s] INFO:colcon.colcon_core.executor:Executing jobs using 'parallel' executor
[6.289s] DEBUG:colcon.colcon_parallel_executor.executor.parallel:run_until_complete
[6.290s] INFO:colcon.colcon_ros.task.ament_python.build:Building ROS package in '/home/jongo/ros2_ws/src/damin_robot1' with build type 'ament_python'
[6.290s] Level 1:colcon.colcon_core.shell:create_environment_hook('damin_robot1', 'ament_prefix_path')
[6.369s] INFO:colcon.colcon_core.plugin_system:Skipping extension 'colcon_core.shell.bat': Not used on non-Windows systems
[6.370s] INFO:colcon.colcon_core.shell:Creating environment hook '/home/jongo/ros2_ws/install/damin_robot1/share/damin_robot1/hook/ament_prefix_path.ps1'
[6.374s] INFO:colcon.colcon_core.shell:Creating environment descriptor '/home/jongo/ros2_ws/install/damin_robot1/share/damin_robot1/hook/ament_prefix_path.dsv'
[6.377s] INFO:colcon.colcon_core.shell:Creating environment hook '/home/jongo/ros2_ws/install/damin_robot1/share/damin_robot1/hook/ament_prefix_path.sh'
[6.446s] INFO:colcon.colcon_core.shell:Skip shell extension 'powershell' for command environment: Not usable outside of PowerShell
[6.446s] DEBUG:colcon.colcon_core.shell:Skip shell extension 'dsv' for command environment
[7.876s] INFO:colcon.colcon_core.task.python.build:Building Python package in '/home/jongo/ros2_ws/src/damin_robot1'
[7.942s] INFO:colcon.colcon_core.shell:Skip shell extension 'powershell' for command environment: Not usable outside of PowerShell
[7.942s] DEBUG:colcon.colcon_core.shell:Skip shell extension 'dsv' for command environment
[10.272s] DEBUG:colcon.colcon_core.event_handler.log_command:Invoking command in '/home/jongo/ros2_ws/build/damin_robot1': PYTHONPATH=/home/jongo/ros2_ws/build/damin_robot1/prefix_override:/home/jongo/ros2_ws/install/damin_robot1/lib/python3.10/site-packages:${PYTHONPATH} /usr/bin/python3 setup.py develop --uninstall --editable --build-directory /home/jongo/ros2_ws/build/damin_robot1/build
[12.334s] DEBUG:colcon.colcon_core.event_handler.log_command:Invoked command in '/home/jongo/ros2_ws/build/damin_robot1' returned '0': PYTHONPATH=/home/jongo/ros2_ws/build/damin_robot1/prefix_override:/home/jongo/ros2_ws/install/damin_robot1/lib/python3.10/site-packages:${PYTHONPATH} /usr/bin/python3 setup.py develop --uninstall --editable --build-directory /home/jongo/ros2_ws/build/damin_robot1/build
[12.342s] DEBUG:colcon.colcon_core.event_handler.log_command:Invoking command in '/home/jongo/ros2_ws/src/damin_robot1': PYTHONPATH=/home/jongo/ros2_ws/build/damin_robot1/prefix_override:/home/jongo/ros2_ws/install/damin_robot1/lib/python3.10/site-packages:${PYTHONPATH} /usr/bin/python3 setup.py egg_info --egg-base ../../build/damin_robot1 build --build-base /home/jongo/ros2_ws/build/damin_robot1/build install --record /home/jongo/ros2_ws/build/damin_robot1/install.log --single-version-externally-managed
[13.726s] DEBUG:colcon.colcon_core.event_handler.log_command:Invoked command in '/home/jongo/ros2_ws/src/damin_robot1' returned '0': PYTHONPATH=/home/jongo/ros2_ws/build/damin_robot1/prefix_override:/home/jongo/ros2_ws/install/damin_robot1/lib/python3.10/site-packages:${PYTHONPATH} /usr/bin/python3 setup.py egg_info --egg-base ../../build/damin_robot1 build --build-base /home/jongo/ros2_ws/build/damin_robot1/build install --record /home/jongo/ros2_ws/build/damin_robot1/install.log --single-version-externally-managed
[13.812s] Level 1:colcon.colcon_core.environment:checking '/home/jongo/ros2_ws/install/damin_robot1' for CMake module files
[13.815s] Level 1:colcon.colcon_core.environment:checking '/home/jongo/ros2_ws/install/damin_robot1' for CMake config files
[13.820s] Level 1:colcon.colcon_core.environment:checking '/home/jongo/ros2_ws/install/damin_robot1/lib'
[13.821s] Level 1:colcon.colcon_core.environment:checking '/home/jongo/ros2_ws/install/damin_robot1/bin'
[13.821s] Level 1:colcon.colcon_core.environment:checking '/home/jongo/ros2_ws/install/damin_robot1/lib/pkgconfig/damin_robot1.pc'
[13.822s] Level 1:colcon.colcon_core.environment:checking '/home/jongo/ros2_ws/install/damin_robot1/lib/python3.10/site-packages'
[13.822s] Level 1:colcon.colcon_core.shell:create_environment_hook('damin_robot1', 'pythonpath')
[13.884s] INFO:colcon.colcon_core.shell:Creating environment hook '/home/jongo/ros2_ws/install/damin_robot1/share/damin_robot1/hook/pythonpath.ps1'
[13.886s] INFO:colcon.colcon_core.shell:Creating environment descriptor '/home/jongo/ros2_ws/install/damin_robot1/share/damin_robot1/hook/pythonpath.dsv'
[13.888s] INFO:colcon.colcon_core.shell:Creating environment hook '/home/jongo/ros2_ws/install/damin_robot1/share/damin_robot1/hook/pythonpath.sh'
[13.891s] Level 1:colcon.colcon_core.environment:checking '/home/jongo/ros2_ws/install/damin_robot1/bin'
[13.891s] Level 1:colcon.colcon_core.environment:create_environment_scripts_only(damin_robot1)
[13.951s] INFO:colcon.colcon_core.shell:Creating package script '/home/jongo/ros2_ws/install/damin_robot1/share/damin_robot1/package.ps1'
[13.955s] INFO:colcon.colcon_core.shell:Creating package descriptor '/home/jongo/ros2_ws/install/damin_robot1/share/damin_robot1/package.dsv'
[13.959s] INFO:colcon.colcon_core.shell:Creating package script '/home/jongo/ros2_ws/install/damin_robot1/share/damin_robot1/package.sh'
[13.964s] INFO:colcon.colcon_core.shell:Creating package script '/home/jongo/ros2_ws/install/damin_robot1/share/damin_robot1/package.bash'
[13.970s] INFO:colcon.colcon_core.shell:Creating package script '/home/jongo/ros2_ws/install/damin_robot1/share/damin_robot1/package.zsh'
[13.975s] Level 1:colcon.colcon_core.environment:create_file_with_runtime_dependencies(/home/jongo/ros2_ws/install/damin_robot1/share/colcon-core/packages/damin_robot1)
[13.977s] DEBUG:colcon.colcon_parallel_executor.executor.parallel:closing loop
[13.979s] DEBUG:colcon.colcon_parallel_executor.executor.parallel:loop closed
[13.979s] DEBUG:colcon.colcon_parallel_executor.executor.parallel:run_until_complete finished with '0'
[13.980s] DEBUG:colcon.colcon_core.event_reactor:joining thread
[14.066s] INFO:colcon.colcon_core.plugin_system:Skipping extension 'colcon_notification.desktop_notification.notify_send': Could not find 'notify-send'
[14.067s] INFO:colcon.colcon_core.plugin_system:Skipping extension 'colcon_notification.desktop_notification.terminal_notifier': Not used on non-Darwin systems
[14.067s] INFO:colcon.colcon_core.plugin_system:Skipping extension 'colcon_notification.desktop_notification.win32': Not used on non-Windows systems
[14.067s] INFO:colcon.colcon_notification.desktop_notification:Sending desktop notification using 'notify2'
[14.070s] DEBUG:colcon.colcon_notification.desktop_notification.notify2:Failed to initialize notify2: org.freedesktop.DBus.Error.ServiceUnknown: The name org.freedesktop.Notifications was not provided by any .service files
[14.071s] DEBUG:colcon.colcon_core.event_reactor:joined thread
[14.172s] INFO:colcon.colcon_core.shell:Creating prefix script '/home/jongo/ros2_ws/install/local_setup.ps1'
[14.177s] INFO:colcon.colcon_core.shell:Creating prefix util module '/home/jongo/ros2_ws/install/_local_setup_util_ps1.py'
[14.184s] INFO:colcon.colcon_core.shell:Creating prefix chain script '/home/jongo/ros2_ws/install/setup.ps1'
[14.251s] INFO:colcon.colcon_core.shell:Creating prefix script '/home/jongo/ros2_ws/install/local_setup.sh'
[14.258s] INFO:colcon.colcon_core.shell:Creating prefix util module '/home/jongo/ros2_ws/install/_local_setup_util_sh.py'
[14.261s] INFO:colcon.colcon_core.shell:Creating prefix chain script '/home/jongo/ros2_ws/install/setup.sh'
[14.327s] INFO:colcon.colcon_core.shell:Creating prefix script '/home/jongo/ros2_ws/install/local_setup.bash'
[14.331s] INFO:colcon.colcon_core.shell:Creating prefix chain script '/home/jongo/ros2_ws/install/setup.bash'
[14.394s] INFO:colcon.colcon_core.shell:Creating prefix script '/home/jongo/ros2_ws/install/local_setup.zsh'
[14.398s] INFO:colcon.colcon_core.shell:Creating prefix chain script '/home/jongo/ros2_ws/install/setup.zsh'
