[3.493s] Invoking command in '/home/jongo/ros2_ws/build/damin_robot1': PYTHONPATH=/home/jongo/ros2_ws/build/damin_robot1/prefix_override:/home/jongo/ros2_ws/install/damin_robot1/lib/python3.10/site-packages:${PYTHONPATH} /usr/bin/python3 setup.py develop --editable --build-directory /home/jongo/ros2_ws/build/damin_robot1/build --no-deps install_data
[4.714s] running develop
[5.485s] running egg_info
[5.486s] writing damin_robot1.egg-info/PKG-INFO
[5.487s] writing dependency_links to damin_robot1.egg-info/dependency_links.txt
[5.487s] writing entry points to damin_robot1.egg-info/entry_points.txt
[5.488s] writing requirements to damin_robot1.egg-info/requires.txt
[5.489s] writing top-level names to damin_robot1.egg-info/top_level.txt
[5.497s] reading manifest file 'damin_robot1.egg-info/SOURCES.txt'
[5.501s] writing manifest file 'damin_robot1.egg-info/SOURCES.txt'
[5.508s] running build_ext
[5.509s] Creating /home/jongo/ros2_ws/install/damin_robot1/lib/python3.10/site-packages/damin-robot1.egg-link (link to .)
[5.512s] Installing jongo_drawshape script to /home/jongo/ros2_ws/install/damin_robot1/lib/damin_robot1
[5.513s] Installing jongo_node1 script to /home/jongo/ros2_ws/install/damin_robot1/lib/damin_robot1
[5.514s] Installing jongo_node2 script to /home/jongo/ros2_ws/install/damin_robot1/lib/damin_robot1
[5.515s] Installing jongo_posesubs script to /home/jongo/ros2_ws/install/damin_robot1/lib/damin_robot1
[5.516s] 
[5.517s] Installed /home/jongo/ros2_ws/build/damin_robot1
[5.517s] running install_data
[5.654s] Invoked command in '/home/jongo/ros2_ws/build/damin_robot1' returned '0': PYTHONPATH=/home/jongo/ros2_ws/build/damin_robot1/prefix_override:/home/jongo/ros2_ws/install/damin_robot1/lib/python3.10/site-packages:${PYTHONPATH} /usr/bin/python3 setup.py develop --editable --build-directory /home/jongo/ros2_ws/build/damin_robot1/build --no-deps install_data
