[4.118s] Invoking command in '/home/jongo/ros2_ws/build/orbbec_description': CMAKE_PREFIX_PATH=${CMAKE_PREFIX_PATH}:/home/jongo/ros2_ws/install/ld06lidar_pkg:/home/jongo/ros2_ws/install/damin_robot1:/home/jongo/lidar_depthcam_ws/install/depth_camera:/opt/ros/humble /usr/bin/cmake --build /home/jongo/ros2_ws/build/orbbec_description -- -j4 -l4
[4.250s] Invoked command in '/home/jongo/ros2_ws/build/orbbec_description' returned '0': CMAKE_PREFIX_PATH=${CMAKE_PREFIX_PATH}:/home/jongo/ros2_ws/install/ld06lidar_pkg:/home/jongo/ros2_ws/install/damin_robot1:/home/jongo/lidar_depthcam_ws/install/depth_camera:/opt/ros/humble /usr/bin/cmake --build /home/jongo/ros2_ws/build/orbbec_description -- -j4 -l4
[4.436s] Invoking command in '/home/jongo/ros2_ws/build/orbbec_description': CMAKE_PREFIX_PATH=${CMAKE_PREFIX_PATH}:/home/jongo/ros2_ws/install/ld06lidar_pkg:/home/jongo/ros2_ws/install/damin_robot1:/home/jongo/lidar_depthcam_ws/install/depth_camera:/opt/ros/humble /usr/bin/cmake --install /home/jongo/ros2_ws/build/orbbec_description
[4.479s] -- Install configuration: "Release"
[4.483s] -- Up-to-date: /home/jongo/ros2_ws/install/orbbec_description/share/ament_index/resource_index/package_run_dependencies/orbbec_description
[4.486s] -- Up-to-date: /home/jongo/ros2_ws/install/orbbec_description/share/ament_index/resource_index/parent_prefix_path/orbbec_description
[4.488s] -- Up-to-date: /home/jongo/ros2_ws/install/orbbec_description/share/orbbec_description/environment/ament_prefix_path.sh
[4.491s] -- Up-to-date: /home/jongo/ros2_ws/install/orbbec_description/share/orbbec_description/environment/ament_prefix_path.dsv
[4.493s] -- Up-to-date: /home/jongo/ros2_ws/install/orbbec_description/share/orbbec_description/environment/path.sh
[4.494s] -- Up-to-date: /home/jongo/ros2_ws/install/orbbec_description/share/orbbec_description/environment/path.dsv
[4.495s] -- Up-to-date: /home/jongo/ros2_ws/install/orbbec_description/share/orbbec_description/local_setup.bash
[4.496s] -- Up-to-date: /home/jongo/ros2_ws/install/orbbec_description/share/orbbec_description/local_setup.sh
[4.497s] -- Up-to-date: /home/jongo/ros2_ws/install/orbbec_description/share/orbbec_description/local_setup.zsh
[4.499s] -- Up-to-date: /home/jongo/ros2_ws/install/orbbec_description/share/orbbec_description/local_setup.dsv
[4.500s] -- Installing: /home/jongo/ros2_ws/install/orbbec_description/share/orbbec_description/package.dsv
[4.503s] -- Up-to-date: /home/jongo/ros2_ws/install/orbbec_description/share/ament_index/resource_index/packages/orbbec_description
[4.504s] -- Up-to-date: /home/jongo/ros2_ws/install/orbbec_description/share/orbbec_description/cmake/orbbec_descriptionConfig.cmake
[4.506s] -- Up-to-date: /home/jongo/ros2_ws/install/orbbec_description/share/orbbec_description/cmake/orbbec_descriptionConfig-version.cmake
[4.507s] -- Up-to-date: /home/jongo/ros2_ws/install/orbbec_description/share/orbbec_description/package.xml
[4.525s] Invoked command in '/home/jongo/ros2_ws/build/orbbec_description' returned '0': CMAKE_PREFIX_PATH=${CMAKE_PREFIX_PATH}:/home/jongo/ros2_ws/install/ld06lidar_pkg:/home/jongo/ros2_ws/install/damin_robot1:/home/jongo/lidar_depthcam_ws/install/depth_camera:/opt/ros/humble /usr/bin/cmake --install /home/jongo/ros2_ws/build/orbbec_description
