[4.304s] DEBUG:colcon:Command line arguments: ['/usr/bin/colcon', 'build', '--symlink-install']
[4.305s] DEBUG:colcon:Parsed command line arguments: Namespace(log_base=None, log_level=None, verb_name='build', build_base='build', install_base='install', merge_install=False, symlink_install=True, test_result_base=None, continue_on_error=False, executor='parallel', parallel_workers=4, event_handlers=None, ignore_user_meta=False, metas=['./colcon.meta'], base_paths=['.'], packages_ignore=None, packages_ignore_regex=None, paths=None, packages_up_to=None, packages_up_to_regex=None, packages_above=None, packages_above_and_dependencies=None, packages_above_depth=None, packages_select_by_dep=None, packages_skip_by_dep=None, packages_skip_up_to=None, packages_select_build_failed=False, packages_skip_build_finished=False, packages_select_test_failures=False, packages_skip_test_passed=False, packages_select=None, packages_skip=None, packages_select_regex=None, packages_skip_regex=None, packages_start=None, packages_end=None, allow_overriding=[], cmake_args=None, cmake_target=None, cmake_target_skip_unavailable=False, cmake_clean_cache=False, cmake_clean_first=False, cmake_force_configure=False, ament_cmake_args=None, catkin_cmake_args=None, catkin_skip_building_tests=False, verb_parser=<colcon_defaults.argument_parser.defaults.DefaultArgumentsDecorator object at 0xffff94d05270>, verb_extension=<colcon_core.verb.build.BuildVerb object at 0xffff95029750>, main=<bound method BuildVerb.main of <colcon_core.verb.build.BuildVerb object at 0xffff95029750>>)
[4.503s] Level 1:colcon.colcon_core.package_discovery:discover_packages(colcon_meta) check parameters
[4.504s] Level 1:colcon.colcon_core.package_discovery:discover_packages(recursive) check parameters
[4.504s] Level 1:colcon.colcon_core.package_discovery:discover_packages(ignore) check parameters
[4.504s] Level 1:colcon.colcon_core.package_discovery:discover_packages(path) check parameters
[4.504s] Level 1:colcon.colcon_core.package_discovery:discover_packages(colcon_meta) discover
[4.504s] Level 1:colcon.colcon_core.package_discovery:discover_packages(recursive) discover
[4.505s] INFO:colcon.colcon_core.package_discovery:Crawling recursively for packages in '/home/jongo/ros2_ws'
[4.505s] Level 1:colcon.colcon_core.package_identification:_identify(.) by extensions ['ignore', 'ignore_ament_install']
[4.505s] Level 1:colcon.colcon_core.package_identification:_identify(.) by extension 'ignore'
[4.506s] Level 1:colcon.colcon_core.package_identification:_identify(.) by extension 'ignore_ament_install'
[4.506s] Level 1:colcon.colcon_core.package_identification:_identify(.) by extensions ['colcon_pkg']
[4.506s] Level 1:colcon.colcon_core.package_identification:_identify(.) by extension 'colcon_pkg'
[4.506s] Level 1:colcon.colcon_core.package_identification:_identify(.) by extensions ['colcon_meta']
[4.506s] Level 1:colcon.colcon_core.package_identification:_identify(.) by extension 'colcon_meta'
[4.507s] Level 1:colcon.colcon_core.package_identification:_identify(.) by extensions ['ros']
[4.507s] Level 1:colcon.colcon_core.package_identification:_identify(.) by extension 'ros'
[4.553s] Level 1:colcon.colcon_core.package_identification:_identify(.) by extensions ['cmake', 'python']
[4.553s] Level 1:colcon.colcon_core.package_identification:_identify(.) by extension 'cmake'
[4.553s] Level 1:colcon.colcon_core.package_identification:_identify(.) by extension 'python'
[4.553s] Level 1:colcon.colcon_core.package_identification:_identify(.) by extensions ['python_setup_py']
[4.553s] Level 1:colcon.colcon_core.package_identification:_identify(.) by extension 'python_setup_py'
[4.554s] Level 1:colcon.colcon_core.package_identification:_identify(build) by extensions ['ignore', 'ignore_ament_install']
[4.554s] Level 1:colcon.colcon_core.package_identification:_identify(build) by extension 'ignore'
[4.555s] Level 1:colcon.colcon_core.package_identification:_identify(build) ignored
[4.555s] Level 1:colcon.colcon_core.package_identification:_identify(install) by extensions ['ignore', 'ignore_ament_install']
[4.556s] Level 1:colcon.colcon_core.package_identification:_identify(install) by extension 'ignore'
[4.556s] Level 1:colcon.colcon_core.package_identification:_identify(install) ignored
[4.557s] Level 1:colcon.colcon_core.package_identification:_identify(log) by extensions ['ignore', 'ignore_ament_install']
[4.557s] Level 1:colcon.colcon_core.package_identification:_identify(log) by extension 'ignore'
[4.557s] Level 1:colcon.colcon_core.package_identification:_identify(log) ignored
[4.558s] Level 1:colcon.colcon_core.package_identification:_identify(src) by extensions ['ignore', 'ignore_ament_install']
[4.558s] Level 1:colcon.colcon_core.package_identification:_identify(src) by extension 'ignore'
[4.558s] Level 1:colcon.colcon_core.package_identification:_identify(src) by extension 'ignore_ament_install'
[4.559s] Level 1:colcon.colcon_core.package_identification:_identify(src) by extensions ['colcon_pkg']
[4.559s] Level 1:colcon.colcon_core.package_identification:_identify(src) by extension 'colcon_pkg'
[4.559s] Level 1:colcon.colcon_core.package_identification:_identify(src) by extensions ['colcon_meta']
[4.559s] Level 1:colcon.colcon_core.package_identification:_identify(src) by extension 'colcon_meta'
[4.559s] Level 1:colcon.colcon_core.package_identification:_identify(src) by extensions ['ros']
[4.559s] Level 1:colcon.colcon_core.package_identification:_identify(src) by extension 'ros'
[4.560s] Level 1:colcon.colcon_core.package_identification:_identify(src) by extensions ['cmake', 'python']
[4.560s] Level 1:colcon.colcon_core.package_identification:_identify(src) by extension 'cmake'
[4.560s] Level 1:colcon.colcon_core.package_identification:_identify(src) by extension 'python'
[4.560s] Level 1:colcon.colcon_core.package_identification:_identify(src) by extensions ['python_setup_py']
[4.560s] Level 1:colcon.colcon_core.package_identification:_identify(src) by extension 'python_setup_py'
[4.561s] Level 1:colcon.colcon_core.package_identification:_identify(src/damin_robot1) by extensions ['ignore', 'ignore_ament_install']
[4.561s] Level 1:colcon.colcon_core.package_identification:_identify(src/damin_robot1) by extension 'ignore'
[4.562s] Level 1:colcon.colcon_core.package_identification:_identify(src/damin_robot1) by extension 'ignore_ament_install'
[4.562s] Level 1:colcon.colcon_core.package_identification:_identify(src/damin_robot1) by extensions ['colcon_pkg']
[4.562s] Level 1:colcon.colcon_core.package_identification:_identify(src/damin_robot1) by extension 'colcon_pkg'
[4.562s] Level 1:colcon.colcon_core.package_identification:_identify(src/damin_robot1) by extensions ['colcon_meta']
[4.562s] Level 1:colcon.colcon_core.package_identification:_identify(src/damin_robot1) by extension 'colcon_meta'
[4.563s] Level 1:colcon.colcon_core.package_identification:_identify(src/damin_robot1) by extensions ['ros']
[4.563s] Level 1:colcon.colcon_core.package_identification:_identify(src/damin_robot1) by extension 'ros'
[4.571s] DEBUG:colcon.colcon_core.package_identification:Package 'src/damin_robot1' with type 'ros.ament_python' and name 'damin_robot1'
[4.572s] Level 1:colcon.colcon_core.package_discovery:discover_packages(recursive) using defaults
[4.572s] Level 1:colcon.colcon_core.package_discovery:discover_packages(ignore) discover
[4.572s] Level 1:colcon.colcon_core.package_discovery:discover_packages(ignore) using defaults
[4.572s] Level 1:colcon.colcon_core.package_discovery:discover_packages(path) discover
[4.572s] Level 1:colcon.colcon_core.package_discovery:discover_packages(path) using defaults
[4.949s] Level 1:colcon.colcon_core.package_discovery:discover_packages(prefix_path) check parameters
[4.950s] Level 1:colcon.colcon_core.package_discovery:discover_packages(prefix_path) discover
[5.076s] DEBUG:colcon.colcon_installed_package_information.package_discovery:Found 1 installed packages in /home/jongo/ros2_ws/install
[5.145s] DEBUG:colcon.colcon_installed_package_information.package_discovery:Found 270 installed packages in /opt/ros/humble
[5.151s] Level 1:colcon.colcon_core.package_discovery:discover_packages(prefix_path) using defaults
[5.544s] Level 5:colcon.colcon_core.verb:set package 'damin_robot1' build argument 'cmake_args' from command line to 'None'
[5.544s] Level 5:colcon.colcon_core.verb:set package 'damin_robot1' build argument 'cmake_target' from command line to 'None'
[5.544s] Level 5:colcon.colcon_core.verb:set package 'damin_robot1' build argument 'cmake_target_skip_unavailable' from command line to 'False'
[5.545s] Level 5:colcon.colcon_core.verb:set package 'damin_robot1' build argument 'cmake_clean_cache' from command line to 'False'
[5.545s] Level 5:colcon.colcon_core.verb:set package 'damin_robot1' build argument 'cmake_clean_first' from command line to 'False'
[5.545s] Level 5:colcon.colcon_core.verb:set package 'damin_robot1' build argument 'cmake_force_configure' from command line to 'False'
[5.545s] Level 5:colcon.colcon_core.verb:set package 'damin_robot1' build argument 'ament_cmake_args' from command line to 'None'
[5.545s] Level 5:colcon.colcon_core.verb:set package 'damin_robot1' build argument 'catkin_cmake_args' from command line to 'None'
[5.545s] Level 5:colcon.colcon_core.verb:set package 'damin_robot1' build argument 'catkin_skip_building_tests' from command line to 'False'
[5.545s] DEBUG:colcon.colcon_core.verb:Building package 'damin_robot1' with the following arguments: {'ament_cmake_args': None, 'build_base': '/home/jongo/ros2_ws/build/damin_robot1', 'catkin_cmake_args': None, 'catkin_skip_building_tests': False, 'cmake_args': None, 'cmake_clean_cache': False, 'cmake_clean_first': False, 'cmake_force_configure': False, 'cmake_target': None, 'cmake_target_skip_unavailable': False, 'install_base': '/home/jongo/ros2_ws/install/damin_robot1', 'merge_install': False, 'path': '/home/jongo/ros2_ws/src/damin_robot1', 'symlink_install': True, 'test_result_base': None}
[5.604s] INFO:colcon.colcon_core.executor:Executing jobs using 'parallel' executor
[5.668s] DEBUG:colcon.colcon_parallel_executor.executor.parallel:run_until_complete
[5.669s] INFO:colcon.colcon_ros.task.ament_python.build:Building ROS package in '/home/jongo/ros2_ws/src/damin_robot1' with build type 'ament_python'
[5.669s] Level 1:colcon.colcon_core.shell:create_environment_hook('damin_robot1', 'ament_prefix_path')
[5.740s] INFO:colcon.colcon_core.plugin_system:Skipping extension 'colcon_core.shell.bat': Not used on non-Windows systems
[5.741s] INFO:colcon.colcon_core.shell:Creating environment hook '/home/jongo/ros2_ws/install/damin_robot1/share/damin_robot1/hook/ament_prefix_path.ps1'
[5.743s] INFO:colcon.colcon_core.shell:Creating environment descriptor '/home/jongo/ros2_ws/install/damin_robot1/share/damin_robot1/hook/ament_prefix_path.dsv'
[5.745s] INFO:colcon.colcon_core.shell:Creating environment hook '/home/jongo/ros2_ws/install/damin_robot1/share/damin_robot1/hook/ament_prefix_path.sh'
[5.817s] INFO:colcon.colcon_core.shell:Skip shell extension 'powershell' for command environment: Not usable outside of PowerShell
[5.818s] DEBUG:colcon.colcon_core.shell:Skip shell extension 'dsv' for command environment
[7.270s] INFO:colcon.colcon_core.task.python.build:Building Python package in '/home/jongo/ros2_ws/src/damin_robot1'
[7.336s] INFO:colcon.colcon_core.shell:Skip shell extension 'powershell' for command environment: Not usable outside of PowerShell
[7.336s] DEBUG:colcon.colcon_core.shell:Skip shell extension 'dsv' for command environment
[9.333s] DEBUG:colcon.colcon_core.event_handler.log_command:Invoking command in '/home/jongo/ros2_ws/build/damin_robot1': PYTHONPATH=/home/jongo/ros2_ws/build/damin_robot1/prefix_override:/home/jongo/ros2_ws/install/damin_robot1/lib/python3.10/site-packages:${PYTHONPATH} /usr/bin/python3 setup.py develop --editable --build-directory /home/jongo/ros2_ws/build/damin_robot1/build --no-deps install_data
[11.469s] Level 1:colcon.colcon_core.shell:create_environment_hook('damin_robot1', 'pythonpath_develop')
[11.471s] DEBUG:colcon.colcon_core.event_handler.log_command:Invoked command in '/home/jongo/ros2_ws/build/damin_robot1' returned '0': PYTHONPATH=/home/jongo/ros2_ws/build/damin_robot1/prefix_override:/home/jongo/ros2_ws/install/damin_robot1/lib/python3.10/site-packages:${PYTHONPATH} /usr/bin/python3 setup.py develop --editable --build-directory /home/jongo/ros2_ws/build/damin_robot1/build --no-deps install_data
[11.532s] INFO:colcon.colcon_core.shell:Creating environment hook '/home/jongo/ros2_ws/build/damin_robot1/share/damin_robot1/hook/pythonpath_develop.ps1'
[11.534s] INFO:colcon.colcon_core.shell:Creating environment descriptor '/home/jongo/ros2_ws/build/damin_robot1/share/damin_robot1/hook/pythonpath_develop.dsv'
[11.536s] INFO:colcon.colcon_core.shell:Creating environment hook '/home/jongo/ros2_ws/build/damin_robot1/share/damin_robot1/hook/pythonpath_develop.sh'
[11.612s] Level 1:colcon.colcon_core.environment:checking '/home/jongo/ros2_ws/install/damin_robot1' for CMake module files
[11.614s] Level 1:colcon.colcon_core.environment:checking '/home/jongo/ros2_ws/install/damin_robot1' for CMake config files
[11.618s] Level 1:colcon.colcon_core.environment:checking '/home/jongo/ros2_ws/install/damin_robot1/lib'
[11.619s] Level 1:colcon.colcon_core.environment:checking '/home/jongo/ros2_ws/install/damin_robot1/bin'
[11.619s] Level 1:colcon.colcon_core.environment:checking '/home/jongo/ros2_ws/install/damin_robot1/lib/pkgconfig/damin_robot1.pc'
[11.620s] Level 1:colcon.colcon_core.environment:checking '/home/jongo/ros2_ws/install/damin_robot1/lib/python3.10/site-packages'
[11.621s] Level 1:colcon.colcon_core.shell:create_environment_hook('damin_robot1', 'pythonpath')
[11.684s] INFO:colcon.colcon_core.shell:Creating environment hook '/home/jongo/ros2_ws/install/damin_robot1/share/damin_robot1/hook/pythonpath.ps1'
[11.686s] INFO:colcon.colcon_core.shell:Creating environment descriptor '/home/jongo/ros2_ws/install/damin_robot1/share/damin_robot1/hook/pythonpath.dsv'
[11.688s] INFO:colcon.colcon_core.shell:Creating environment hook '/home/jongo/ros2_ws/install/damin_robot1/share/damin_robot1/hook/pythonpath.sh'
[11.690s] Level 1:colcon.colcon_core.environment:checking '/home/jongo/ros2_ws/install/damin_robot1/bin'
[11.691s] Level 1:colcon.colcon_core.environment:create_environment_scripts_only(damin_robot1)
[11.755s] INFO:colcon.colcon_core.shell:Creating package script '/home/jongo/ros2_ws/install/damin_robot1/share/damin_robot1/package.ps1'
[11.759s] INFO:colcon.colcon_core.shell:Creating package descriptor '/home/jongo/ros2_ws/install/damin_robot1/share/damin_robot1/package.dsv'
[11.761s] INFO:colcon.colcon_core.shell:Creating package script '/home/jongo/ros2_ws/install/damin_robot1/share/damin_robot1/package.sh'
[11.765s] INFO:colcon.colcon_core.shell:Creating package script '/home/jongo/ros2_ws/install/damin_robot1/share/damin_robot1/package.bash'
[11.768s] INFO:colcon.colcon_core.shell:Creating package script '/home/jongo/ros2_ws/install/damin_robot1/share/damin_robot1/package.zsh'
[11.771s] Level 1:colcon.colcon_core.environment:create_file_with_runtime_dependencies(/home/jongo/ros2_ws/install/damin_robot1/share/colcon-core/packages/damin_robot1)
[11.773s] DEBUG:colcon.colcon_parallel_executor.executor.parallel:closing loop
[11.775s] DEBUG:colcon.colcon_parallel_executor.executor.parallel:loop closed
[11.775s] DEBUG:colcon.colcon_parallel_executor.executor.parallel:run_until_complete finished with '0'
[11.776s] DEBUG:colcon.colcon_core.event_reactor:joining thread
[11.860s] INFO:colcon.colcon_core.plugin_system:Skipping extension 'colcon_notification.desktop_notification.notify_send': Could not find 'notify-send'
[11.861s] INFO:colcon.colcon_core.plugin_system:Skipping extension 'colcon_notification.desktop_notification.terminal_notifier': Not used on non-Darwin systems
[11.861s] INFO:colcon.colcon_core.plugin_system:Skipping extension 'colcon_notification.desktop_notification.win32': Not used on non-Windows systems
[11.861s] INFO:colcon.colcon_notification.desktop_notification:Sending desktop notification using 'notify2'
[11.864s] DEBUG:colcon.colcon_notification.desktop_notification.notify2:Failed to initialize notify2: org.freedesktop.DBus.Error.ServiceUnknown: The name org.freedesktop.Notifications was not provided by any .service files
[11.865s] DEBUG:colcon.colcon_core.event_reactor:joined thread
[11.963s] INFO:colcon.colcon_core.shell:Creating prefix script '/home/jongo/ros2_ws/install/local_setup.ps1'
[11.967s] INFO:colcon.colcon_core.shell:Creating prefix util module '/home/jongo/ros2_ws/install/_local_setup_util_ps1.py'
[11.972s] INFO:colcon.colcon_core.shell:Creating prefix chain script '/home/jongo/ros2_ws/install/setup.ps1'
[12.040s] INFO:colcon.colcon_core.shell:Creating prefix script '/home/jongo/ros2_ws/install/local_setup.sh'
[12.042s] INFO:colcon.colcon_core.shell:Creating prefix util module '/home/jongo/ros2_ws/install/_local_setup_util_sh.py'
[12.045s] INFO:colcon.colcon_core.shell:Creating prefix chain script '/home/jongo/ros2_ws/install/setup.sh'
[12.111s] INFO:colcon.colcon_core.shell:Creating prefix script '/home/jongo/ros2_ws/install/local_setup.bash'
[12.113s] INFO:colcon.colcon_core.shell:Creating prefix chain script '/home/jongo/ros2_ws/install/setup.bash'
[12.176s] INFO:colcon.colcon_core.shell:Creating prefix script '/home/jongo/ros2_ws/install/local_setup.zsh'
[12.178s] INFO:colcon.colcon_core.shell:Creating prefix chain script '/home/jongo/ros2_ws/install/setup.zsh'
