[4.245s] DEBUG:colcon:Command line arguments: ['/usr/bin/colcon', 'build', '--symlink-install']
[4.245s] DEBUG:colcon:Parsed command line arguments: Namespace(log_base=None, log_level=None, verb_name='build', build_base='build', install_base='install', merge_install=False, symlink_install=True, test_result_base=None, continue_on_error=False, executor='parallel', parallel_workers=4, event_handlers=None, ignore_user_meta=False, metas=['./colcon.meta'], base_paths=['.'], packages_ignore=None, packages_ignore_regex=None, paths=None, packages_up_to=None, packages_up_to_regex=None, packages_above=None, packages_above_and_dependencies=None, packages_above_depth=None, packages_select_by_dep=None, packages_skip_by_dep=None, packages_skip_up_to=None, packages_select_build_failed=False, packages_skip_build_finished=False, packages_select_test_failures=False, packages_skip_test_passed=False, packages_select=None, packages_skip=None, packages_select_regex=None, packages_skip_regex=None, packages_start=None, packages_end=None, allow_overriding=[], cmake_args=None, cmake_target=None, cmake_target_skip_unavailable=False, cmake_clean_cache=False, cmake_clean_first=False, cmake_force_configure=False, ament_cmake_args=None, catkin_cmake_args=None, catkin_skip_building_tests=False, verb_parser=<colcon_defaults.argument_parser.defaults.DefaultArgumentsDecorator object at 0xffffb386e920>, verb_extension=<colcon_core.verb.build.BuildVerb object at 0xffffb3b94430>, main=<bound method BuildVerb.main of <colcon_core.verb.build.BuildVerb object at 0xffffb3b94430>>)
[4.441s] Level 1:colcon.colcon_core.package_discovery:discover_packages(colcon_meta) check parameters
[4.442s] Level 1:colcon.colcon_core.package_discovery:discover_packages(recursive) check parameters
[4.442s] Level 1:colcon.colcon_core.package_discovery:discover_packages(ignore) check parameters
[4.442s] Level 1:colcon.colcon_core.package_discovery:discover_packages(path) check parameters
[4.442s] Level 1:colcon.colcon_core.package_discovery:discover_packages(colcon_meta) discover
[4.443s] Level 1:colcon.colcon_core.package_discovery:discover_packages(recursive) discover
[4.443s] INFO:colcon.colcon_core.package_discovery:Crawling recursively for packages in '/home/jongo/ros2_ws'
[4.443s] Level 1:colcon.colcon_core.package_identification:_identify(.) by extensions ['ignore', 'ignore_ament_install']
[4.444s] Level 1:colcon.colcon_core.package_identification:_identify(.) by extension 'ignore'
[4.444s] Level 1:colcon.colcon_core.package_identification:_identify(.) by extension 'ignore_ament_install'
[4.444s] Level 1:colcon.colcon_core.package_identification:_identify(.) by extensions ['colcon_pkg']
[4.444s] Level 1:colcon.colcon_core.package_identification:_identify(.) by extension 'colcon_pkg'
[4.445s] Level 1:colcon.colcon_core.package_identification:_identify(.) by extensions ['colcon_meta']
[4.445s] Level 1:colcon.colcon_core.package_identification:_identify(.) by extension 'colcon_meta'
[4.445s] Level 1:colcon.colcon_core.package_identification:_identify(.) by extensions ['ros']
[4.445s] Level 1:colcon.colcon_core.package_identification:_identify(.) by extension 'ros'
[4.491s] Level 1:colcon.colcon_core.package_identification:_identify(.) by extensions ['cmake', 'python']
[4.491s] Level 1:colcon.colcon_core.package_identification:_identify(.) by extension 'cmake'
[4.491s] Level 1:colcon.colcon_core.package_identification:_identify(.) by extension 'python'
[4.491s] Level 1:colcon.colcon_core.package_identification:_identify(.) by extensions ['python_setup_py']
[4.491s] Level 1:colcon.colcon_core.package_identification:_identify(.) by extension 'python_setup_py'
[4.492s] Level 1:colcon.colcon_core.package_identification:_identify(build) by extensions ['ignore', 'ignore_ament_install']
[4.492s] Level 1:colcon.colcon_core.package_identification:_identify(build) by extension 'ignore'
[4.493s] Level 1:colcon.colcon_core.package_identification:_identify(build) ignored
[4.493s] Level 1:colcon.colcon_core.package_identification:_identify(install) by extensions ['ignore', 'ignore_ament_install']
[4.494s] Level 1:colcon.colcon_core.package_identification:_identify(install) by extension 'ignore'
[4.494s] Level 1:colcon.colcon_core.package_identification:_identify(install) ignored
[4.495s] Level 1:colcon.colcon_core.package_identification:_identify(log) by extensions ['ignore', 'ignore_ament_install']
[4.495s] Level 1:colcon.colcon_core.package_identification:_identify(log) by extension 'ignore'
[4.495s] Level 1:colcon.colcon_core.package_identification:_identify(log) ignored
[4.496s] Level 1:colcon.colcon_core.package_identification:_identify(src) by extensions ['ignore', 'ignore_ament_install']
[4.496s] Level 1:colcon.colcon_core.package_identification:_identify(src) by extension 'ignore'
[4.496s] Level 1:colcon.colcon_core.package_identification:_identify(src) by extension 'ignore_ament_install'
[4.496s] Level 1:colcon.colcon_core.package_identification:_identify(src) by extensions ['colcon_pkg']
[4.497s] Level 1:colcon.colcon_core.package_identification:_identify(src) by extension 'colcon_pkg'
[4.497s] Level 1:colcon.colcon_core.package_identification:_identify(src) by extensions ['colcon_meta']
[4.497s] Level 1:colcon.colcon_core.package_identification:_identify(src) by extension 'colcon_meta'
[4.497s] Level 1:colcon.colcon_core.package_identification:_identify(src) by extensions ['ros']
[4.497s] Level 1:colcon.colcon_core.package_identification:_identify(src) by extension 'ros'
[4.498s] Level 1:colcon.colcon_core.package_identification:_identify(src) by extensions ['cmake', 'python']
[4.498s] Level 1:colcon.colcon_core.package_identification:_identify(src) by extension 'cmake'
[4.498s] Level 1:colcon.colcon_core.package_identification:_identify(src) by extension 'python'
[4.498s] Level 1:colcon.colcon_core.package_identification:_identify(src) by extensions ['python_setup_py']
[4.498s] Level 1:colcon.colcon_core.package_identification:_identify(src) by extension 'python_setup_py'
[4.499s] Level 1:colcon.colcon_core.package_identification:_identify(src/damin_robot1) by extensions ['ignore', 'ignore_ament_install']
[4.499s] Level 1:colcon.colcon_core.package_identification:_identify(src/damin_robot1) by extension 'ignore'
[4.499s] Level 1:colcon.colcon_core.package_identification:_identify(src/damin_robot1) by extension 'ignore_ament_install'
[4.500s] Level 1:colcon.colcon_core.package_identification:_identify(src/damin_robot1) by extensions ['colcon_pkg']
[4.500s] Level 1:colcon.colcon_core.package_identification:_identify(src/damin_robot1) by extension 'colcon_pkg'
[4.500s] Level 1:colcon.colcon_core.package_identification:_identify(src/damin_robot1) by extensions ['colcon_meta']
[4.500s] Level 1:colcon.colcon_core.package_identification:_identify(src/damin_robot1) by extension 'colcon_meta'
[4.500s] Level 1:colcon.colcon_core.package_identification:_identify(src/damin_robot1) by extensions ['ros']
[4.500s] Level 1:colcon.colcon_core.package_identification:_identify(src/damin_robot1) by extension 'ros'
[4.509s] DEBUG:colcon.colcon_core.package_identification:Package 'src/damin_robot1' with type 'ros.ament_python' and name 'damin_robot1'
[4.510s] Level 1:colcon.colcon_core.package_discovery:discover_packages(recursive) using defaults
[4.510s] Level 1:colcon.colcon_core.package_discovery:discover_packages(ignore) discover
[4.510s] Level 1:colcon.colcon_core.package_discovery:discover_packages(ignore) using defaults
[4.510s] Level 1:colcon.colcon_core.package_discovery:discover_packages(path) discover
[4.510s] Level 1:colcon.colcon_core.package_discovery:discover_packages(path) using defaults
[4.901s] Level 1:colcon.colcon_core.package_discovery:discover_packages(prefix_path) check parameters
[4.901s] Level 1:colcon.colcon_core.package_discovery:discover_packages(prefix_path) discover
[5.178s] DEBUG:colcon.colcon_installed_package_information.package_discovery:Found 1 installed packages in /home/jongo/ros2_ws/install
[5.325s] DEBUG:colcon.colcon_installed_package_information.package_discovery:Found 270 installed packages in /opt/ros/humble
[5.332s] Level 1:colcon.colcon_core.package_discovery:discover_packages(prefix_path) using defaults
[5.718s] Level 5:colcon.colcon_core.verb:set package 'damin_robot1' build argument 'cmake_args' from command line to 'None'
[5.719s] Level 5:colcon.colcon_core.verb:set package 'damin_robot1' build argument 'cmake_target' from command line to 'None'
[5.719s] Level 5:colcon.colcon_core.verb:set package 'damin_robot1' build argument 'cmake_target_skip_unavailable' from command line to 'False'
[5.719s] Level 5:colcon.colcon_core.verb:set package 'damin_robot1' build argument 'cmake_clean_cache' from command line to 'False'
[5.719s] Level 5:colcon.colcon_core.verb:set package 'damin_robot1' build argument 'cmake_clean_first' from command line to 'False'
[5.719s] Level 5:colcon.colcon_core.verb:set package 'damin_robot1' build argument 'cmake_force_configure' from command line to 'False'
[5.719s] Level 5:colcon.colcon_core.verb:set package 'damin_robot1' build argument 'ament_cmake_args' from command line to 'None'
[5.719s] Level 5:colcon.colcon_core.verb:set package 'damin_robot1' build argument 'catkin_cmake_args' from command line to 'None'
[5.719s] Level 5:colcon.colcon_core.verb:set package 'damin_robot1' build argument 'catkin_skip_building_tests' from command line to 'False'
[5.720s] DEBUG:colcon.colcon_core.verb:Building package 'damin_robot1' with the following arguments: {'ament_cmake_args': None, 'build_base': '/home/jongo/ros2_ws/build/damin_robot1', 'catkin_cmake_args': None, 'catkin_skip_building_tests': False, 'cmake_args': None, 'cmake_clean_cache': False, 'cmake_clean_first': False, 'cmake_force_configure': False, 'cmake_target': None, 'cmake_target_skip_unavailable': False, 'install_base': '/home/jongo/ros2_ws/install/damin_robot1', 'merge_install': False, 'path': '/home/jongo/ros2_ws/src/damin_robot1', 'symlink_install': True, 'test_result_base': None}
[5.778s] INFO:colcon.colcon_core.executor:Executing jobs using 'parallel' executor
[5.839s] DEBUG:colcon.colcon_parallel_executor.executor.parallel:run_until_complete
[5.840s] INFO:colcon.colcon_ros.task.ament_python.build:Building ROS package in '/home/jongo/ros2_ws/src/damin_robot1' with build type 'ament_python'
[5.840s] Level 1:colcon.colcon_core.shell:create_environment_hook('damin_robot1', 'ament_prefix_path')
[5.914s] INFO:colcon.colcon_core.plugin_system:Skipping extension 'colcon_core.shell.bat': Not used on non-Windows systems
[5.915s] INFO:colcon.colcon_core.shell:Creating environment hook '/home/jongo/ros2_ws/install/damin_robot1/share/damin_robot1/hook/ament_prefix_path.ps1'
[5.918s] INFO:colcon.colcon_core.shell:Creating environment descriptor '/home/jongo/ros2_ws/install/damin_robot1/share/damin_robot1/hook/ament_prefix_path.dsv'
[5.920s] INFO:colcon.colcon_core.shell:Creating environment hook '/home/jongo/ros2_ws/install/damin_robot1/share/damin_robot1/hook/ament_prefix_path.sh'
[5.990s] INFO:colcon.colcon_core.shell:Skip shell extension 'powershell' for command environment: Not usable outside of PowerShell
[5.990s] DEBUG:colcon.colcon_core.shell:Skip shell extension 'dsv' for command environment
[7.412s] INFO:colcon.colcon_core.task.python.build:Building Python package in '/home/jongo/ros2_ws/src/damin_robot1'
[7.474s] INFO:colcon.colcon_core.shell:Skip shell extension 'powershell' for command environment: Not usable outside of PowerShell
[7.475s] DEBUG:colcon.colcon_core.shell:Skip shell extension 'dsv' for command environment
[9.327s] DEBUG:colcon.colcon_core.task.python.build:While undoing a previous installation files outside the Python library path are being ignored: /home/jongo/ros2_ws/install/damin_robot1/share/ament_index/resource_index/packages/damin_robot1
[9.327s] DEBUG:colcon.colcon_core.task.python.build:While undoing a previous installation files outside the Python library path are being ignored: /home/jongo/ros2_ws/install/damin_robot1/share/damin_robot1/package.xml
[9.328s] DEBUG:colcon.colcon_core.task.python.build:While undoing a previous installation files outside the Python library path are being ignored: /home/jongo/ros2_ws/install/damin_robot1/lib/damin_robot1/jongo_drawshape
[9.328s] DEBUG:colcon.colcon_core.task.python.build:While undoing a previous installation files outside the Python library path are being ignored: /home/jongo/ros2_ws/install/damin_robot1/lib/damin_robot1/jongo_node1
[9.329s] DEBUG:colcon.colcon_core.task.python.build:While undoing a previous installation files outside the Python library path are being ignored: /home/jongo/ros2_ws/install/damin_robot1/lib/damin_robot1/jongo_node2
[9.334s] DEBUG:colcon.colcon_core.event_handler.log_command:Invoking command in '/home/jongo/ros2_ws/build/damin_robot1': PYTHONPATH=/home/jongo/ros2_ws/build/damin_robot1/prefix_override:/home/jongo/ros2_ws/install/damin_robot1/lib/python3.10/site-packages:${PYTHONPATH} /usr/bin/python3 setup.py develop --editable --build-directory /home/jongo/ros2_ws/build/damin_robot1/build --no-deps install_data
[11.494s] Level 1:colcon.colcon_core.shell:create_environment_hook('damin_robot1', 'pythonpath_develop')
[11.496s] DEBUG:colcon.colcon_core.event_handler.log_command:Invoked command in '/home/jongo/ros2_ws/build/damin_robot1' returned '0': PYTHONPATH=/home/jongo/ros2_ws/build/damin_robot1/prefix_override:/home/jongo/ros2_ws/install/damin_robot1/lib/python3.10/site-packages:${PYTHONPATH} /usr/bin/python3 setup.py develop --editable --build-directory /home/jongo/ros2_ws/build/damin_robot1/build --no-deps install_data
[11.571s] INFO:colcon.colcon_core.shell:Creating environment hook '/home/jongo/ros2_ws/build/damin_robot1/share/damin_robot1/hook/pythonpath_develop.ps1'
[11.573s] INFO:colcon.colcon_core.shell:Creating environment descriptor '/home/jongo/ros2_ws/build/damin_robot1/share/damin_robot1/hook/pythonpath_develop.dsv'
[11.575s] INFO:colcon.colcon_core.shell:Creating environment hook '/home/jongo/ros2_ws/build/damin_robot1/share/damin_robot1/hook/pythonpath_develop.sh'
[11.659s] Level 1:colcon.colcon_core.environment:checking '/home/jongo/ros2_ws/install/damin_robot1' for CMake module files
[11.662s] Level 1:colcon.colcon_core.environment:checking '/home/jongo/ros2_ws/install/damin_robot1' for CMake config files
[11.665s] Level 1:colcon.colcon_core.environment:checking '/home/jongo/ros2_ws/install/damin_robot1/lib'
[11.666s] Level 1:colcon.colcon_core.environment:checking '/home/jongo/ros2_ws/install/damin_robot1/bin'
[11.666s] Level 1:colcon.colcon_core.environment:checking '/home/jongo/ros2_ws/install/damin_robot1/lib/pkgconfig/damin_robot1.pc'
[11.667s] Level 1:colcon.colcon_core.environment:checking '/home/jongo/ros2_ws/install/damin_robot1/lib/python3.10/site-packages'
[11.668s] Level 1:colcon.colcon_core.shell:create_environment_hook('damin_robot1', 'pythonpath')
[11.734s] INFO:colcon.colcon_core.shell:Creating environment hook '/home/jongo/ros2_ws/install/damin_robot1/share/damin_robot1/hook/pythonpath.ps1'
[11.736s] INFO:colcon.colcon_core.shell:Creating environment descriptor '/home/jongo/ros2_ws/install/damin_robot1/share/damin_robot1/hook/pythonpath.dsv'
[11.738s] INFO:colcon.colcon_core.shell:Creating environment hook '/home/jongo/ros2_ws/install/damin_robot1/share/damin_robot1/hook/pythonpath.sh'
[11.740s] Level 1:colcon.colcon_core.environment:checking '/home/jongo/ros2_ws/install/damin_robot1/bin'
[11.741s] Level 1:colcon.colcon_core.environment:create_environment_scripts_only(damin_robot1)
[11.811s] INFO:colcon.colcon_core.shell:Creating package script '/home/jongo/ros2_ws/install/damin_robot1/share/damin_robot1/package.ps1'
[11.814s] INFO:colcon.colcon_core.shell:Creating package descriptor '/home/jongo/ros2_ws/install/damin_robot1/share/damin_robot1/package.dsv'
[11.818s] INFO:colcon.colcon_core.shell:Creating package script '/home/jongo/ros2_ws/install/damin_robot1/share/damin_robot1/package.sh'
[11.822s] INFO:colcon.colcon_core.shell:Creating package script '/home/jongo/ros2_ws/install/damin_robot1/share/damin_robot1/package.bash'
[11.825s] INFO:colcon.colcon_core.shell:Creating package script '/home/jongo/ros2_ws/install/damin_robot1/share/damin_robot1/package.zsh'
[11.828s] Level 1:colcon.colcon_core.environment:create_file_with_runtime_dependencies(/home/jongo/ros2_ws/install/damin_robot1/share/colcon-core/packages/damin_robot1)
[11.830s] DEBUG:colcon.colcon_parallel_executor.executor.parallel:closing loop
[11.832s] DEBUG:colcon.colcon_parallel_executor.executor.parallel:loop closed
[11.832s] DEBUG:colcon.colcon_parallel_executor.executor.parallel:run_until_complete finished with '0'
[11.833s] DEBUG:colcon.colcon_core.event_reactor:joining thread
[11.917s] INFO:colcon.colcon_core.plugin_system:Skipping extension 'colcon_notification.desktop_notification.notify_send': Could not find 'notify-send'
[11.917s] INFO:colcon.colcon_core.plugin_system:Skipping extension 'colcon_notification.desktop_notification.terminal_notifier': Not used on non-Darwin systems
[11.917s] INFO:colcon.colcon_core.plugin_system:Skipping extension 'colcon_notification.desktop_notification.win32': Not used on non-Windows systems
[11.918s] INFO:colcon.colcon_notification.desktop_notification:Sending desktop notification using 'notify2'
[11.921s] DEBUG:colcon.colcon_notification.desktop_notification.notify2:Failed to initialize notify2: org.freedesktop.DBus.Error.ServiceUnknown: The name org.freedesktop.Notifications was not provided by any .service files
[11.921s] DEBUG:colcon.colcon_core.event_reactor:joined thread
[12.026s] INFO:colcon.colcon_core.shell:Creating prefix script '/home/jongo/ros2_ws/install/local_setup.ps1'
[12.030s] INFO:colcon.colcon_core.shell:Creating prefix util module '/home/jongo/ros2_ws/install/_local_setup_util_ps1.py'
[12.035s] INFO:colcon.colcon_core.shell:Creating prefix chain script '/home/jongo/ros2_ws/install/setup.ps1'
[12.099s] INFO:colcon.colcon_core.shell:Creating prefix script '/home/jongo/ros2_ws/install/local_setup.sh'
[12.102s] INFO:colcon.colcon_core.shell:Creating prefix util module '/home/jongo/ros2_ws/install/_local_setup_util_sh.py'
[12.104s] INFO:colcon.colcon_core.shell:Creating prefix chain script '/home/jongo/ros2_ws/install/setup.sh'
[12.167s] INFO:colcon.colcon_core.shell:Creating prefix script '/home/jongo/ros2_ws/install/local_setup.bash'
[12.170s] INFO:colcon.colcon_core.shell:Creating prefix chain script '/home/jongo/ros2_ws/install/setup.bash'
[12.235s] INFO:colcon.colcon_core.shell:Creating prefix script '/home/jongo/ros2_ws/install/local_setup.zsh'
[12.238s] INFO:colcon.colcon_core.shell:Creating prefix chain script '/home/jongo/ros2_ws/install/setup.zsh'
