[14.639s] DEBUG:colcon:Command line arguments: ['/usr/bin/colcon', 'list', '-p', '--base-paths', '/home/jongo/ros2_ws']
[14.640s] DEBUG:colcon:Parsed command line arguments: Namespace(log_base=None, log_level=None, verb_name='list', build_base='build', ignore_user_meta=False, metas=['./colcon.meta'], base_paths=['/home/jongo/ros2_ws'], packages_ignore=None, packages_ignore_regex=None, paths=None, packages_up_to=None, packages_up_to_regex=None, packages_above=None, packages_above_and_dependencies=None, packages_above_depth=None, packages_select_by_dep=None, packages_skip_by_dep=None, packages_skip_up_to=None, packages_select_build_failed=False, packages_skip_build_finished=False, packages_select_test_failures=False, packages_skip_test_passed=False, packages_select=None, packages_skip=None, packages_select_regex=None, packages_skip_regex=None, packages_start=None, packages_end=None, allow_overriding=[], topological_order=False, names_only=False, paths_only=True, topological_graph=False, topological_graph_dot=False, topological_graph_density=False, topological_graph_legend=False, topological_graph_dot_cluster=False, topological_graph_dot_include_skipped=False, verb_parser=<colcon_defaults.argument_parser.defaults.DefaultArgumentsDecorator object at 0xffff91f99d20>, verb_extension=<colcon_package_information.verb.list.ListVerb object at 0xffff91f9bdf0>, main=<bound method ListVerb.main of <colcon_package_information.verb.list.ListVerb object at 0xffff91f9bdf0>>)
[15.139s] Level 1:colcon.colcon_core.package_discovery:discover_packages(colcon_meta) check parameters
[15.140s] Level 1:colcon.colcon_core.package_discovery:discover_packages(recursive) check parameters
[15.140s] Level 1:colcon.colcon_core.package_discovery:discover_packages(ignore) check parameters
[15.140s] Level 1:colcon.colcon_core.package_discovery:discover_packages(path) check parameters
[15.140s] Level 1:colcon.colcon_core.package_discovery:discover_packages(recursive) discover
[15.141s] INFO:colcon.colcon_core.package_discovery:Crawling recursively for packages in '/home/jongo/ros2_ws'
[15.142s] Level 1:colcon.colcon_core.package_identification:_identify(/home/jongo/ros2_ws) by extensions ['ignore', 'ignore_ament_install']
[15.143s] Level 1:colcon.colcon_core.package_identification:_identify(/home/jongo/ros2_ws) by extension 'ignore'
[15.144s] Level 1:colcon.colcon_core.package_identification:_identify(/home/jongo/ros2_ws) by extension 'ignore_ament_install'
[15.145s] Level 1:colcon.colcon_core.package_identification:_identify(/home/jongo/ros2_ws) by extensions ['colcon_pkg']
[15.145s] Level 1:colcon.colcon_core.package_identification:_identify(/home/jongo/ros2_ws) by extension 'colcon_pkg'
[15.146s] Level 1:colcon.colcon_core.package_identification:_identify(/home/jongo/ros2_ws) by extensions ['colcon_meta']
[15.147s] Level 1:colcon.colcon_core.package_identification:_identify(/home/jongo/ros2_ws) by extension 'colcon_meta'
[15.148s] Level 1:colcon.colcon_core.package_identification:_identify(/home/jongo/ros2_ws) by extensions ['ros']
[15.148s] Level 1:colcon.colcon_core.package_identification:_identify(/home/jongo/ros2_ws) by extension 'ros'
[15.208s] Level 1:colcon.colcon_core.package_identification:_identify(/home/jongo/ros2_ws) by extensions ['cmake', 'python']
[15.208s] Level 1:colcon.colcon_core.package_identification:_identify(/home/jongo/ros2_ws) by extension 'cmake'
[15.209s] Level 1:colcon.colcon_core.package_identification:_identify(/home/jongo/ros2_ws) by extension 'python'
[15.209s] Level 1:colcon.colcon_core.package_identification:_identify(/home/jongo/ros2_ws) by extensions ['python_setup_py']
[15.209s] Level 1:colcon.colcon_core.package_identification:_identify(/home/jongo/ros2_ws) by extension 'python_setup_py'
[15.210s] Level 1:colcon.colcon_core.package_identification:_identify(/home/jongo/ros2_ws/build) by extensions ['ignore', 'ignore_ament_install']
[15.211s] Level 1:colcon.colcon_core.package_identification:_identify(/home/jongo/ros2_ws/build) by extension 'ignore'
[15.211s] Level 1:colcon.colcon_core.package_identification:_identify(/home/jongo/ros2_ws/build) ignored
[15.213s] Level 1:colcon.colcon_core.package_identification:_identify(/home/jongo/ros2_ws/install) by extensions ['ignore', 'ignore_ament_install']
[15.213s] Level 1:colcon.colcon_core.package_identification:_identify(/home/jongo/ros2_ws/install) by extension 'ignore'
[15.214s] Level 1:colcon.colcon_core.package_identification:_identify(/home/jongo/ros2_ws/install) ignored
[15.215s] Level 1:colcon.colcon_core.package_identification:_identify(/home/jongo/ros2_ws/log) by extensions ['ignore', 'ignore_ament_install']
[15.215s] Level 1:colcon.colcon_core.package_identification:_identify(/home/jongo/ros2_ws/log) by extension 'ignore'
[15.216s] Level 1:colcon.colcon_core.package_identification:_identify(/home/jongo/ros2_ws/log) ignored
[15.216s] Level 1:colcon.colcon_core.package_identification:_identify(/home/jongo/ros2_ws/src) by extensions ['ignore', 'ignore_ament_install']
[15.217s] Level 1:colcon.colcon_core.package_identification:_identify(/home/jongo/ros2_ws/src) by extension 'ignore'
[15.218s] Level 1:colcon.colcon_core.package_identification:_identify(/home/jongo/ros2_ws/src) by extension 'ignore_ament_install'
[15.218s] Level 1:colcon.colcon_core.package_identification:_identify(/home/jongo/ros2_ws/src) by extensions ['colcon_pkg']
[15.218s] Level 1:colcon.colcon_core.package_identification:_identify(/home/jongo/ros2_ws/src) by extension 'colcon_pkg'
[15.219s] Level 1:colcon.colcon_core.package_identification:_identify(/home/jongo/ros2_ws/src) by extensions ['colcon_meta']
[15.219s] Level 1:colcon.colcon_core.package_identification:_identify(/home/jongo/ros2_ws/src) by extension 'colcon_meta'
[15.219s] Level 1:colcon.colcon_core.package_identification:_identify(/home/jongo/ros2_ws/src) by extensions ['ros']
[15.220s] Level 1:colcon.colcon_core.package_identification:_identify(/home/jongo/ros2_ws/src) by extension 'ros'
[15.220s] Level 1:colcon.colcon_core.package_identification:_identify(/home/jongo/ros2_ws/src) by extensions ['cmake', 'python']
[15.221s] Level 1:colcon.colcon_core.package_identification:_identify(/home/jongo/ros2_ws/src) by extension 'cmake'
[15.221s] Level 1:colcon.colcon_core.package_identification:_identify(/home/jongo/ros2_ws/src) by extension 'python'
[15.221s] Level 1:colcon.colcon_core.package_identification:_identify(/home/jongo/ros2_ws/src) by extensions ['python_setup_py']
[15.222s] Level 1:colcon.colcon_core.package_identification:_identify(/home/jongo/ros2_ws/src) by extension 'python_setup_py'
[15.223s] Level 1:colcon.colcon_core.package_identification:_identify(/home/jongo/ros2_ws/src/damin_robot1) by extensions ['ignore', 'ignore_ament_install']
[15.224s] Level 1:colcon.colcon_core.package_identification:_identify(/home/jongo/ros2_ws/src/damin_robot1) by extension 'ignore'
[15.224s] Level 1:colcon.colcon_core.package_identification:_identify(/home/jongo/ros2_ws/src/damin_robot1) by extension 'ignore_ament_install'
[15.225s] Level 1:colcon.colcon_core.package_identification:_identify(/home/jongo/ros2_ws/src/damin_robot1) by extensions ['colcon_pkg']
[15.226s] Level 1:colcon.colcon_core.package_identification:_identify(/home/jongo/ros2_ws/src/damin_robot1) by extension 'colcon_pkg'
[15.226s] Level 1:colcon.colcon_core.package_identification:_identify(/home/jongo/ros2_ws/src/damin_robot1) by extensions ['colcon_meta']
[15.226s] Level 1:colcon.colcon_core.package_identification:_identify(/home/jongo/ros2_ws/src/damin_robot1) by extension 'colcon_meta'
[15.227s] Level 1:colcon.colcon_core.package_identification:_identify(/home/jongo/ros2_ws/src/damin_robot1) by extensions ['ros']
[15.227s] Level 1:colcon.colcon_core.package_identification:_identify(/home/jongo/ros2_ws/src/damin_robot1) by extension 'ros'
[15.242s] DEBUG:colcon.colcon_core.package_identification:Package '/home/jongo/ros2_ws/src/damin_robot1' with type 'ros.ament_python' and name 'damin_robot1'
[15.242s] Level 1:colcon.colcon_core.package_discovery:discover_packages(recursive) using defaults
