[4.004s] Invoking command in '/home/jongo/ros2_ws/build/damin_robot1': PYTHONPATH=/home/jongo/ros2_ws/build/damin_robot1/prefix_override:/home/jongo/ros2_ws/install/damin_robot1/lib/python3.10/site-packages:${PYTHONPATH} /usr/bin/python3 setup.py develop --editable --build-directory /home/jongo/ros2_ws/build/damin_robot1/build --no-deps install_data
[5.224s] running develop
[5.969s] running egg_info
[5.971s] writing damin_robot1.egg-info/PKG-INFO
[5.972s] writing dependency_links to damin_robot1.egg-info/dependency_links.txt
[5.973s] writing entry points to damin_robot1.egg-info/entry_points.txt
[5.973s] writing requirements to damin_robot1.egg-info/requires.txt
[5.974s] writing top-level names to damin_robot1.egg-info/top_level.txt
[5.983s] reading manifest file 'damin_robot1.egg-info/SOURCES.txt'
[5.987s] writing manifest file 'damin_robot1.egg-info/SOURCES.txt'
[5.993s] running build_ext
[5.994s] Creating /home/jongo/ros2_ws/install/damin_robot1/lib/python3.10/site-packages/damin-robot1.egg-link (link to .)
[5.997s] Installing jongo_drawshape script to /home/jongo/ros2_ws/install/damin_robot1/lib/damin_robot1
[5.998s] Installing jongo_node1 script to /home/jongo/ros2_ws/install/damin_robot1/lib/damin_robot1
[5.999s] Installing jongo_node2 script to /home/jongo/ros2_ws/install/damin_robot1/lib/damin_robot1
[5.999s] Installing jongo_posesubs script to /home/jongo/ros2_ws/install/damin_robot1/lib/damin_robot1
[6.000s] Installing jongo_sudong script to /home/jongo/ros2_ws/install/damin_robot1/lib/damin_robot1
[6.001s] 
[6.002s] Installed /home/jongo/ros2_ws/build/damin_robot1
[6.002s] running install_data
[6.144s] Invoked command in '/home/jongo/ros2_ws/build/damin_robot1' returned '0': PYTHONPATH=/home/jongo/ros2_ws/build/damin_robot1/prefix_override:/home/jongo/ros2_ws/install/damin_robot1/lib/python3.10/site-packages:${PYTHONPATH} /usr/bin/python3 setup.py develop --editable --build-directory /home/jongo/ros2_ws/build/damin_robot1/build --no-deps install_data
