[4.339s] DEBUG:colcon:Command line arguments: ['/usr/bin/colcon', 'build', '--symlink-install']
[4.340s] DEBUG:colcon:Parsed command line arguments: Namespace(log_base=None, log_level=None, verb_name='build', build_base='build', install_base='install', merge_install=False, symlink_install=True, test_result_base=None, continue_on_error=False, executor='parallel', parallel_workers=4, event_handlers=None, ignore_user_meta=False, metas=['./colcon.meta'], base_paths=['.'], packages_ignore=None, packages_ignore_regex=None, paths=None, packages_up_to=None, packages_up_to_regex=None, packages_above=None, packages_above_and_dependencies=None, packages_above_depth=None, packages_select_by_dep=None, packages_skip_by_dep=None, packages_skip_up_to=None, packages_select_build_failed=False, packages_skip_build_finished=False, packages_select_test_failures=False, packages_skip_test_passed=False, packages_select=None, packages_skip=None, packages_select_regex=None, packages_skip_regex=None, packages_start=None, packages_end=None, allow_overriding=[], cmake_args=None, cmake_target=None, cmake_target_skip_unavailable=False, cmake_clean_cache=False, cmake_clean_first=False, cmake_force_configure=False, ament_cmake_args=None, catkin_cmake_args=None, catkin_skip_building_tests=False, verb_parser=<colcon_defaults.argument_parser.defaults.DefaultArgumentsDecorator object at 0xffff9236f1c0>, verb_extension=<colcon_core.verb.build.BuildVerb object at 0xffff926a6260>, main=<bound method BuildVerb.main of <colcon_core.verb.build.BuildVerb object at 0xffff926a6260>>)
[4.564s] Level 1:colcon.colcon_core.package_discovery:discover_packages(colcon_meta) check parameters
[4.564s] Level 1:colcon.colcon_core.package_discovery:discover_packages(recursive) check parameters
[4.564s] Level 1:colcon.colcon_core.package_discovery:discover_packages(ignore) check parameters
[4.565s] Level 1:colcon.colcon_core.package_discovery:discover_packages(path) check parameters
[4.565s] Level 1:colcon.colcon_core.package_discovery:discover_packages(colcon_meta) discover
[4.565s] Level 1:colcon.colcon_core.package_discovery:discover_packages(recursive) discover
[4.565s] INFO:colcon.colcon_core.package_discovery:Crawling recursively for packages in '/home/jongo/ros2_ws'
[4.566s] Level 1:colcon.colcon_core.package_identification:_identify(.) by extensions ['ignore', 'ignore_ament_install']
[4.566s] Level 1:colcon.colcon_core.package_identification:_identify(.) by extension 'ignore'
[4.566s] Level 1:colcon.colcon_core.package_identification:_identify(.) by extension 'ignore_ament_install'
[4.567s] Level 1:colcon.colcon_core.package_identification:_identify(.) by extensions ['colcon_pkg']
[4.567s] Level 1:colcon.colcon_core.package_identification:_identify(.) by extension 'colcon_pkg'
[4.567s] Level 1:colcon.colcon_core.package_identification:_identify(.) by extensions ['colcon_meta']
[4.567s] Level 1:colcon.colcon_core.package_identification:_identify(.) by extension 'colcon_meta'
[4.567s] Level 1:colcon.colcon_core.package_identification:_identify(.) by extensions ['ros']
[4.567s] Level 1:colcon.colcon_core.package_identification:_identify(.) by extension 'ros'
[4.614s] Level 1:colcon.colcon_core.package_identification:_identify(.) by extensions ['cmake', 'python']
[4.615s] Level 1:colcon.colcon_core.package_identification:_identify(.) by extension 'cmake'
[4.615s] Level 1:colcon.colcon_core.package_identification:_identify(.) by extension 'python'
[4.615s] Level 1:colcon.colcon_core.package_identification:_identify(.) by extensions ['python_setup_py']
[4.615s] Level 1:colcon.colcon_core.package_identification:_identify(.) by extension 'python_setup_py'
[4.616s] Level 1:colcon.colcon_core.package_identification:_identify(build) by extensions ['ignore', 'ignore_ament_install']
[4.616s] Level 1:colcon.colcon_core.package_identification:_identify(build) by extension 'ignore'
[4.616s] Level 1:colcon.colcon_core.package_identification:_identify(build) ignored
[4.617s] Level 1:colcon.colcon_core.package_identification:_identify(install) by extensions ['ignore', 'ignore_ament_install']
[4.617s] Level 1:colcon.colcon_core.package_identification:_identify(install) by extension 'ignore'
[4.618s] Level 1:colcon.colcon_core.package_identification:_identify(install) ignored
[4.618s] Level 1:colcon.colcon_core.package_identification:_identify(log) by extensions ['ignore', 'ignore_ament_install']
[4.619s] Level 1:colcon.colcon_core.package_identification:_identify(log) by extension 'ignore'
[4.619s] Level 1:colcon.colcon_core.package_identification:_identify(log) ignored
[4.619s] Level 1:colcon.colcon_core.package_identification:_identify(src) by extensions ['ignore', 'ignore_ament_install']
[4.620s] Level 1:colcon.colcon_core.package_identification:_identify(src) by extension 'ignore'
[4.620s] Level 1:colcon.colcon_core.package_identification:_identify(src) by extension 'ignore_ament_install'
[4.620s] Level 1:colcon.colcon_core.package_identification:_identify(src) by extensions ['colcon_pkg']
[4.620s] Level 1:colcon.colcon_core.package_identification:_identify(src) by extension 'colcon_pkg'
[4.621s] Level 1:colcon.colcon_core.package_identification:_identify(src) by extensions ['colcon_meta']
[4.621s] Level 1:colcon.colcon_core.package_identification:_identify(src) by extension 'colcon_meta'
[4.621s] Level 1:colcon.colcon_core.package_identification:_identify(src) by extensions ['ros']
[4.621s] Level 1:colcon.colcon_core.package_identification:_identify(src) by extension 'ros'
[4.621s] Level 1:colcon.colcon_core.package_identification:_identify(src) by extensions ['cmake', 'python']
[4.621s] Level 1:colcon.colcon_core.package_identification:_identify(src) by extension 'cmake'
[4.622s] Level 1:colcon.colcon_core.package_identification:_identify(src) by extension 'python'
[4.622s] Level 1:colcon.colcon_core.package_identification:_identify(src) by extensions ['python_setup_py']
[4.622s] Level 1:colcon.colcon_core.package_identification:_identify(src) by extension 'python_setup_py'
[4.622s] Level 1:colcon.colcon_core.package_identification:_identify(src/RPi_Ubuntu2204_3D_Depth_Camera) by extensions ['ignore', 'ignore_ament_install']
[4.623s] Level 1:colcon.colcon_core.package_identification:_identify(src/RPi_Ubuntu2204_3D_Depth_Camera) by extension 'ignore'
[4.623s] Level 1:colcon.colcon_core.package_identification:_identify(src/RPi_Ubuntu2204_3D_Depth_Camera) by extension 'ignore_ament_install'
[4.623s] Level 1:colcon.colcon_core.package_identification:_identify(src/RPi_Ubuntu2204_3D_Depth_Camera) by extensions ['colcon_pkg']
[4.624s] Level 1:colcon.colcon_core.package_identification:_identify(src/RPi_Ubuntu2204_3D_Depth_Camera) by extension 'colcon_pkg'
[4.624s] Level 1:colcon.colcon_core.package_identification:_identify(src/RPi_Ubuntu2204_3D_Depth_Camera) by extensions ['colcon_meta']
[4.624s] Level 1:colcon.colcon_core.package_identification:_identify(src/RPi_Ubuntu2204_3D_Depth_Camera) by extension 'colcon_meta'
[4.624s] Level 1:colcon.colcon_core.package_identification:_identify(src/RPi_Ubuntu2204_3D_Depth_Camera) by extensions ['ros']
[4.625s] Level 1:colcon.colcon_core.package_identification:_identify(src/RPi_Ubuntu2204_3D_Depth_Camera) by extension 'ros'
[4.625s] Level 1:colcon.colcon_core.package_identification:_identify(src/RPi_Ubuntu2204_3D_Depth_Camera) by extensions ['cmake', 'python']
[4.625s] Level 1:colcon.colcon_core.package_identification:_identify(src/RPi_Ubuntu2204_3D_Depth_Camera) by extension 'cmake'
[4.626s] Level 1:colcon.colcon_core.package_identification:_identify(src/RPi_Ubuntu2204_3D_Depth_Camera) by extension 'python'
[4.626s] Level 1:colcon.colcon_core.package_identification:_identify(src/RPi_Ubuntu2204_3D_Depth_Camera) by extensions ['python_setup_py']
[4.626s] Level 1:colcon.colcon_core.package_identification:_identify(src/RPi_Ubuntu2204_3D_Depth_Camera) by extension 'python_setup_py'
[4.627s] Level 1:colcon.colcon_core.package_identification:_identify(src/damin_robot1) by extensions ['ignore', 'ignore_ament_install']
[4.627s] Level 1:colcon.colcon_core.package_identification:_identify(src/damin_robot1) by extension 'ignore'
[4.627s] Level 1:colcon.colcon_core.package_identification:_identify(src/damin_robot1) by extension 'ignore_ament_install'
[4.627s] Level 1:colcon.colcon_core.package_identification:_identify(src/damin_robot1) by extensions ['colcon_pkg']
[4.628s] Level 1:colcon.colcon_core.package_identification:_identify(src/damin_robot1) by extension 'colcon_pkg'
[4.628s] Level 1:colcon.colcon_core.package_identification:_identify(src/damin_robot1) by extensions ['colcon_meta']
[4.628s] Level 1:colcon.colcon_core.package_identification:_identify(src/damin_robot1) by extension 'colcon_meta'
[4.628s] Level 1:colcon.colcon_core.package_identification:_identify(src/damin_robot1) by extensions ['ros']
[4.628s] Level 1:colcon.colcon_core.package_identification:_identify(src/damin_robot1) by extension 'ros'
[4.638s] DEBUG:colcon.colcon_core.package_identification:Package 'src/damin_robot1' with type 'ros.ament_python' and name 'damin_robot1'
[4.638s] Level 1:colcon.colcon_core.package_identification:_identify(src/ld06lidar_pkg) by extensions ['ignore', 'ignore_ament_install']
[4.639s] Level 1:colcon.colcon_core.package_identification:_identify(src/ld06lidar_pkg) by extension 'ignore'
[4.639s] Level 1:colcon.colcon_core.package_identification:_identify(src/ld06lidar_pkg) by extension 'ignore_ament_install'
[4.639s] Level 1:colcon.colcon_core.package_identification:_identify(src/ld06lidar_pkg) by extensions ['colcon_pkg']
[4.639s] Level 1:colcon.colcon_core.package_identification:_identify(src/ld06lidar_pkg) by extension 'colcon_pkg'
[4.640s] Level 1:colcon.colcon_core.package_identification:_identify(src/ld06lidar_pkg) by extensions ['colcon_meta']
[4.640s] Level 1:colcon.colcon_core.package_identification:_identify(src/ld06lidar_pkg) by extension 'colcon_meta'
[4.640s] Level 1:colcon.colcon_core.package_identification:_identify(src/ld06lidar_pkg) by extensions ['ros']
[4.640s] Level 1:colcon.colcon_core.package_identification:_identify(src/ld06lidar_pkg) by extension 'ros'
[4.642s] DEBUG:colcon.colcon_core.package_identification:Package 'src/ld06lidar_pkg' with type 'ros.ament_python' and name 'ld06lidar_pkg'
[4.643s] Level 1:colcon.colcon_core.package_discovery:discover_packages(recursive) using defaults
[4.643s] Level 1:colcon.colcon_core.package_discovery:discover_packages(ignore) discover
[4.643s] Level 1:colcon.colcon_core.package_discovery:discover_packages(ignore) using defaults
[4.643s] Level 1:colcon.colcon_core.package_discovery:discover_packages(path) discover
[4.643s] Level 1:colcon.colcon_core.package_discovery:discover_packages(path) using defaults
[5.070s] Level 1:colcon.colcon_core.package_discovery:discover_packages(prefix_path) check parameters
[5.071s] Level 1:colcon.colcon_core.package_discovery:discover_packages(prefix_path) discover
[5.244s] DEBUG:colcon.colcon_installed_package_information.package_discovery:Found 2 installed packages in /home/jongo/ros2_ws/install
[5.305s] DEBUG:colcon.colcon_installed_package_information.package_discovery:Found 1 installed packages in /home/jongo/lidar_depthcam_ws/install
[5.375s] DEBUG:colcon.colcon_installed_package_information.package_discovery:Found 273 installed packages in /opt/ros/humble
[5.380s] Level 1:colcon.colcon_core.package_discovery:discover_packages(prefix_path) using defaults
[5.778s] Level 5:colcon.colcon_core.verb:set package 'damin_robot1' build argument 'cmake_args' from command line to 'None'
[5.778s] Level 5:colcon.colcon_core.verb:set package 'damin_robot1' build argument 'cmake_target' from command line to 'None'
[5.778s] Level 5:colcon.colcon_core.verb:set package 'damin_robot1' build argument 'cmake_target_skip_unavailable' from command line to 'False'
[5.779s] Level 5:colcon.colcon_core.verb:set package 'damin_robot1' build argument 'cmake_clean_cache' from command line to 'False'
[5.779s] Level 5:colcon.colcon_core.verb:set package 'damin_robot1' build argument 'cmake_clean_first' from command line to 'False'
[5.779s] Level 5:colcon.colcon_core.verb:set package 'damin_robot1' build argument 'cmake_force_configure' from command line to 'False'
[5.779s] Level 5:colcon.colcon_core.verb:set package 'damin_robot1' build argument 'ament_cmake_args' from command line to 'None'
[5.779s] Level 5:colcon.colcon_core.verb:set package 'damin_robot1' build argument 'catkin_cmake_args' from command line to 'None'
[5.779s] Level 5:colcon.colcon_core.verb:set package 'damin_robot1' build argument 'catkin_skip_building_tests' from command line to 'False'
[5.779s] DEBUG:colcon.colcon_core.verb:Building package 'damin_robot1' with the following arguments: {'ament_cmake_args': None, 'build_base': '/home/jongo/ros2_ws/build/damin_robot1', 'catkin_cmake_args': None, 'catkin_skip_building_tests': False, 'cmake_args': None, 'cmake_clean_cache': False, 'cmake_clean_first': False, 'cmake_force_configure': False, 'cmake_target': None, 'cmake_target_skip_unavailable': False, 'install_base': '/home/jongo/ros2_ws/install/damin_robot1', 'merge_install': False, 'path': '/home/jongo/ros2_ws/src/damin_robot1', 'symlink_install': True, 'test_result_base': None}
[5.839s] Level 5:colcon.colcon_core.verb:set package 'ld06lidar_pkg' build argument 'cmake_args' from command line to 'None'
[5.840s] Level 5:colcon.colcon_core.verb:set package 'ld06lidar_pkg' build argument 'cmake_target' from command line to 'None'
[5.840s] Level 5:colcon.colcon_core.verb:set package 'ld06lidar_pkg' build argument 'cmake_target_skip_unavailable' from command line to 'False'
[5.840s] Level 5:colcon.colcon_core.verb:set package 'ld06lidar_pkg' build argument 'cmake_clean_cache' from command line to 'False'
[5.840s] Level 5:colcon.colcon_core.verb:set package 'ld06lidar_pkg' build argument 'cmake_clean_first' from command line to 'False'
[5.840s] Level 5:colcon.colcon_core.verb:set package 'ld06lidar_pkg' build argument 'cmake_force_configure' from command line to 'False'
[5.840s] Level 5:colcon.colcon_core.verb:set package 'ld06lidar_pkg' build argument 'ament_cmake_args' from command line to 'None'
[5.840s] Level 5:colcon.colcon_core.verb:set package 'ld06lidar_pkg' build argument 'catkin_cmake_args' from command line to 'None'
[5.841s] Level 5:colcon.colcon_core.verb:set package 'ld06lidar_pkg' build argument 'catkin_skip_building_tests' from command line to 'False'
[5.841s] DEBUG:colcon.colcon_core.verb:Building package 'ld06lidar_pkg' with the following arguments: {'ament_cmake_args': None, 'build_base': '/home/jongo/ros2_ws/build/ld06lidar_pkg', 'catkin_cmake_args': None, 'catkin_skip_building_tests': False, 'cmake_args': None, 'cmake_clean_cache': False, 'cmake_clean_first': False, 'cmake_force_configure': False, 'cmake_target': None, 'cmake_target_skip_unavailable': False, 'install_base': '/home/jongo/ros2_ws/install/ld06lidar_pkg', 'merge_install': False, 'path': '/home/jongo/ros2_ws/src/ld06lidar_pkg', 'symlink_install': True, 'test_result_base': None}
[5.899s] INFO:colcon.colcon_core.executor:Executing jobs using 'parallel' executor
[5.966s] DEBUG:colcon.colcon_parallel_executor.executor.parallel:run_until_complete
[5.967s] INFO:colcon.colcon_ros.task.ament_python.build:Building ROS package in '/home/jongo/ros2_ws/src/damin_robot1' with build type 'ament_python'
[5.967s] Level 1:colcon.colcon_core.shell:create_environment_hook('damin_robot1', 'ament_prefix_path')
[6.040s] INFO:colcon.colcon_core.plugin_system:Skipping extension 'colcon_core.shell.bat': Not used on non-Windows systems
[6.041s] INFO:colcon.colcon_core.shell:Creating environment hook '/home/jongo/ros2_ws/install/damin_robot1/share/damin_robot1/hook/ament_prefix_path.ps1'
[6.044s] INFO:colcon.colcon_core.shell:Creating environment descriptor '/home/jongo/ros2_ws/install/damin_robot1/share/damin_robot1/hook/ament_prefix_path.dsv'
[6.046s] INFO:colcon.colcon_core.shell:Creating environment hook '/home/jongo/ros2_ws/install/damin_robot1/share/damin_robot1/hook/ament_prefix_path.sh'
[6.112s] INFO:colcon.colcon_core.shell:Skip shell extension 'powershell' for command environment: Not usable outside of PowerShell
[6.112s] DEBUG:colcon.colcon_core.shell:Skip shell extension 'dsv' for command environment
[6.388s] INFO:colcon.colcon_ros.task.ament_python.build:Building ROS package in '/home/jongo/ros2_ws/src/ld06lidar_pkg' with build type 'ament_python'
[6.388s] Level 1:colcon.colcon_core.shell:create_environment_hook('ld06lidar_pkg', 'ament_prefix_path')
[6.456s] INFO:colcon.colcon_core.shell:Creating environment hook '/home/jongo/ros2_ws/install/ld06lidar_pkg/share/ld06lidar_pkg/hook/ament_prefix_path.ps1'
[6.458s] INFO:colcon.colcon_core.shell:Creating environment descriptor '/home/jongo/ros2_ws/install/ld06lidar_pkg/share/ld06lidar_pkg/hook/ament_prefix_path.dsv'
[6.460s] INFO:colcon.colcon_core.shell:Creating environment hook '/home/jongo/ros2_ws/install/ld06lidar_pkg/share/ld06lidar_pkg/hook/ament_prefix_path.sh'
[6.531s] INFO:colcon.colcon_core.shell:Skip shell extension 'powershell' for command environment: Not usable outside of PowerShell
[6.531s] DEBUG:colcon.colcon_core.shell:Skip shell extension 'dsv' for command environment
[8.224s] INFO:colcon.colcon_core.task.python.build:Building Python package in '/home/jongo/ros2_ws/src/damin_robot1'
[8.287s] INFO:colcon.colcon_core.shell:Skip shell extension 'powershell' for command environment: Not usable outside of PowerShell
[8.287s] DEBUG:colcon.colcon_core.shell:Skip shell extension 'dsv' for command environment
[9.871s] INFO:colcon.colcon_core.task.python.build:Building Python package in '/home/jongo/ros2_ws/src/ld06lidar_pkg'
[9.938s] INFO:colcon.colcon_core.shell:Skip shell extension 'powershell' for command environment: Not usable outside of PowerShell
[9.938s] DEBUG:colcon.colcon_core.shell:Skip shell extension 'dsv' for command environment
[12.166s] DEBUG:colcon.colcon_core.event_handler.log_command:Invoking command in '/home/jongo/ros2_ws/build/ld06lidar_pkg': PYTHONPATH=/home/jongo/ros2_ws/build/ld06lidar_pkg/prefix_override:/home/jongo/ros2_ws/install/ld06lidar_pkg/lib/python3.10/site-packages:${PYTHONPATH} /usr/bin/python3 setup.py develop --editable --build-directory /home/jongo/ros2_ws/build/ld06lidar_pkg/build --no-deps install_data
[12.221s] DEBUG:colcon.colcon_core.event_handler.log_command:Invoking command in '/home/jongo/ros2_ws/build/damin_robot1': PYTHONPATH=/home/jongo/ros2_ws/build/damin_robot1/prefix_override:/home/jongo/ros2_ws/install/damin_robot1/lib/python3.10/site-packages:${PYTHONPATH} /usr/bin/python3 setup.py develop --editable --build-directory /home/jongo/ros2_ws/build/damin_robot1/build --no-deps install_data
[14.661s] Level 1:colcon.colcon_core.shell:create_environment_hook('ld06lidar_pkg', 'pythonpath_develop')
[14.663s] DEBUG:colcon.colcon_core.event_handler.log_command:Invoked command in '/home/jongo/ros2_ws/build/ld06lidar_pkg' returned '0': PYTHONPATH=/home/jongo/ros2_ws/build/ld06lidar_pkg/prefix_override:/home/jongo/ros2_ws/install/ld06lidar_pkg/lib/python3.10/site-packages:${PYTHONPATH} /usr/bin/python3 setup.py develop --editable --build-directory /home/jongo/ros2_ws/build/ld06lidar_pkg/build --no-deps install_data
[14.807s] INFO:colcon.colcon_core.shell:Creating environment hook '/home/jongo/ros2_ws/build/ld06lidar_pkg/share/ld06lidar_pkg/hook/pythonpath_develop.ps1'
[14.811s] INFO:colcon.colcon_core.shell:Creating environment descriptor '/home/jongo/ros2_ws/build/ld06lidar_pkg/share/ld06lidar_pkg/hook/pythonpath_develop.dsv'
[14.814s] INFO:colcon.colcon_core.shell:Creating environment hook '/home/jongo/ros2_ws/build/ld06lidar_pkg/share/ld06lidar_pkg/hook/pythonpath_develop.sh'
[14.937s] Level 1:colcon.colcon_core.environment:checking '/home/jongo/ros2_ws/install/ld06lidar_pkg' for CMake module files
[14.939s] Level 1:colcon.colcon_core.environment:checking '/home/jongo/ros2_ws/install/ld06lidar_pkg' for CMake config files
[14.942s] Level 1:colcon.colcon_core.environment:checking '/home/jongo/ros2_ws/install/ld06lidar_pkg/lib'
[14.943s] Level 1:colcon.colcon_core.environment:checking '/home/jongo/ros2_ws/install/ld06lidar_pkg/bin'
[14.944s] Level 1:colcon.colcon_core.environment:checking '/home/jongo/ros2_ws/install/ld06lidar_pkg/lib/pkgconfig/ld06lidar_pkg.pc'
[14.945s] Level 1:colcon.colcon_core.environment:checking '/home/jongo/ros2_ws/install/ld06lidar_pkg/lib/python3.10/site-packages'
[14.945s] Level 1:colcon.colcon_core.shell:create_environment_hook('ld06lidar_pkg', 'pythonpath')
[15.011s] INFO:colcon.colcon_core.shell:Creating environment hook '/home/jongo/ros2_ws/install/ld06lidar_pkg/share/ld06lidar_pkg/hook/pythonpath.ps1'
[15.014s] INFO:colcon.colcon_core.shell:Creating environment descriptor '/home/jongo/ros2_ws/install/ld06lidar_pkg/share/ld06lidar_pkg/hook/pythonpath.dsv'
[15.015s] INFO:colcon.colcon_core.shell:Creating environment hook '/home/jongo/ros2_ws/install/ld06lidar_pkg/share/ld06lidar_pkg/hook/pythonpath.sh'
[15.018s] Level 1:colcon.colcon_core.environment:checking '/home/jongo/ros2_ws/install/ld06lidar_pkg/bin'
[15.018s] Level 1:colcon.colcon_core.environment:create_environment_scripts_only(ld06lidar_pkg)
[15.079s] INFO:colcon.colcon_core.shell:Creating package script '/home/jongo/ros2_ws/install/ld06lidar_pkg/share/ld06lidar_pkg/package.ps1'
[15.083s] INFO:colcon.colcon_core.shell:Creating package descriptor '/home/jongo/ros2_ws/install/ld06lidar_pkg/share/ld06lidar_pkg/package.dsv'
[15.086s] INFO:colcon.colcon_core.shell:Creating package script '/home/jongo/ros2_ws/install/ld06lidar_pkg/share/ld06lidar_pkg/package.sh'
[15.090s] INFO:colcon.colcon_core.shell:Creating package script '/home/jongo/ros2_ws/install/ld06lidar_pkg/share/ld06lidar_pkg/package.bash'
[15.094s] INFO:colcon.colcon_core.shell:Creating package script '/home/jongo/ros2_ws/install/ld06lidar_pkg/share/ld06lidar_pkg/package.zsh'
[15.096s] Level 1:colcon.colcon_core.environment:create_file_with_runtime_dependencies(/home/jongo/ros2_ws/install/ld06lidar_pkg/share/colcon-core/packages/ld06lidar_pkg)
[15.100s] Level 1:colcon.colcon_core.shell:create_environment_hook('damin_robot1', 'pythonpath_develop')
[15.104s] DEBUG:colcon.colcon_core.event_handler.log_command:Invoked command in '/home/jongo/ros2_ws/build/damin_robot1' returned '0': PYTHONPATH=/home/jongo/ros2_ws/build/damin_robot1/prefix_override:/home/jongo/ros2_ws/install/damin_robot1/lib/python3.10/site-packages:${PYTHONPATH} /usr/bin/python3 setup.py develop --editable --build-directory /home/jongo/ros2_ws/build/damin_robot1/build --no-deps install_data
[15.168s] INFO:colcon.colcon_core.shell:Creating environment hook '/home/jongo/ros2_ws/build/damin_robot1/share/damin_robot1/hook/pythonpath_develop.ps1'
[15.171s] INFO:colcon.colcon_core.shell:Creating environment descriptor '/home/jongo/ros2_ws/build/damin_robot1/share/damin_robot1/hook/pythonpath_develop.dsv'
[15.173s] INFO:colcon.colcon_core.shell:Creating environment hook '/home/jongo/ros2_ws/build/damin_robot1/share/damin_robot1/hook/pythonpath_develop.sh'
[15.247s] Level 1:colcon.colcon_core.environment:checking '/home/jongo/ros2_ws/install/damin_robot1' for CMake module files
[15.250s] Level 1:colcon.colcon_core.environment:checking '/home/jongo/ros2_ws/install/damin_robot1' for CMake config files
[15.253s] Level 1:colcon.colcon_core.environment:checking '/home/jongo/ros2_ws/install/damin_robot1/lib'
[15.253s] Level 1:colcon.colcon_core.environment:checking '/home/jongo/ros2_ws/install/damin_robot1/bin'
[15.254s] Level 1:colcon.colcon_core.environment:checking '/home/jongo/ros2_ws/install/damin_robot1/lib/pkgconfig/damin_robot1.pc'
[15.255s] Level 1:colcon.colcon_core.environment:checking '/home/jongo/ros2_ws/install/damin_robot1/lib/python3.10/site-packages'
[15.255s] Level 1:colcon.colcon_core.shell:create_environment_hook('damin_robot1', 'pythonpath')
[15.319s] INFO:colcon.colcon_core.shell:Creating environment hook '/home/jongo/ros2_ws/install/damin_robot1/share/damin_robot1/hook/pythonpath.ps1'
[15.321s] INFO:colcon.colcon_core.shell:Creating environment descriptor '/home/jongo/ros2_ws/install/damin_robot1/share/damin_robot1/hook/pythonpath.dsv'
[15.323s] INFO:colcon.colcon_core.shell:Creating environment hook '/home/jongo/ros2_ws/install/damin_robot1/share/damin_robot1/hook/pythonpath.sh'
[15.325s] Level 1:colcon.colcon_core.environment:checking '/home/jongo/ros2_ws/install/damin_robot1/bin'
[15.326s] Level 1:colcon.colcon_core.environment:create_environment_scripts_only(damin_robot1)
[15.393s] INFO:colcon.colcon_core.shell:Creating package script '/home/jongo/ros2_ws/install/damin_robot1/share/damin_robot1/package.ps1'
[15.396s] INFO:colcon.colcon_core.shell:Creating package descriptor '/home/jongo/ros2_ws/install/damin_robot1/share/damin_robot1/package.dsv'
[15.399s] INFO:colcon.colcon_core.shell:Creating package script '/home/jongo/ros2_ws/install/damin_robot1/share/damin_robot1/package.sh'
[15.402s] INFO:colcon.colcon_core.shell:Creating package script '/home/jongo/ros2_ws/install/damin_robot1/share/damin_robot1/package.bash'
[15.404s] INFO:colcon.colcon_core.shell:Creating package script '/home/jongo/ros2_ws/install/damin_robot1/share/damin_robot1/package.zsh'
[15.405s] Level 1:colcon.colcon_core.environment:create_file_with_runtime_dependencies(/home/jongo/ros2_ws/install/damin_robot1/share/colcon-core/packages/damin_robot1)
[15.407s] DEBUG:colcon.colcon_parallel_executor.executor.parallel:closing loop
[15.408s] DEBUG:colcon.colcon_parallel_executor.executor.parallel:loop closed
[15.409s] DEBUG:colcon.colcon_parallel_executor.executor.parallel:run_until_complete finished with '0'
[15.409s] DEBUG:colcon.colcon_core.event_reactor:joining thread
[15.493s] INFO:colcon.colcon_core.plugin_system:Skipping extension 'colcon_notification.desktop_notification.notify_send': Could not find 'notify-send'
[15.494s] INFO:colcon.colcon_core.plugin_system:Skipping extension 'colcon_notification.desktop_notification.terminal_notifier': Not used on non-Darwin systems
[15.494s] INFO:colcon.colcon_core.plugin_system:Skipping extension 'colcon_notification.desktop_notification.win32': Not used on non-Windows systems
[15.494s] INFO:colcon.colcon_notification.desktop_notification:Sending desktop notification using 'notify2'
[15.497s] DEBUG:colcon.colcon_notification.desktop_notification.notify2:Failed to initialize notify2: org.freedesktop.DBus.Error.ServiceUnknown: The name org.freedesktop.Notifications was not provided by any .service files
[15.498s] DEBUG:colcon.colcon_core.event_reactor:joined thread
[15.575s] INFO:colcon.colcon_core.shell:Creating prefix script '/home/jongo/ros2_ws/install/local_setup.ps1'
[15.579s] INFO:colcon.colcon_core.shell:Creating prefix util module '/home/jongo/ros2_ws/install/_local_setup_util_ps1.py'
[15.586s] INFO:colcon.colcon_core.shell:Creating prefix chain script '/home/jongo/ros2_ws/install/setup.ps1'
[15.667s] INFO:colcon.colcon_core.shell:Creating prefix script '/home/jongo/ros2_ws/install/local_setup.sh'
[15.669s] INFO:colcon.colcon_core.shell:Creating prefix util module '/home/jongo/ros2_ws/install/_local_setup_util_sh.py'
[15.672s] INFO:colcon.colcon_core.shell:Creating prefix chain script '/home/jongo/ros2_ws/install/setup.sh'
[15.739s] INFO:colcon.colcon_core.shell:Creating prefix script '/home/jongo/ros2_ws/install/local_setup.bash'
[15.742s] INFO:colcon.colcon_core.shell:Creating prefix chain script '/home/jongo/ros2_ws/install/setup.bash'
[15.810s] INFO:colcon.colcon_core.shell:Creating prefix script '/home/jongo/ros2_ws/install/local_setup.zsh'
[15.812s] INFO:colcon.colcon_core.shell:Creating prefix chain script '/home/jongo/ros2_ws/install/setup.zsh'
