[11.228s] DEBUG:colcon:Command line arguments: ['/usr/bin/colcon', 'list', '-p', '--base-paths', '/home/jongo/ros2_ws']
[11.229s] DEBUG:colcon:Parsed command line arguments: Namespace(log_base=None, log_level=None, verb_name='list', build_base='build', ignore_user_meta=False, metas=['./colcon.meta'], base_paths=['/home/jongo/ros2_ws'], packages_ignore=None, packages_ignore_regex=None, paths=None, packages_up_to=None, packages_up_to_regex=None, packages_above=None, packages_above_and_dependencies=None, packages_above_depth=None, packages_select_by_dep=None, packages_skip_by_dep=None, packages_skip_up_to=None, packages_select_build_failed=False, packages_skip_build_finished=False, packages_select_test_failures=False, packages_skip_test_passed=False, packages_select=None, packages_skip=None, packages_select_regex=None, packages_skip_regex=None, packages_start=None, packages_end=None, allow_overriding=[], topological_order=False, names_only=False, paths_only=True, topological_graph=False, topological_graph_dot=False, topological_graph_density=False, topological_graph_legend=False, topological_graph_dot_cluster=False, topological_graph_dot_include_skipped=False, verb_parser=<colcon_defaults.argument_parser.defaults.DefaultArgumentsDecorator object at 0xffffa594bfa0>, verb_extension=<colcon_package_information.verb.list.ListVerb object at 0xffffa59119c0>, main=<bound method ListVerb.main of <colcon_package_information.verb.list.ListVerb object at 0xffffa59119c0>>)
[11.661s] Level 1:colcon.colcon_core.package_discovery:discover_packages(colcon_meta) check parameters
[11.661s] Level 1:colcon.colcon_core.package_discovery:discover_packages(recursive) check parameters
[11.662s] Level 1:colcon.colcon_core.package_discovery:discover_packages(ignore) check parameters
[11.662s] Level 1:colcon.colcon_core.package_discovery:discover_packages(path) check parameters
[11.662s] Level 1:colcon.colcon_core.package_discovery:discover_packages(recursive) discover
[11.663s] INFO:colcon.colcon_core.package_discovery:Crawling recursively for packages in '/home/jongo/ros2_ws'
[11.664s] Level 1:colcon.colcon_core.package_identification:_identify(/home/jongo/ros2_ws) by extensions ['ignore', 'ignore_ament_install']
[11.664s] Level 1:colcon.colcon_core.package_identification:_identify(/home/jongo/ros2_ws) by extension 'ignore'
[11.665s] Level 1:colcon.colcon_core.package_identification:_identify(/home/jongo/ros2_ws) by extension 'ignore_ament_install'
[11.666s] Level 1:colcon.colcon_core.package_identification:_identify(/home/jongo/ros2_ws) by extensions ['colcon_pkg']
[11.666s] Level 1:colcon.colcon_core.package_identification:_identify(/home/jongo/ros2_ws) by extension 'colcon_pkg'
[11.666s] Level 1:colcon.colcon_core.package_identification:_identify(/home/jongo/ros2_ws) by extensions ['colcon_meta']
[11.667s] Level 1:colcon.colcon_core.package_identification:_identify(/home/jongo/ros2_ws) by extension 'colcon_meta'
[11.667s] Level 1:colcon.colcon_core.package_identification:_identify(/home/jongo/ros2_ws) by extensions ['ros']
[11.668s] Level 1:colcon.colcon_core.package_identification:_identify(/home/jongo/ros2_ws) by extension 'ros'
[11.736s] Level 1:colcon.colcon_core.package_identification:_identify(/home/jongo/ros2_ws) by extensions ['cmake', 'python']
[11.737s] Level 1:colcon.colcon_core.package_identification:_identify(/home/jongo/ros2_ws) by extension 'cmake'
[11.737s] Level 1:colcon.colcon_core.package_identification:_identify(/home/jongo/ros2_ws) by extension 'python'
[11.738s] Level 1:colcon.colcon_core.package_identification:_identify(/home/jongo/ros2_ws) by extensions ['python_setup_py']
[11.738s] Level 1:colcon.colcon_core.package_identification:_identify(/home/jongo/ros2_ws) by extension 'python_setup_py'
[11.739s] Level 1:colcon.colcon_core.package_identification:_identify(/home/jongo/ros2_ws/build) by extensions ['ignore', 'ignore_ament_install']
[11.740s] Level 1:colcon.colcon_core.package_identification:_identify(/home/jongo/ros2_ws/build) by extension 'ignore'
[11.740s] Level 1:colcon.colcon_core.package_identification:_identify(/home/jongo/ros2_ws/build) ignored
[11.742s] Level 1:colcon.colcon_core.package_identification:_identify(/home/jongo/ros2_ws/install) by extensions ['ignore', 'ignore_ament_install']
[11.742s] Level 1:colcon.colcon_core.package_identification:_identify(/home/jongo/ros2_ws/install) by extension 'ignore'
[11.743s] Level 1:colcon.colcon_core.package_identification:_identify(/home/jongo/ros2_ws/install) ignored
[11.744s] Level 1:colcon.colcon_core.package_identification:_identify(/home/jongo/ros2_ws/log) by extensions ['ignore', 'ignore_ament_install']
[11.745s] Level 1:colcon.colcon_core.package_identification:_identify(/home/jongo/ros2_ws/log) by extension 'ignore'
[11.746s] Level 1:colcon.colcon_core.package_identification:_identify(/home/jongo/ros2_ws/log) ignored
[11.747s] Level 1:colcon.colcon_core.package_identification:_identify(/home/jongo/ros2_ws/src) by extensions ['ignore', 'ignore_ament_install']
[11.748s] Level 1:colcon.colcon_core.package_identification:_identify(/home/jongo/ros2_ws/src) by extension 'ignore'
[11.750s] Level 1:colcon.colcon_core.package_identification:_identify(/home/jongo/ros2_ws/src) by extension 'ignore_ament_install'
[11.750s] Level 1:colcon.colcon_core.package_identification:_identify(/home/jongo/ros2_ws/src) by extensions ['colcon_pkg']
[11.751s] Level 1:colcon.colcon_core.package_identification:_identify(/home/jongo/ros2_ws/src) by extension 'colcon_pkg'
[11.752s] Level 1:colcon.colcon_core.package_identification:_identify(/home/jongo/ros2_ws/src) by extensions ['colcon_meta']
[11.753s] Level 1:colcon.colcon_core.package_identification:_identify(/home/jongo/ros2_ws/src) by extension 'colcon_meta'
[11.754s] Level 1:colcon.colcon_core.package_identification:_identify(/home/jongo/ros2_ws/src) by extensions ['ros']
[11.754s] Level 1:colcon.colcon_core.package_identification:_identify(/home/jongo/ros2_ws/src) by extension 'ros'
[11.755s] Level 1:colcon.colcon_core.package_identification:_identify(/home/jongo/ros2_ws/src) by extensions ['cmake', 'python']
[11.755s] Level 1:colcon.colcon_core.package_identification:_identify(/home/jongo/ros2_ws/src) by extension 'cmake'
[11.756s] Level 1:colcon.colcon_core.package_identification:_identify(/home/jongo/ros2_ws/src) by extension 'python'
[11.757s] Level 1:colcon.colcon_core.package_identification:_identify(/home/jongo/ros2_ws/src) by extensions ['python_setup_py']
[11.758s] Level 1:colcon.colcon_core.package_identification:_identify(/home/jongo/ros2_ws/src) by extension 'python_setup_py'
[11.761s] Level 1:colcon.colcon_core.package_identification:_identify(/home/jongo/ros2_ws/src/damin_robot1) by extensions ['ignore', 'ignore_ament_install']
[11.762s] Level 1:colcon.colcon_core.package_identification:_identify(/home/jongo/ros2_ws/src/damin_robot1) by extension 'ignore'
[11.762s] Level 1:colcon.colcon_core.package_identification:_identify(/home/jongo/ros2_ws/src/damin_robot1) by extension 'ignore_ament_install'
[11.763s] Level 1:colcon.colcon_core.package_identification:_identify(/home/jongo/ros2_ws/src/damin_robot1) by extensions ['colcon_pkg']
[11.763s] Level 1:colcon.colcon_core.package_identification:_identify(/home/jongo/ros2_ws/src/damin_robot1) by extension 'colcon_pkg'
[11.764s] Level 1:colcon.colcon_core.package_identification:_identify(/home/jongo/ros2_ws/src/damin_robot1) by extensions ['colcon_meta']
[11.764s] Level 1:colcon.colcon_core.package_identification:_identify(/home/jongo/ros2_ws/src/damin_robot1) by extension 'colcon_meta'
[11.765s] Level 1:colcon.colcon_core.package_identification:_identify(/home/jongo/ros2_ws/src/damin_robot1) by extensions ['ros']
[11.765s] Level 1:colcon.colcon_core.package_identification:_identify(/home/jongo/ros2_ws/src/damin_robot1) by extension 'ros'
[11.780s] DEBUG:colcon.colcon_core.package_identification:Package '/home/jongo/ros2_ws/src/damin_robot1' with type 'ros.ament_python' and name 'damin_robot1'
[11.780s] Level 1:colcon.colcon_core.package_discovery:discover_packages(recursive) using defaults
