[6.252s] Invoking command in '/home/jongo/ros2_ws/build/damin_robot1': PYTHONPATH=/home/jongo/ros2_ws/build/damin_robot1/prefix_override:/home/jongo/ros2_ws/install/damin_robot1/lib/python3.10/site-packages:${PYTHONPATH} /usr/bin/python3 setup.py develop --editable --build-directory /home/jongo/ros2_ws/build/damin_robot1/build --no-deps install_data
[7.724s] running develop
[8.732s] running egg_info
[8.733s] writing damin_robot1.egg-info/PKG-INFO
[8.734s] writing dependency_links to damin_robot1.egg-info/dependency_links.txt
[8.734s] writing entry points to damin_robot1.egg-info/entry_points.txt
[8.735s] writing requirements to damin_robot1.egg-info/requires.txt
[8.735s] writing top-level names to damin_robot1.egg-info/top_level.txt
[8.742s] reading manifest file 'damin_robot1.egg-info/SOURCES.txt'
[8.747s] writing manifest file 'damin_robot1.egg-info/SOURCES.txt'
[8.753s] running build_ext
[8.754s] Creating /home/jongo/ros2_ws/install/damin_robot1/lib/python3.10/site-packages/damin-robot1.egg-link (link to .)
[8.758s] Installing jongo_drawshape script to /home/jongo/ros2_ws/install/damin_robot1/lib/damin_robot1
[8.759s] Installing jongo_node1 script to /home/jongo/ros2_ws/install/damin_robot1/lib/damin_robot1
[8.760s] Installing jongo_node2 script to /home/jongo/ros2_ws/install/damin_robot1/lib/damin_robot1
[8.762s] Installing jongo_posesubs script to /home/jongo/ros2_ws/install/damin_robot1/lib/damin_robot1
[8.765s] Installing jongo_sudong script to /home/jongo/ros2_ws/install/damin_robot1/lib/damin_robot1
[8.769s] 
[8.773s] Installed /home/jongo/ros2_ws/build/damin_robot1
[8.775s] running install_data
[9.135s] Invoked command in '/home/jongo/ros2_ws/build/damin_robot1' returned '0': PYTHONPATH=/home/jongo/ros2_ws/build/damin_robot1/prefix_override:/home/jongo/ros2_ws/install/damin_robot1/lib/python3.10/site-packages:${PYTHONPATH} /usr/bin/python3 setup.py develop --editable --build-directory /home/jongo/ros2_ws/build/damin_robot1/build --no-deps install_data
