[7.065s] Invoking command in '/home/jongo/ros2_ws/build/ld06lidar_pkg': PYTHONPATH=/home/jongo/ros2_ws/build/ld06lidar_pkg/prefix_override:/home/jongo/ros2_ws/install/ld06lidar_pkg/lib/python3.10/site-packages:${PYTHONPATH} /usr/bin/python3 -W ignore:setup.py install is deprecated setup.py develop --editable --build-directory /home/jongo/ros2_ws/build/ld06lidar_pkg/build --no-deps symlink_data --force
[9.171s] running develop
[10.589s] running egg_info
[10.590s] writing ld06lidar_pkg.egg-info/PKG-INFO
[10.592s] writing dependency_links to ld06lidar_pkg.egg-info/dependency_links.txt
[10.594s] writing entry points to ld06lidar_pkg.egg-info/entry_points.txt
[10.597s] writing requirements to ld06lidar_pkg.egg-info/requires.txt
[10.598s] writing top-level names to ld06lidar_pkg.egg-info/top_level.txt
[10.614s] reading manifest file 'ld06lidar_pkg.egg-info/SOURCES.txt'
[10.625s] writing manifest file 'ld06lidar_pkg.egg-info/SOURCES.txt'
[10.636s] running build_ext
[10.638s] Creating /home/jongo/ros2_ws/install/ld06lidar_pkg/lib/python3.10/site-packages/ld06lidar-pkg.egg-link (link to .)
[10.642s] Installing lidar_pub_node script to /home/jongo/ros2_ws/install/ld06lidar_pkg/lib/ld06lidar_pkg
[10.644s] Installing lidar_subs_node script to /home/jongo/ros2_ws/install/ld06lidar_pkg/lib/ld06lidar_pkg
[10.647s] 
[10.648s] Installed /home/jongo/ros2_ws/build/ld06lidar_pkg
[10.650s] running symlink_data
[10.651s] symbolically linking /home/jongo/ros2_ws/build/ld06lidar_pkg/resource/ld06lidar_pkg -> /home/jongo/ros2_ws/install/ld06lidar_pkg/share/ament_index/resource_index/packages
[10.659s] symbolically linking /home/jongo/ros2_ws/build/ld06lidar_pkg/package.xml -> /home/jongo/ros2_ws/install/ld06lidar_pkg/share/ld06lidar_pkg
[10.862s] Invoked command in '/home/jongo/ros2_ws/build/ld06lidar_pkg' returned '0': PYTHONPATH=/home/jongo/ros2_ws/build/ld06lidar_pkg/prefix_override:/home/jongo/ros2_ws/install/ld06lidar_pkg/lib/python3.10/site-packages:${PYTHONPATH} /usr/bin/python3 -W ignore:setup.py install is deprecated setup.py develop --editable --build-directory /home/jongo/ros2_ws/build/ld06lidar_pkg/build --no-deps symlink_data --force
